<?xml version="1.0" encoding="UTF-8"?>
<testsuite xmlns:xsi="http://www.w3.org/2001/XMLSchema-instance" xsi:noNamespaceSchemaLocation="https://maven.apache.org/surefire/maven-failsafe-plugin/xsd/failsafe-test-report-3.0.xsd" version="3.0" name="starter.CucumberTestSuite" time="21.694" tests="8" errors="0" skipped="0" failures="0">
  <properties>
[...]
</properties>
  <testcase name="GET - As an admin I have be able to see posts number 1" classname="Posts" time="6.692">
    <system-out><![CDATA[13:44:48.234 [main] DEBUG net.thucydides.core.guice.Injectors - Created injector for module net.thucydides.core.guice.ThucydidesModule
13:44:48.596 [main] DEBUG io.cucumber.core.plugin.SerenityReporter - Running feature from file:///C:/Users/user/OneDrive/Documents/GitHub/qe_aditya-nugraha-perdana/10_RESTful_API_Testing_with_REST_Assured/praktikum/RESTful_API_Testing/alta/src/test/resources/features/Posts.feature
13:44:48.843 [main] DEBUG net.thucydides.core.guice.Injectors - Created injector for module net.thucydides.core.guice.webdriver.WebDriverModule
13:44:48.864 [main] INFO  - 

-------------------------------------------------------------------------------------
     _______. _______ .______       _______ .__   __.  __  .___________.____    ____ 
    /       ||   ____||   _  \     |   ____||  \ |  | |  | |           |\   \  /   / 
   |   (----`|  |__   |  |_)  |    |  |__   |   \|  | |  | `---|  |----` \   \/   /  
    \   \    |   __|  |      /     |   __|  |  . `  | |  |     |  |       \_    _/   
.----)   |   |  |____ |  |\  \----.|  |____ |  |\   | |  |     |  |         |  |     
|_______/    |_______|| _| `._____||_______||__| \__| |__|     |__|         |__|    
                                                                                     
 News and tutorials at http://www.serenity-bdd.info                                  
 Documentation at https://wakaleo.gitbooks.io/the-serenity-book/content/             
 Join the Serenity Community on Gitter: https://gitter.im/serenity-bdd/serenity-core 
 Serenity BDD Support and Training at http://serenity-bdd.info/#/trainingandsupport  
-------------------------------------------------------------------------------------

13:44:48.868 [main] DEBUG net.thucydides.core.steps.StepEventBus - Test suite started for story net.thucydides.core.model.Story@4343b248
13:44:48.873 [main] INFO  - Test Suite Started: Posts
13:44:48.901 [main] DEBUG io.cucumber.core.plugin.SerenityReporter - Running feature from file:///C:/Users/user/OneDrive/Documents/GitHub/qe_aditya-nugraha-perdana/10_RESTful_API_Testing_with_REST_Assured/praktikum/RESTful_API_Testing/alta/src/test/resources/features/Posts.feature
13:44:48.905 [main] DEBUG net.thucydides.core.steps.StepEventBus - Test suite started for story net.thucydides.core.model.Story@4343b248
13:44:48.906 [main] INFO  - Test Suite Started: Posts

Scenario: GET - As an admin I have be able to see posts number 1 &amp#27;[90m# src/test/resources/features/Posts.feature:7&amp#27;[0m
13:44:49.040 [main] DEBUG io.cucumber.core.plugin.SerenityReporter - Running feature from file:///C:/Users/user/OneDrive/Documents/GitHub/qe_aditya-nugraha-perdana/10_RESTful_API_Testing_with_REST_Assured/praktikum/RESTful_API_Testing/alta/src/test/resources/features/Posts.feature
13:44:49.359 [main] INFO  - 
  _____   ___   ___   _____     ___   _____     _     ___   _____   ___   ___  
 |_   _| | __| / __| |_   _|   / __| |_   _|   /_\   | _ \ |_   _| | __| |   \ 
   | |   | _|  \__ \   | |     \__ \   | |    / _ \  |   /   | |   | _|  | |) |
   |_|   |___| |___/   |_|     |___/   |_|   /_/ \_\ |_|_\   |_|   |___| |___/ 

GET - As an admin I have be able to see posts number 1(posts;get---as-an-admin-i-have-be-able-to-see-posts-number-1)
--------------------------------------------------------------------------------
13:44:49.464 [main] DEBUG net.thucydides.core.requirements.model.cucumber.CucumberParser - Loading feature C:\Users\user\OneDrive\Documents\GitHub\qe_aditya-nugraha-perdana\10_RESTful_API_Testing_with_REST_Assured\praktikum\RESTful_API_Testing\alta\src\test\resources\features\Posts.feature
13:44:50.327 [main] DEBUG net.thucydides.core.steps.StepInterceptor - STARTING STEP: PostsSteps.setGetApiEndpoints - I set GET api endpoints
13:44:50.332 [main] DEBUG net.thucydides.core.steps.StepInterceptor - STEP DONE: I set GET api endpoints
  &amp#27;[32mGiven &amp#27;[0m&amp#27;[32mI set GET api endpoints&amp#27;[0m                                  &amp#27;[90m# starter.stepdefinitions.PostsSteps.setGetApiEndpoints()&amp#27;[0m
13:44:50.347 [main] DEBUG net.thucydides.core.steps.StepInterceptor - STARTING STEP: PostsSteps.setGetHttpRequest - I send GET HTTP request
13:44:53.524 [main] DEBUG net.thucydides.core.steps.StepInterceptor - STARTING STEP: Get.setGetHttpRequest - I set GET api endpoints
13:44:53.524 [main] DEBUG net.thucydides.core.steps.StepInterceptor - STEP DONE: I set GET api endpoints
13:44:54.407 [main] DEBUG org.apache.http.impl.conn.BasicClientConnectionManager - Get connection for route {s}->https://jsonplaceholder.typicode.com:443
13:44:54.455 [main] DEBUG org.apache.http.impl.conn.DefaultClientConnectionOperator - Connecting to jsonplaceholder.typicode.com:443
13:44:54.728 [main] DEBUG org.apache.http.client.protocol.RequestAddCookies - CookieSpec selected: ignoreCookies
13:44:54.730 [main] DEBUG org.apache.http.client.protocol.RequestAuthCache - Auth cache not set in the context
13:44:54.730 [main] DEBUG org.apache.http.client.protocol.RequestTargetAuthentication - Target auth state: UNCHALLENGED
13:44:54.730 [main] DEBUG org.apache.http.client.protocol.RequestProxyAuthentication - Proxy auth state: UNCHALLENGED
13:44:54.730 [main] DEBUG org.apache.http.impl.client.DefaultHttpClient - Attempt 1 to execute request
13:44:54.731 [main] DEBUG org.apache.http.impl.conn.DefaultClientConnection - Sending request: GET /posts/1 HTTP/1.1
13:44:54.731 [main] DEBUG org.apache.http.wire -  >> "GET /posts/1 HTTP/1.1[\r][\n]"
13:44:54.732 [main] DEBUG org.apache.http.wire -  >> "Accept: */*[\r][\n]"
13:44:54.733 [main] DEBUG org.apache.http.wire -  >> "Host: jsonplaceholder.typicode.com[\r][\n]"
13:44:54.733 [main] DEBUG org.apache.http.wire -  >> "Connection: Keep-Alive[\r][\n]"
13:44:54.733 [main] DEBUG org.apache.http.wire -  >> "User-Agent: Apache-HttpClient/4.5.13 (Java/11.0.15.1)[\r][\n]"
13:44:54.733 [main] DEBUG org.apache.http.wire -  >> "Accept-Encoding: gzip,deflate[\r][\n]"
13:44:54.733 [main] DEBUG org.apache.http.wire -  >> "[\r][\n]"
13:44:54.733 [main] DEBUG org.apache.http.headers - >> GET /posts/1 HTTP/1.1
13:44:54.733 [main] DEBUG org.apache.http.headers - >> Accept: */*
13:44:54.733 [main] DEBUG org.apache.http.headers - >> Host: jsonplaceholder.typicode.com
13:44:54.733 [main] DEBUG org.apache.http.headers - >> Connection: Keep-Alive
13:44:54.733 [main] DEBUG org.apache.http.headers - >> User-Agent: Apache-HttpClient/4.5.13 (Java/11.0.15.1)
13:44:54.733 [main] DEBUG org.apache.http.headers - >> Accept-Encoding: gzip,deflate
13:44:54.764 [main] DEBUG org.apache.http.wire -  << "HTTP/1.1 200 OK[\r][\n]"
13:44:54.766 [main] DEBUG org.apache.http.wire -  << "Date: Sun, 16 Apr 2023 06:44:54 GMT[\r][\n]"
13:44:54.766 [main] DEBUG org.apache.http.wire -  << "Content-Type: application/json; charset=utf-8[\r][\n]"
13:44:54.766 [main] DEBUG org.apache.http.wire -  << "Transfer-Encoding: chunked[\r][\n]"
13:44:54.766 [main] DEBUG org.apache.http.wire -  << "Connection: keep-alive[\r][\n]"
13:44:54.766 [main] DEBUG org.apache.http.wire -  << "X-Powered-By: Express[\r][\n]"
13:44:54.766 [main] DEBUG org.apache.http.wire -  << "X-Ratelimit-Limit: 1000[\r][\n]"
13:44:54.766 [main] DEBUG org.apache.http.wire -  << "X-Ratelimit-Remaining: 999[\r][\n]"
13:44:54.766 [main] DEBUG org.apache.http.wire -  << "X-Ratelimit-Reset: 1664338334[\r][\n]"
13:44:54.766 [main] DEBUG org.apache.http.wire -  << "Vary: Origin, Accept-Encoding[\r][\n]"
13:44:54.767 [main] DEBUG org.apache.http.wire -  << "Access-Control-Allow-Credentials: true[\r][\n]"
13:44:54.767 [main] DEBUG org.apache.http.wire -  << "Cache-Control: max-age=43200[\r][\n]"
13:44:54.767 [main] DEBUG org.apache.http.wire -  << "Pragma: no-cache[\r][\n]"
13:44:54.767 [main] DEBUG org.apache.http.wire -  << "Expires: -1[\r][\n]"
13:44:54.767 [main] DEBUG org.apache.http.wire -  << "X-Content-Type-Options: nosniff[\r][\n]"
13:44:54.767 [main] DEBUG org.apache.http.wire -  << "Etag: W/"124-yiKdLzqO5gfBrJFrcdJ8Yq0LGnU"[\r][\n]"
13:44:54.767 [main] DEBUG org.apache.http.wire -  << "Via: 1.1 vegur[\r][\n]"
13:44:54.767 [main] DEBUG org.apache.http.wire -  << "CF-Cache-Status: HIT[\r][\n]"
13:44:54.767 [main] DEBUG org.apache.http.wire -  << "Age: 24185[\r][\n]"
13:44:54.767 [main] DEBUG org.apache.http.wire -  << "Report-To: {"endpoints":[{"url":"https:\/\/a.nel.cloudflare.com\/report\/v3?s=P42lilUXDk0NumT1j1kSzdIMOtYChk6%2FJtUSd5fsUeH6pxnhHXnZFCdIUGbygGZYuQ%2F%2FfBdX4qKlVMWysen0eafId1MrdEOVa6mKYHVqSC132VerJIuPa1VkDMudLrbFqQBYqqbGGGk10OhvEglR"}],"group":"cf-nel","max_age":604800}[\r][\n]"
13:44:54.767 [main] DEBUG org.apache.http.wire -  << "NEL: {"success_fraction":0,"report_to":"cf-nel","max_age":604800}[\r][\n]"
13:44:54.767 [main] DEBUG org.apache.http.wire -  << "Server: cloudflare[\r][\n]"
13:44:54.767 [main] DEBUG org.apache.http.wire -  << "CF-RAY: 7b8a76620d504993-SIN[\r][\n]"
13:44:54.767 [main] DEBUG org.apache.http.wire -  << "Content-Encoding: gzip[\r][\n]"
13:44:54.767 [main] DEBUG org.apache.http.wire -  << "alt-svc: h3=":443"; ma=86400, h3-29=":443"; ma=86400[\r][\n]"
13:44:54.767 [main] DEBUG org.apache.http.wire -  << "[\r][\n]"
13:44:54.768 [main] DEBUG org.apache.http.impl.conn.DefaultClientConnection - Receiving response: HTTP/1.1 200 OK
13:44:54.768 [main] DEBUG org.apache.http.headers - << HTTP/1.1 200 OK
13:44:54.768 [main] DEBUG org.apache.http.headers - << Date: Sun, 16 Apr 2023 06:44:54 GMT
13:44:54.768 [main] DEBUG org.apache.http.headers - << Content-Type: application/json; charset=utf-8
13:44:54.768 [main] DEBUG org.apache.http.headers - << Transfer-Encoding: chunked
13:44:54.768 [main] DEBUG org.apache.http.headers - << Connection: keep-alive
13:44:54.768 [main] DEBUG org.apache.http.headers - << X-Powered-By: Express
13:44:54.768 [main] DEBUG org.apache.http.headers - << X-Ratelimit-Limit: 1000
13:44:54.768 [main] DEBUG org.apache.http.headers - << X-Ratelimit-Remaining: 999
13:44:54.768 [main] DEBUG org.apache.http.headers - << X-Ratelimit-Reset: 1664338334
13:44:54.768 [main] DEBUG org.apache.http.headers - << Vary: Origin, Accept-Encoding
13:44:54.768 [main] DEBUG org.apache.http.headers - << Access-Control-Allow-Credentials: true
13:44:54.768 [main] DEBUG org.apache.http.headers - << Cache-Control: max-age=43200
13:44:54.768 [main] DEBUG org.apache.http.headers - << Pragma: no-cache
13:44:54.769 [main] DEBUG org.apache.http.headers - << Expires: -1
13:44:54.769 [main] DEBUG org.apache.http.headers - << X-Content-Type-Options: nosniff
13:44:54.769 [main] DEBUG org.apache.http.headers - << Etag: W/"124-yiKdLzqO5gfBrJFrcdJ8Yq0LGnU"
13:44:54.769 [main] DEBUG org.apache.http.headers - << Via: 1.1 vegur
13:44:54.769 [main] DEBUG org.apache.http.headers - << CF-Cache-Status: HIT
13:44:54.769 [main] DEBUG org.apache.http.headers - << Age: 24185
13:44:54.769 [main] DEBUG org.apache.http.headers - << Report-To: {"endpoints":[{"url":"https:\/\/a.nel.cloudflare.com\/report\/v3?s=P42lilUXDk0NumT1j1kSzdIMOtYChk6%2FJtUSd5fsUeH6pxnhHXnZFCdIUGbygGZYuQ%2F%2FfBdX4qKlVMWysen0eafId1MrdEOVa6mKYHVqSC132VerJIuPa1VkDMudLrbFqQBYqqbGGGk10OhvEglR"}],"group":"cf-nel","max_age":604800}
13:44:54.769 [main] DEBUG org.apache.http.headers - << NEL: {"success_fraction":0,"report_to":"cf-nel","max_age":604800}
13:44:54.769 [main] DEBUG org.apache.http.headers - << Server: cloudflare
13:44:54.769 [main] DEBUG org.apache.http.headers - << CF-RAY: 7b8a76620d504993-SIN
13:44:54.769 [main] DEBUG org.apache.http.headers - << Content-Encoding: gzip
13:44:54.769 [main] DEBUG org.apache.http.headers - << alt-svc: h3=":443"; ma=86400, h3-29=":443"; ma=86400
13:44:54.774 [main] DEBUG org.apache.http.impl.client.DefaultHttpClient - Connection can be kept alive indefinitely
13:44:54.778 [main] DEBUG io.restassured.internal.RestAssuredHttpBuilder - Parsing response as: application/json; charset=utf-8
13:44:54.779 [main] DEBUG org.apache.http.wire -  << "ca[\r][\n]"
13:44:54.779 [main] DEBUG org.apache.http.wire -  << "[0x1f][0x8b][0x8][0x0][0x0][0x0][0x0][0x0][0x0][0x3]U[0x8f]Kj[0x4]A[0xc]C[0xf7]s[\n]"
13:44:54.779 [main] DEBUG org.apache.http.wire -  << "Q[0xeb]l[0xb2][0x9d][0x1b][0xe4][0xe][0xbd]q\[\n]"
13:44:54.779 [main] DEBUG org.apache.http.wire -  << "c[0xe8][0xfa][0x8c][0xcb][0x1e]&[0x84][0xdc]=tC[0x8][0x1]#$[0x90][0x1f][0xe8][0xeb][0x2][0x94]\[0xf4][0xb7]Z[0xae]x}9[0xa2][0xfd][0xd9][0xb0][0xd8]Y[0xae](+{@2[0xf0]!J'[0x9c][0x93][0xfb].[0x81][0xe9][0xe3]a[0x95]=0T[0x85]*a[0xe0]S9#[0xdd]0f[0xd8]8[0xca][0xce][0x1b]{[0xa5][[0x94][0x13][0xfc]>[0xea][0xe7][0xc1][0xbd][0xa7][0x9][0x18]X[0xb9][0xd4][0xa6][0xc5][0xd6][0x1d][0x9c][0x9a]Kz[0x15]BG_[0xbc]g[0xf6]H[0x7][0x9f][0x93][0xd5][0xe2]|[0xd3]l[[0xff][0x87]G[0x1b];W[0x98][0x10][0x19][0xc7][0xdd]S[0x16]b[0x84][0xb4][0xad][0xf7][0xb1][0xc2][0xb3][0xc1]y([0xd7]9[0x89][\r][0xe7]:g[0x3][0x1f][0xec][0xc6][0x80][0xb8][0xde],[0xa8]1[0xca][0xe5][0xfb][0x7][0x15][0xc6][0x93][0xe8]$[0x1][0x0][0x0]"
13:44:54.779 [main] DEBUG org.apache.http.wire -  << "[\r][\n]"
13:44:54.779 [main] DEBUG org.apache.http.wire -  << "0[\r][\n]"
13:44:54.779 [main] DEBUG org.apache.http.wire -  << "[\r][\n]"
13:44:54.780 [main] DEBUG io.restassured.internal.RestAssuredHttpBuilder - Parsed data to instance of: class org.apache.http.conn.EofSensorInputStream
13:44:54.822 [main] DEBUG org.apache.http.impl.conn.BasicClientConnectionManager - Releasing connection org.apache.http.impl.conn.ManagedClientConnectionImpl@59a5bb61
13:44:54.822 [main] DEBUG org.apache.http.impl.conn.BasicClientConnectionManager - Connection can be kept alive indefinitely
13:44:54.849 [main] DEBUG net.thucydides.core.steps.StepInterceptor - STEP DONE: I send GET HTTP request
  &amp#27;[32mWhen &amp#27;[0m&amp#27;[32mI send GET HTTP request&amp#27;[0m                                   &amp#27;[90m# starter.stepdefinitions.PostsSteps.setGetHttpRequest()&amp#27;[0m
13:44:54.855 [main] DEBUG net.thucydides.core.steps.StepInterceptor - STARTING STEP: PostsSteps.receiveValidHttpResponse - I receive valid HTTP response code 200
13:44:54.883 [main] DEBUG net.thucydides.core.steps.StepInterceptor - STEP DONE: I receive valid HTTP response code 200
  &amp#27;[32mThen &amp#27;[0m&amp#27;[32mI receive valid HTTP response code 200&amp#27;[0m                    &amp#27;[90m# starter.stepdefinitions.PostsSteps.receiveValidHttpResponse()&amp#27;[0m
13:44:54.888 [main] DEBUG net.thucydides.core.steps.StepInterceptor - STARTING STEP: PostsSteps.receiveValidDataForDetailUser - I receive valid data for all of the posts
13:44:55.586 [main] DEBUG net.thucydides.core.steps.StepInterceptor - STEP DONE: I receive valid data for all of the posts
  &amp#27;[32mAnd &amp#27;[0m&amp#27;[32mI receive valid data for all of the posts&amp#27;[0m                  &amp#27;[90m# starter.stepdefinitions.PostsSteps.receiveValidDataForDetailUser()&amp#27;[0m
13:44:55.594 [main] INFO  - 
  _____   ___   ___   _____     ___     _     ___   ___   ___   ___  
 |_   _| | __| / __| |_   _|   | _ \   /_\   / __| / __| | __| |   \ 
   | |   | _|  \__ \   | |     |  _/  / _ \  \__ \ \__ \ | _|  | |) |
   |_|   |___| |___/   |_|     |_|   /_/ \_\ |___/ |___/ |___| |___/ 

GET - As an admin I have be able to see posts number 1
----------------------------------------------------------------------
]]></system-out>
  </testcase>
  <testcase name="GET - As an admin I shouldn&apos;t be able to see posts with invalid url" classname="Posts" time="0.275">
    <system-out><![CDATA[
Scenario: GET - As an admin I shouldn't be able to see posts with invalid url &amp#27;[90m# src/test/resources/features/Posts.feature:13&amp#27;[0m
13:44:55.623 [main] DEBUG io.cucumber.core.plugin.SerenityReporter - Running feature from file:///C:/Users/user/OneDrive/Documents/GitHub/qe_aditya-nugraha-perdana/10_RESTful_API_Testing_with_REST_Assured/praktikum/RESTful_API_Testing/alta/src/test/resources/features/Posts.feature
13:44:55.628 [main] INFO  - 
  _____   ___   ___   _____     ___   _____     _     ___   _____   ___   ___  
 |_   _| | __| / __| |_   _|   / __| |_   _|   /_\   | _ \ |_   _| | __| |   \ 
   | |   | _|  \__ \   | |     \__ \   | |    / _ \  |   /   | |   | _|  | |) |
   |_|   |___| |___/   |_|     |___/   |_|   /_/ \_\ |_|_\   |_|   |___| |___/ 

GET - As an admin I shouldn't be able to see posts with invalid url(posts;get---as-an-admin-i-shouldn-t-be-able-to-see-posts-with-invalid-url)
--------------------------------------------------------------------------------
13:44:55.668 [main] DEBUG net.thucydides.core.steps.StepInterceptor - STARTING STEP: PostsSteps.setGetApiEndpoints2 - I set typo GET api endpoints
13:44:55.669 [main] DEBUG net.thucydides.core.steps.StepInterceptor - STEP DONE: I set typo GET api endpoints
  &amp#27;[32mGiven &amp#27;[0m&amp#27;[32mI set typo GET api endpoints&amp#27;[0m                                          &amp#27;[90m# starter.stepdefinitions.PostsSteps.setGetApiEndpoints2()&amp#27;[0m
13:44:55.676 [main] DEBUG net.thucydides.core.steps.StepInterceptor - STARTING STEP: PostsSteps.setGetHttpRequest2 - I send typo GET HTTP request
13:44:55.678 [main] DEBUG net.thucydides.core.steps.StepInterceptor - STARTING STEP: Get.setGetHttpRequest2 - I set typo GET api endpoints
13:44:55.678 [main] DEBUG net.thucydides.core.steps.StepInterceptor - STEP DONE: I set typo GET api endpoints
13:44:55.703 [main] DEBUG org.apache.http.impl.conn.BasicClientConnectionManager - Get connection for route {s}->https://jsonplaceholder.typicode.com:443
13:44:55.704 [main] DEBUG org.apache.http.impl.conn.DefaultClientConnectionOperator - Connecting to jsonplaceholder.typicode.com:443
13:44:55.829 [main] DEBUG org.apache.http.client.protocol.RequestAddCookies - CookieSpec selected: ignoreCookies
13:44:55.829 [main] DEBUG org.apache.http.client.protocol.RequestAuthCache - Auth cache not set in the context
13:44:55.829 [main] DEBUG org.apache.http.client.protocol.RequestTargetAuthentication - Target auth state: UNCHALLENGED
13:44:55.829 [main] DEBUG org.apache.http.client.protocol.RequestProxyAuthentication - Proxy auth state: UNCHALLENGED
13:44:55.829 [main] DEBUG org.apache.http.impl.client.DefaultHttpClient - Attempt 1 to execute request
13:44:55.830 [main] DEBUG org.apache.http.impl.conn.DefaultClientConnection - Sending request: GET /post/1 HTTP/1.1
13:44:55.830 [main] DEBUG org.apache.http.wire -  >> "GET /post/1 HTTP/1.1[\r][\n]"
13:44:55.830 [main] DEBUG org.apache.http.wire -  >> "Accept: */*[\r][\n]"
13:44:55.830 [main] DEBUG org.apache.http.wire -  >> "Host: jsonplaceholder.typicode.com[\r][\n]"
13:44:55.830 [main] DEBUG org.apache.http.wire -  >> "Connection: Keep-Alive[\r][\n]"
13:44:55.830 [main] DEBUG org.apache.http.wire -  >> "User-Agent: Apache-HttpClient/4.5.13 (Java/11.0.15.1)[\r][\n]"
13:44:55.830 [main] DEBUG org.apache.http.wire -  >> "Accept-Encoding: gzip,deflate[\r][\n]"
13:44:55.830 [main] DEBUG org.apache.http.wire -  >> "[\r][\n]"
13:44:55.830 [main] DEBUG org.apache.http.headers - >> GET /post/1 HTTP/1.1
13:44:55.830 [main] DEBUG org.apache.http.headers - >> Accept: */*
13:44:55.830 [main] DEBUG org.apache.http.headers - >> Host: jsonplaceholder.typicode.com
13:44:55.830 [main] DEBUG org.apache.http.headers - >> Connection: Keep-Alive
13:44:55.830 [main] DEBUG org.apache.http.headers - >> User-Agent: Apache-HttpClient/4.5.13 (Java/11.0.15.1)
13:44:55.830 [main] DEBUG org.apache.http.headers - >> Accept-Encoding: gzip,deflate
13:44:55.853 [main] DEBUG org.apache.http.wire -  << "HTTP/1.1 404 Not Found[\r][\n]"
13:44:55.853 [main] DEBUG org.apache.http.wire -  << "Date: Sun, 16 Apr 2023 06:44:55 GMT[\r][\n]"
13:44:55.853 [main] DEBUG org.apache.http.wire -  << "Content-Type: application/json; charset=utf-8[\r][\n]"
13:44:55.853 [main] DEBUG org.apache.http.wire -  << "Content-Length: 2[\r][\n]"
13:44:55.853 [main] DEBUG org.apache.http.wire -  << "Connection: keep-alive[\r][\n]"
13:44:55.853 [main] DEBUG org.apache.http.wire -  << "X-Powered-By: Express[\r][\n]"
13:44:55.853 [main] DEBUG org.apache.http.wire -  << "X-Ratelimit-Limit: 1000[\r][\n]"
13:44:55.853 [main] DEBUG org.apache.http.wire -  << "X-Ratelimit-Remaining: 999[\r][\n]"
13:44:55.854 [main] DEBUG org.apache.http.wire -  << "X-Ratelimit-Reset: 1681618954[\r][\n]"
13:44:55.854 [main] DEBUG org.apache.http.wire -  << "Vary: Origin, Accept-Encoding[\r][\n]"
13:44:55.854 [main] DEBUG org.apache.http.wire -  << "Access-Control-Allow-Credentials: true[\r][\n]"
13:44:55.854 [main] DEBUG org.apache.http.wire -  << "Cache-Control: max-age=43200[\r][\n]"
13:44:55.854 [main] DEBUG org.apache.http.wire -  << "Pragma: no-cache[\r][\n]"
13:44:55.854 [main] DEBUG org.apache.http.wire -  << "Expires: -1[\r][\n]"
13:44:55.854 [main] DEBUG org.apache.http.wire -  << "X-Content-Type-Options: nosniff[\r][\n]"
13:44:55.854 [main] DEBUG org.apache.http.wire -  << "Etag: W/"2-vyGp6PvFo4RvsFtPoIWeCReyIC8"[\r][\n]"
13:44:55.854 [main] DEBUG org.apache.http.wire -  << "Via: 1.1 vegur[\r][\n]"
13:44:55.854 [main] DEBUG org.apache.http.wire -  << "CF-Cache-Status: HIT[\r][\n]"
13:44:55.854 [main] DEBUG org.apache.http.wire -  << "Age: 8592[\r][\n]"
13:44:55.854 [main] DEBUG org.apache.http.wire -  << "Report-To: {"endpoints":[{"url":"https:\/\/a.nel.cloudflare.com\/report\/v3?s=MEbvnxnszV8pdwCp30grPP7Omf5ZjZQpwIVin5DuVl%2F5Cdpocp0LDDB8pLyCIu9K66JSB14KnMf6dctY%2BHz0GwawP0vGjap4ne3yUdHKQ46nnvRGKUMBRHXyxy8AkZbWuEwFCx4PIEx%2B44tZnZWb"}],"group":"cf-nel","max_age":604800}[\r][\n]"
13:44:55.854 [main] DEBUG org.apache.http.wire -  << "NEL: {"success_fraction":0,"report_to":"cf-nel","max_age":604800}[\r][\n]"
13:44:55.854 [main] DEBUG org.apache.http.wire -  << "Server: cloudflare[\r][\n]"
13:44:55.854 [main] DEBUG org.apache.http.wire -  << "CF-RAY: 7b8a7668ef186b99-SIN[\r][\n]"
13:44:55.854 [main] DEBUG org.apache.http.wire -  << "alt-svc: h3=":443"; ma=86400, h3-29=":443"; ma=86400[\r][\n]"
13:44:55.854 [main] DEBUG org.apache.http.wire -  << "[\r][\n]"
13:44:55.854 [main] DEBUG org.apache.http.impl.conn.DefaultClientConnection - Receiving response: HTTP/1.1 404 Not Found
13:44:55.854 [main] DEBUG org.apache.http.headers - << HTTP/1.1 404 Not Found
13:44:55.854 [main] DEBUG org.apache.http.headers - << Date: Sun, 16 Apr 2023 06:44:55 GMT
13:44:55.854 [main] DEBUG org.apache.http.headers - << Content-Type: application/json; charset=utf-8
13:44:55.854 [main] DEBUG org.apache.http.headers - << Content-Length: 2
13:44:55.854 [main] DEBUG org.apache.http.headers - << Connection: keep-alive
13:44:55.854 [main] DEBUG org.apache.http.headers - << X-Powered-By: Express
13:44:55.854 [main] DEBUG org.apache.http.headers - << X-Ratelimit-Limit: 1000
13:44:55.855 [main] DEBUG org.apache.http.headers - << X-Ratelimit-Remaining: 999
13:44:55.855 [main] DEBUG org.apache.http.headers - << X-Ratelimit-Reset: 1681618954
13:44:55.855 [main] DEBUG org.apache.http.headers - << Vary: Origin, Accept-Encoding
13:44:55.855 [main] DEBUG org.apache.http.headers - << Access-Control-Allow-Credentials: true
13:44:55.855 [main] DEBUG org.apache.http.headers - << Cache-Control: max-age=43200
13:44:55.855 [main] DEBUG org.apache.http.headers - << Pragma: no-cache
13:44:55.855 [main] DEBUG org.apache.http.headers - << Expires: -1
13:44:55.855 [main] DEBUG org.apache.http.headers - << X-Content-Type-Options: nosniff
13:44:55.855 [main] DEBUG org.apache.http.headers - << Etag: W/"2-vyGp6PvFo4RvsFtPoIWeCReyIC8"
13:44:55.855 [main] DEBUG org.apache.http.headers - << Via: 1.1 vegur
13:44:55.855 [main] DEBUG org.apache.http.headers - << CF-Cache-Status: HIT
13:44:55.855 [main] DEBUG org.apache.http.headers - << Age: 8592
13:44:55.855 [main] DEBUG org.apache.http.headers - << Report-To: {"endpoints":[{"url":"https:\/\/a.nel.cloudflare.com\/report\/v3?s=MEbvnxnszV8pdwCp30grPP7Omf5ZjZQpwIVin5DuVl%2F5Cdpocp0LDDB8pLyCIu9K66JSB14KnMf6dctY%2BHz0GwawP0vGjap4ne3yUdHKQ46nnvRGKUMBRHXyxy8AkZbWuEwFCx4PIEx%2B44tZnZWb"}],"group":"cf-nel","max_age":604800}
13:44:55.855 [main] DEBUG org.apache.http.headers - << NEL: {"success_fraction":0,"report_to":"cf-nel","max_age":604800}
13:44:55.855 [main] DEBUG org.apache.http.headers - << Server: cloudflare
13:44:55.855 [main] DEBUG org.apache.http.headers - << CF-RAY: 7b8a7668ef186b99-SIN
13:44:55.855 [main] DEBUG org.apache.http.headers - << alt-svc: h3=":443"; ma=86400, h3-29=":443"; ma=86400
13:44:55.856 [main] DEBUG org.apache.http.impl.client.DefaultHttpClient - Connection can be kept alive indefinitely
13:44:55.856 [main] DEBUG io.restassured.internal.RestAssuredHttpBuilder - Parsing response as: application/json; charset=utf-8
13:44:55.856 [main] DEBUG io.restassured.internal.RestAssuredHttpBuilder - Parsed data to instance of: class org.apache.http.conn.EofSensorInputStream
13:44:55.857 [main] DEBUG org.apache.http.wire -  << "{}"
13:44:55.858 [main] DEBUG org.apache.http.impl.conn.BasicClientConnectionManager - Releasing connection org.apache.http.impl.conn.ManagedClientConnectionImpl@60fbc34d
13:44:55.858 [main] DEBUG org.apache.http.impl.conn.BasicClientConnectionManager - Connection can be kept alive indefinitely
13:44:55.859 [main] DEBUG net.thucydides.core.steps.StepInterceptor - STEP DONE: I send typo GET HTTP request
  &amp#27;[32mWhen &amp#27;[0m&amp#27;[32mI send typo GET HTTP request&amp#27;[0m                                           &amp#27;[90m# starter.stepdefinitions.PostsSteps.setGetHttpRequest2()&amp#27;[0m
13:44:55.865 [main] DEBUG net.thucydides.core.steps.StepInterceptor - STARTING STEP: PostsSteps.receiveInvalidHttpResponse - I receive invalid HTTP response code 404 Not Found
13:44:55.867 [main] DEBUG net.thucydides.core.steps.StepInterceptor - STEP DONE: I receive invalid HTTP response code 404 Not Found
  &amp#27;[32mThen &amp#27;[0m&amp#27;[32mI receive invalid HTTP response code 404 Not Found&amp#27;[0m                     &amp#27;[90m# starter.stepdefinitions.PostsSteps.receiveInvalidHttpResponse()&amp#27;[0m
13:44:55.873 [main] DEBUG net.thucydides.core.steps.StepInterceptor - STARTING STEP: PostsSteps.receiveNothing - I receive nothing from the page
13:44:55.874 [main] DEBUG net.thucydides.core.steps.StepInterceptor - STEP DONE: I receive nothing from the page
  &amp#27;[32mAnd &amp#27;[0m&amp#27;[32mI receive nothing from the page&amp#27;[0m                                         &amp#27;[90m# starter.stepdefinitions.PostsSteps.receiveNothing()&amp#27;[0m
13:44:55.877 [main] INFO  - 
  _____   ___   ___   _____     ___     _     ___   ___   ___   ___  
 |_   _| | __| / __| |_   _|   | _ \   /_\   / __| / __| | __| |   \ 
   | |   | _|  \__ \   | |     |  _/  / _ \  \__ \ \__ \ | _|  | |) |
   |_|   |___| |___/   |_|     |_|   /_/ \_\ |___/ |___/ |___| |___/ 

GET - As an admin I shouldn't be able to see posts with invalid url
----------------------------------------------------------------------
]]></system-out>
  </testcase>
  <testcase name="POST - As an admin I have be able to create new posts" classname="Posts" time="0.829">
    <system-out><![CDATA[
Scenario: POST - As an admin I have be able to create new posts &amp#27;[90m# src/test/resources/features/Posts.feature:19&amp#27;[0m
13:44:55.887 [main] DEBUG io.cucumber.core.plugin.SerenityReporter - Running feature from file:///C:/Users/user/OneDrive/Documents/GitHub/qe_aditya-nugraha-perdana/10_RESTful_API_Testing_with_REST_Assured/praktikum/RESTful_API_Testing/alta/src/test/resources/features/Posts.feature
13:44:55.892 [main] INFO  - 
  _____   ___   ___   _____     ___   _____     _     ___   _____   ___   ___  
 |_   _| | __| / __| |_   _|   / __| |_   _|   /_\   | _ \ |_   _| | __| |   \ 
   | |   | _|  \__ \   | |     \__ \   | |    / _ \  |   /   | |   | _|  | |) |
   |_|   |___| |___/   |_|     |___/   |_|   /_/ \_\ |_|_\   |_|   |___| |___/ 

POST - As an admin I have be able to create new posts(posts;post---as-an-admin-i-have-be-able-to-create-new-posts)
--------------------------------------------------------------------------------
13:44:55.922 [main] DEBUG net.thucydides.core.steps.StepInterceptor - STARTING STEP: PostsSteps.setPostApiEndpoints - I set POST api endpoints
13:44:55.923 [main] DEBUG net.thucydides.core.steps.StepInterceptor - STEP DONE: I set POST api endpoints
  &amp#27;[32mGiven &amp#27;[0m&amp#27;[32mI set POST api endpoints&amp#27;[0m                                &amp#27;[90m# starter.stepdefinitions.PostsSteps.setPostApiEndpoints()&amp#27;[0m
13:44:55.930 [main] DEBUG net.thucydides.core.steps.StepInterceptor - STARTING STEP: PostsSteps.sendPostHttpRequest - I send POST HTTP request
13:44:55.944 [main] DEBUG net.thucydides.core.steps.StepInterceptor - STARTING STEP: Post.sendPostHttpRequest - I set POST api endpoints
13:44:55.945 [main] DEBUG net.thucydides.core.steps.StepInterceptor - STEP DONE: I set POST api endpoints
13:44:55.983 [main] DEBUG org.apache.http.impl.conn.BasicClientConnectionManager - Get connection for route {s}->https://jsonplaceholder.typicode.com:443
13:44:55.984 [main] DEBUG org.apache.http.impl.conn.DefaultClientConnectionOperator - Connecting to jsonplaceholder.typicode.com:443
13:44:56.065 [main] DEBUG org.apache.http.client.protocol.RequestAddCookies - CookieSpec selected: ignoreCookies
13:44:56.065 [main] DEBUG org.apache.http.client.protocol.RequestAuthCache - Auth cache not set in the context
13:44:56.065 [main] DEBUG org.apache.http.client.protocol.RequestTargetAuthentication - Target auth state: UNCHALLENGED
13:44:56.065 [main] DEBUG org.apache.http.client.protocol.RequestProxyAuthentication - Proxy auth state: UNCHALLENGED
13:44:56.065 [main] DEBUG org.apache.http.impl.client.DefaultHttpClient - Attempt 1 to execute request
13:44:56.065 [main] DEBUG org.apache.http.impl.conn.DefaultClientConnection - Sending request: POST /posts HTTP/1.1
13:44:56.066 [main] DEBUG org.apache.http.wire -  >> "POST /posts HTTP/1.1[\r][\n]"
13:44:56.066 [main] DEBUG org.apache.http.wire -  >> "Accept: */*[\r][\n]"
13:44:56.066 [main] DEBUG org.apache.http.wire -  >> "Content-Type: application/json[\r][\n]"
13:44:56.066 [main] DEBUG org.apache.http.wire -  >> "Content-Length: 71[\r][\n]"
13:44:56.066 [main] DEBUG org.apache.http.wire -  >> "Host: jsonplaceholder.typicode.com[\r][\n]"
13:44:56.066 [main] DEBUG org.apache.http.wire -  >> "Connection: Keep-Alive[\r][\n]"
13:44:56.066 [main] DEBUG org.apache.http.wire -  >> "User-Agent: Apache-HttpClient/4.5.13 (Java/11.0.15.1)[\r][\n]"
13:44:56.066 [main] DEBUG org.apache.http.wire -  >> "Accept-Encoding: gzip,deflate[\r][\n]"
13:44:56.066 [main] DEBUG org.apache.http.wire -  >> "[\r][\n]"
13:44:56.066 [main] DEBUG org.apache.http.headers - >> POST /posts HTTP/1.1
13:44:56.066 [main] DEBUG org.apache.http.headers - >> Accept: */*
13:44:56.066 [main] DEBUG org.apache.http.headers - >> Content-Type: application/json
13:44:56.066 [main] DEBUG org.apache.http.headers - >> Content-Length: 71
13:44:56.066 [main] DEBUG org.apache.http.headers - >> Host: jsonplaceholder.typicode.com
13:44:56.066 [main] DEBUG org.apache.http.headers - >> Connection: Keep-Alive
13:44:56.066 [main] DEBUG org.apache.http.headers - >> User-Agent: Apache-HttpClient/4.5.13 (Java/11.0.15.1)
13:44:56.066 [main] DEBUG org.apache.http.headers - >> Accept-Encoding: gzip,deflate
13:44:56.066 [main] DEBUG org.apache.http.wire -  >> "{"title":"andira ms","body":"halo, saya andira mahendra s","userId":10}"
13:44:56.597 [main] DEBUG org.apache.http.wire -  << "HTTP/1.1 201 Created[\r][\n]"
13:44:56.597 [main] DEBUG org.apache.http.wire -  << "Date: Sun, 16 Apr 2023 06:44:56 GMT[\r][\n]"
13:44:56.597 [main] DEBUG org.apache.http.wire -  << "Content-Type: application/json; charset=utf-8[\r][\n]"
13:44:56.597 [main] DEBUG org.apache.http.wire -  << "Content-Length: 97[\r][\n]"
13:44:56.597 [main] DEBUG org.apache.http.wire -  << "Connection: keep-alive[\r][\n]"
13:44:56.597 [main] DEBUG org.apache.http.wire -  << "X-Powered-By: Express[\r][\n]"
13:44:56.597 [main] DEBUG org.apache.http.wire -  << "X-Ratelimit-Limit: 1000[\r][\n]"
13:44:56.597 [main] DEBUG org.apache.http.wire -  << "X-Ratelimit-Remaining: 999[\r][\n]"
13:44:56.597 [main] DEBUG org.apache.http.wire -  << "X-Ratelimit-Reset: 1681627534[\r][\n]"
13:44:56.598 [main] DEBUG org.apache.http.wire -  << "Vary: Origin, X-HTTP-Method-Override, Accept-Encoding[\r][\n]"
13:44:56.598 [main] DEBUG org.apache.http.wire -  << "Access-Control-Allow-Credentials: true[\r][\n]"
13:44:56.598 [main] DEBUG org.apache.http.wire -  << "Cache-Control: no-cache[\r][\n]"
13:44:56.598 [main] DEBUG org.apache.http.wire -  << "Pragma: no-cache[\r][\n]"
13:44:56.598 [main] DEBUG org.apache.http.wire -  << "Expires: -1[\r][\n]"
13:44:56.598 [main] DEBUG org.apache.http.wire -  << "Access-Control-Expose-Headers: Location[\r][\n]"
13:44:56.598 [main] DEBUG org.apache.http.wire -  << "Location: http://jsonplaceholder.typicode.com/posts/101[\r][\n]"
13:44:56.598 [main] DEBUG org.apache.http.wire -  << "X-Content-Type-Options: nosniff[\r][\n]"
13:44:56.598 [main] DEBUG org.apache.http.wire -  << "Etag: W/"61-XlmCRjLAUl59sRXFHbhJACo4OpE"[\r][\n]"
13:44:56.598 [main] DEBUG org.apache.http.wire -  << "Via: 1.1 vegur[\r][\n]"
13:44:56.598 [main] DEBUG org.apache.http.wire -  << "CF-Cache-Status: DYNAMIC[\r][\n]"
13:44:56.598 [main] DEBUG org.apache.http.wire -  << "Report-To: {"endpoints":[{"url":"https:\/\/a.nel.cloudflare.com\/report\/v3?s=UemZPgpE%2FHyUYxRbEHN8jslZ90U9BV6gWk59UPpY2%2F%2Bh0ceDmXL1cSZoYUOuK%2B0bEtNUdT5GaLIeeiK9H5AXxizLOdQaCgwgV6HXaW3AFExjoT8sqCLEYnGZZg4ptXF9heUv9sFNuivQZHwFZIUg"}],"group":"cf-nel","max_age":604800}[\r][\n]"
13:44:56.598 [main] DEBUG org.apache.http.wire -  << "NEL: {"success_fraction":0,"report_to":"cf-nel","max_age":604800}[\r][\n]"
13:44:56.598 [main] DEBUG org.apache.http.wire -  << "Server: cloudflare[\r][\n]"
13:44:56.598 [main] DEBUG org.apache.http.wire -  << "CF-RAY: 7b8a766a5bcb4912-SIN[\r][\n]"
13:44:56.598 [main] DEBUG org.apache.http.wire -  << "alt-svc: h3=":443"; ma=86400, h3-29=":443"; ma=86400[\r][\n]"
13:44:56.598 [main] DEBUG org.apache.http.wire -  << "[\r][\n]"
13:44:56.599 [main] DEBUG org.apache.http.impl.conn.DefaultClientConnection - Receiving response: HTTP/1.1 201 Created
13:44:56.599 [main] DEBUG org.apache.http.headers - << HTTP/1.1 201 Created
13:44:56.599 [main] DEBUG org.apache.http.headers - << Date: Sun, 16 Apr 2023 06:44:56 GMT
13:44:56.599 [main] DEBUG org.apache.http.headers - << Content-Type: application/json; charset=utf-8
13:44:56.599 [main] DEBUG org.apache.http.headers - << Content-Length: 97
13:44:56.599 [main] DEBUG org.apache.http.headers - << Connection: keep-alive
13:44:56.599 [main] DEBUG org.apache.http.headers - << X-Powered-By: Express
13:44:56.599 [main] DEBUG org.apache.http.headers - << X-Ratelimit-Limit: 1000
13:44:56.599 [main] DEBUG org.apache.http.headers - << X-Ratelimit-Remaining: 999
13:44:56.599 [main] DEBUG org.apache.http.headers - << X-Ratelimit-Reset: 1681627534
13:44:56.599 [main] DEBUG org.apache.http.headers - << Vary: Origin, X-HTTP-Method-Override, Accept-Encoding
13:44:56.599 [main] DEBUG org.apache.http.headers - << Access-Control-Allow-Credentials: true
13:44:56.599 [main] DEBUG org.apache.http.headers - << Cache-Control: no-cache
13:44:56.599 [main] DEBUG org.apache.http.headers - << Pragma: no-cache
13:44:56.599 [main] DEBUG org.apache.http.headers - << Expires: -1
13:44:56.599 [main] DEBUG org.apache.http.headers - << Access-Control-Expose-Headers: Location
13:44:56.599 [main] DEBUG org.apache.http.headers - << Location: http://jsonplaceholder.typicode.com/posts/101
13:44:56.599 [main] DEBUG org.apache.http.headers - << X-Content-Type-Options: nosniff
13:44:56.599 [main] DEBUG org.apache.http.headers - << Etag: W/"61-XlmCRjLAUl59sRXFHbhJACo4OpE"
13:44:56.599 [main] DEBUG org.apache.http.headers - << Via: 1.1 vegur
13:44:56.599 [main] DEBUG org.apache.http.headers - << CF-Cache-Status: DYNAMIC
13:44:56.599 [main] DEBUG org.apache.http.headers - << Report-To: {"endpoints":[{"url":"https:\/\/a.nel.cloudflare.com\/report\/v3?s=UemZPgpE%2FHyUYxRbEHN8jslZ90U9BV6gWk59UPpY2%2F%2Bh0ceDmXL1cSZoYUOuK%2B0bEtNUdT5GaLIeeiK9H5AXxizLOdQaCgwgV6HXaW3AFExjoT8sqCLEYnGZZg4ptXF9heUv9sFNuivQZHwFZIUg"}],"group":"cf-nel","max_age":604800}
13:44:56.599 [main] DEBUG org.apache.http.headers - << NEL: {"success_fraction":0,"report_to":"cf-nel","max_age":604800}
13:44:56.599 [main] DEBUG org.apache.http.headers - << Server: cloudflare
13:44:56.599 [main] DEBUG org.apache.http.headers - << CF-RAY: 7b8a766a5bcb4912-SIN
13:44:56.599 [main] DEBUG org.apache.http.headers - << alt-svc: h3=":443"; ma=86400, h3-29=":443"; ma=86400
13:44:56.599 [main] DEBUG org.apache.http.impl.client.DefaultHttpClient - Connection can be kept alive indefinitely
13:44:56.599 [main] DEBUG io.restassured.internal.RestAssuredHttpBuilder - Parsing response as: application/json; charset=utf-8
13:44:56.599 [main] DEBUG io.restassured.internal.RestAssuredHttpBuilder - Parsed data to instance of: class org.apache.http.conn.EofSensorInputStream
13:44:56.601 [main] DEBUG org.apache.http.wire -  << "{[\n]"
13:44:56.601 [main] DEBUG org.apache.http.wire -  << "  "title": "andira ms",[\n]"
13:44:56.601 [main] DEBUG org.apache.http.wire -  << "  "body": "halo, saya andira mahendra s",[\n]"
13:44:56.601 [main] DEBUG org.apache.http.wire -  << "  "userId": 10,[\n]"
13:44:56.602 [main] DEBUG org.apache.http.wire -  << "  "id": 101[\n]"
13:44:56.602 [main] DEBUG org.apache.http.wire -  << "}"
13:44:56.602 [main] DEBUG org.apache.http.impl.conn.BasicClientConnectionManager - Releasing connection org.apache.http.impl.conn.ManagedClientConnectionImpl@7f8cd5fc
13:44:56.602 [main] DEBUG org.apache.http.impl.conn.BasicClientConnectionManager - Connection can be kept alive indefinitely
13:44:56.602 [main] DEBUG net.thucydides.core.steps.StepInterceptor - STEP DONE: I send POST HTTP request
  &amp#27;[32mWhen &amp#27;[0m&amp#27;[32mI send POST HTTP request&amp#27;[0m                                 &amp#27;[90m# starter.stepdefinitions.PostsSteps.sendPostHttpRequest()&amp#27;[0m
13:44:56.606 [main] DEBUG net.thucydides.core.steps.StepInterceptor - STARTING STEP: PostsSteps.receiveValidHttp201 - I receive valid HTTP response code 201
13:44:56.607 [main] DEBUG net.thucydides.core.steps.StepInterceptor - STEP DONE: I receive valid HTTP response code 201
  &amp#27;[32mThen &amp#27;[0m&amp#27;[32mI receive valid HTTP response code 201&amp#27;[0m                   &amp#27;[90m# starter.stepdefinitions.PostsSteps.receiveValidHttp201()&amp#27;[0m
13:44:56.614 [main] DEBUG net.thucydides.core.steps.StepInterceptor - STARTING STEP: PostsSteps.validateDataNewUser - I receive valid data for new posts
13:44:56.702 [main] DEBUG net.thucydides.core.steps.StepInterceptor - STEP DONE: I receive valid data for new posts
  &amp#27;[32mAnd &amp#27;[0m&amp#27;[32mI receive valid data for new posts&amp#27;[0m                        &amp#27;[90m# starter.stepdefinitions.PostsSteps.validateDataNewUser()&amp#27;[0m
13:44:56.707 [main] INFO  - 
  _____   ___   ___   _____     ___     _     ___   ___   ___   ___  
 |_   _| | __| / __| |_   _|   | _ \   /_\   / __| / __| | __| |   \ 
   | |   | _|  \__ \   | |     |  _/  / _ \  \__ \ \__ \ | _|  | |) |
   |_|   |___| |___/   |_|     |_|   /_/ \_\ |___/ |___/ |___| |___/ 

POST - As an admin I have be able to create new posts
----------------------------------------------------------------------
]]></system-out>
  </testcase>
  <testcase name="POST - As an admin I shouldn&apos;t be able to create new posts with invalid url" classname="Posts" time="0.219">
    <system-out><![CDATA[
Scenario: POST - As an admin I shouldn't be able to create new posts with invalid url &amp#27;[90m# src/test/resources/features/Posts.feature:25&amp#27;[0m
13:44:56.717 [main] DEBUG io.cucumber.core.plugin.SerenityReporter - Running feature from file:///C:/Users/user/OneDrive/Documents/GitHub/qe_aditya-nugraha-perdana/10_RESTful_API_Testing_with_REST_Assured/praktikum/RESTful_API_Testing/alta/src/test/resources/features/Posts.feature
13:44:56.721 [main] INFO  - 
  _____   ___   ___   _____     ___   _____     _     ___   _____   ___   ___  
 |_   _| | __| / __| |_   _|   / __| |_   _|   /_\   | _ \ |_   _| | __| |   \ 
   | |   | _|  \__ \   | |     \__ \   | |    / _ \  |   /   | |   | _|  | |) |
   |_|   |___| |___/   |_|     |___/   |_|   /_/ \_\ |_|_\   |_|   |___| |___/ 

POST - As an admin I shouldn't be able to create new posts with invalid url(posts;post---as-an-admin-i-shouldn-t-be-able-to-create-new-posts-with-invalid-url)
--------------------------------------------------------------------------------
13:44:56.751 [main] DEBUG net.thucydides.core.steps.StepInterceptor - STARTING STEP: PostsSteps.setPostInvalidApiEndpoints - I set typo POST api endpoints
13:44:56.751 [main] DEBUG net.thucydides.core.steps.StepInterceptor - STEP DONE: I set typo POST api endpoints
  &amp#27;[32mGiven &amp#27;[0m&amp#27;[32mI set typo POST api endpoints&amp#27;[0m                                                 &amp#27;[90m# starter.stepdefinitions.PostsSteps.setPostInvalidApiEndpoints()&amp#27;[0m
13:44:56.758 [main] DEBUG net.thucydides.core.steps.StepInterceptor - STARTING STEP: PostsSteps.setPostHttpRequest - I send typo POST HTTP request
13:44:56.761 [main] DEBUG net.thucydides.core.steps.StepInterceptor - STARTING STEP: Post.setPostInvalidHttpRequest - I set typo POST api endpoints
13:44:56.761 [main] DEBUG net.thucydides.core.steps.StepInterceptor - STEP DONE: I set typo POST api endpoints
13:44:56.787 [main] DEBUG org.apache.http.impl.conn.BasicClientConnectionManager - Get connection for route {s}->https://jsonplaceholder.typicode.com:443
13:44:56.787 [main] DEBUG org.apache.http.impl.conn.DefaultClientConnectionOperator - Connecting to jsonplaceholder.typicode.com:443
13:44:56.862 [main] DEBUG org.apache.http.client.protocol.RequestAddCookies - CookieSpec selected: ignoreCookies
13:44:56.862 [main] DEBUG org.apache.http.client.protocol.RequestAuthCache - Auth cache not set in the context
13:44:56.862 [main] DEBUG org.apache.http.client.protocol.RequestTargetAuthentication - Target auth state: UNCHALLENGED
13:44:56.862 [main] DEBUG org.apache.http.client.protocol.RequestProxyAuthentication - Proxy auth state: UNCHALLENGED
13:44:56.862 [main] DEBUG org.apache.http.impl.client.DefaultHttpClient - Attempt 1 to execute request
13:44:56.862 [main] DEBUG org.apache.http.impl.conn.DefaultClientConnection - Sending request: GET /post/1 HTTP/1.1
13:44:56.862 [main] DEBUG org.apache.http.wire -  >> "GET /post/1 HTTP/1.1[\r][\n]"
13:44:56.863 [main] DEBUG org.apache.http.wire -  >> "Accept: */*[\r][\n]"
13:44:56.863 [main] DEBUG org.apache.http.wire -  >> "Host: jsonplaceholder.typicode.com[\r][\n]"
13:44:56.863 [main] DEBUG org.apache.http.wire -  >> "Connection: Keep-Alive[\r][\n]"
13:44:56.863 [main] DEBUG org.apache.http.wire -  >> "User-Agent: Apache-HttpClient/4.5.13 (Java/11.0.15.1)[\r][\n]"
13:44:56.863 [main] DEBUG org.apache.http.wire -  >> "Accept-Encoding: gzip,deflate[\r][\n]"
13:44:56.863 [main] DEBUG org.apache.http.wire -  >> "[\r][\n]"
13:44:56.863 [main] DEBUG org.apache.http.headers - >> GET /post/1 HTTP/1.1
13:44:56.863 [main] DEBUG org.apache.http.headers - >> Accept: */*
13:44:56.863 [main] DEBUG org.apache.http.headers - >> Host: jsonplaceholder.typicode.com
13:44:56.863 [main] DEBUG org.apache.http.headers - >> Connection: Keep-Alive
13:44:56.863 [main] DEBUG org.apache.http.headers - >> User-Agent: Apache-HttpClient/4.5.13 (Java/11.0.15.1)
13:44:56.863 [main] DEBUG org.apache.http.headers - >> Accept-Encoding: gzip,deflate
13:44:56.893 [main] DEBUG org.apache.http.wire -  << "HTTP/1.1 404 Not Found[\r][\n]"
13:44:56.894 [main] DEBUG org.apache.http.wire -  << "Date: Sun, 16 Apr 2023 06:44:56 GMT[\r][\n]"
13:44:56.894 [main] DEBUG org.apache.http.wire -  << "Content-Type: application/json; charset=utf-8[\r][\n]"
13:44:56.894 [main] DEBUG org.apache.http.wire -  << "Content-Length: 2[\r][\n]"
13:44:56.894 [main] DEBUG org.apache.http.wire -  << "Connection: keep-alive[\r][\n]"
13:44:56.894 [main] DEBUG org.apache.http.wire -  << "X-Powered-By: Express[\r][\n]"
13:44:56.894 [main] DEBUG org.apache.http.wire -  << "X-Ratelimit-Limit: 1000[\r][\n]"
13:44:56.894 [main] DEBUG org.apache.http.wire -  << "X-Ratelimit-Remaining: 997[\r][\n]"
13:44:56.894 [main] DEBUG org.apache.http.wire -  << "X-Ratelimit-Reset: 1681613134[\r][\n]"
13:44:56.894 [main] DEBUG org.apache.http.wire -  << "Vary: Origin, Accept-Encoding[\r][\n]"
13:44:56.894 [main] DEBUG org.apache.http.wire -  << "Access-Control-Allow-Credentials: true[\r][\n]"
13:44:56.894 [main] DEBUG org.apache.http.wire -  << "Cache-Control: max-age=43200[\r][\n]"
13:44:56.894 [main] DEBUG org.apache.http.wire -  << "Pragma: no-cache[\r][\n]"
13:44:56.894 [main] DEBUG org.apache.http.wire -  << "Expires: -1[\r][\n]"
13:44:56.894 [main] DEBUG org.apache.http.wire -  << "X-Content-Type-Options: nosniff[\r][\n]"
13:44:56.894 [main] DEBUG org.apache.http.wire -  << "Etag: W/"2-vyGp6PvFo4RvsFtPoIWeCReyIC8"[\r][\n]"
13:44:56.894 [main] DEBUG org.apache.http.wire -  << "Via: 1.1 vegur[\r][\n]"
13:44:56.894 [main] DEBUG org.apache.http.wire -  << "CF-Cache-Status: HIT[\r][\n]"
13:44:56.895 [main] DEBUG org.apache.http.wire -  << "Age: 14379[\r][\n]"
13:44:56.895 [main] DEBUG org.apache.http.wire -  << "Report-To: {"endpoints":[{"url":"https:\/\/a.nel.cloudflare.com\/report\/v3?s=6p0cNSAQn9nG85bKAYIAQR6o%2Fd2PTc0DlgDmT%2BPTf%2F0kV9bUe0cCcvk5Ou4i3xc3RkgKePPUs9Cipxk9GXxEAzaTi4vvzFZSBQoSFNsB0voegR%2FdAwZSQwrsLCjTOuRRkoLcsVIPMvOuWDXEQuIJ"}],"group":"cf-nel","max_age":604800}[\r][\n]"
13:44:56.895 [main] DEBUG org.apache.http.wire -  << "NEL: {"success_fraction":0,"report_to":"cf-nel","max_age":604800}[\r][\n]"
13:44:56.895 [main] DEBUG org.apache.http.wire -  << "Server: cloudflare[\r][\n]"
13:44:56.895 [main] DEBUG org.apache.http.wire -  << "CF-RAY: 7b8a766f59798942-SIN[\r][\n]"
13:44:56.895 [main] DEBUG org.apache.http.wire -  << "alt-svc: h3=":443"; ma=86400, h3-29=":443"; ma=86400[\r][\n]"
13:44:56.895 [main] DEBUG org.apache.http.wire -  << "[\r][\n]"
13:44:56.896 [main] DEBUG org.apache.http.impl.conn.DefaultClientConnection - Receiving response: HTTP/1.1 404 Not Found
13:44:56.896 [main] DEBUG org.apache.http.headers - << HTTP/1.1 404 Not Found
13:44:56.896 [main] DEBUG org.apache.http.headers - << Date: Sun, 16 Apr 2023 06:44:56 GMT
13:44:56.896 [main] DEBUG org.apache.http.headers - << Content-Type: application/json; charset=utf-8
13:44:56.896 [main] DEBUG org.apache.http.headers - << Content-Length: 2
13:44:56.896 [main] DEBUG org.apache.http.headers - << Connection: keep-alive
13:44:56.896 [main] DEBUG org.apache.http.headers - << X-Powered-By: Express
13:44:56.896 [main] DEBUG org.apache.http.headers - << X-Ratelimit-Limit: 1000
13:44:56.896 [main] DEBUG org.apache.http.headers - << X-Ratelimit-Remaining: 997
13:44:56.896 [main] DEBUG org.apache.http.headers - << X-Ratelimit-Reset: 1681613134
13:44:56.896 [main] DEBUG org.apache.http.headers - << Vary: Origin, Accept-Encoding
13:44:56.896 [main] DEBUG org.apache.http.headers - << Access-Control-Allow-Credentials: true
13:44:56.896 [main] DEBUG org.apache.http.headers - << Cache-Control: max-age=43200
13:44:56.896 [main] DEBUG org.apache.http.headers - << Pragma: no-cache
13:44:56.896 [main] DEBUG org.apache.http.headers - << Expires: -1
13:44:56.896 [main] DEBUG org.apache.http.headers - << X-Content-Type-Options: nosniff
13:44:56.896 [main] DEBUG org.apache.http.headers - << Etag: W/"2-vyGp6PvFo4RvsFtPoIWeCReyIC8"
13:44:56.896 [main] DEBUG org.apache.http.headers - << Via: 1.1 vegur
13:44:56.896 [main] DEBUG org.apache.http.headers - << CF-Cache-Status: HIT
13:44:56.896 [main] DEBUG org.apache.http.headers - << Age: 14379
13:44:56.896 [main] DEBUG org.apache.http.headers - << Report-To: {"endpoints":[{"url":"https:\/\/a.nel.cloudflare.com\/report\/v3?s=6p0cNSAQn9nG85bKAYIAQR6o%2Fd2PTc0DlgDmT%2BPTf%2F0kV9bUe0cCcvk5Ou4i3xc3RkgKePPUs9Cipxk9GXxEAzaTi4vvzFZSBQoSFNsB0voegR%2FdAwZSQwrsLCjTOuRRkoLcsVIPMvOuWDXEQuIJ"}],"group":"cf-nel","max_age":604800}
13:44:56.896 [main] DEBUG org.apache.http.headers - << NEL: {"success_fraction":0,"report_to":"cf-nel","max_age":604800}
13:44:56.896 [main] DEBUG org.apache.http.headers - << Server: cloudflare
13:44:56.896 [main] DEBUG org.apache.http.headers - << CF-RAY: 7b8a766f59798942-SIN
13:44:56.896 [main] DEBUG org.apache.http.headers - << alt-svc: h3=":443"; ma=86400, h3-29=":443"; ma=86400
13:44:56.897 [main] DEBUG org.apache.http.impl.client.DefaultHttpClient - Connection can be kept alive indefinitely
13:44:56.897 [main] DEBUG io.restassured.internal.RestAssuredHttpBuilder - Parsing response as: application/json; charset=utf-8
13:44:56.897 [main] DEBUG io.restassured.internal.RestAssuredHttpBuilder - Parsed data to instance of: class org.apache.http.conn.EofSensorInputStream
13:44:56.899 [main] DEBUG org.apache.http.wire -  << "{}"
13:44:56.899 [main] DEBUG org.apache.http.impl.conn.BasicClientConnectionManager - Releasing connection org.apache.http.impl.conn.ManagedClientConnectionImpl@2078bf0a
13:44:56.899 [main] DEBUG org.apache.http.impl.conn.BasicClientConnectionManager - Connection can be kept alive indefinitely
13:44:56.900 [main] DEBUG net.thucydides.core.steps.StepInterceptor - STEP DONE: I send typo POST HTTP request
  &amp#27;[32mWhen &amp#27;[0m&amp#27;[32mI send typo POST HTTP request&amp#27;[0m                                                  &amp#27;[90m# starter.stepdefinitions.PostsSteps.setPostHttpRequest()&amp#27;[0m
13:44:56.908 [main] DEBUG net.thucydides.core.steps.StepInterceptor - STARTING STEP: PostsSteps.receiveInvalidHttpResponse - I receive invalid HTTP response code 404 Not Found
13:44:56.910 [main] DEBUG net.thucydides.core.steps.StepInterceptor - STEP DONE: I receive invalid HTTP response code 404 Not Found
  &amp#27;[32mThen &amp#27;[0m&amp#27;[32mI receive invalid HTTP response code 404 Not Found&amp#27;[0m                             &amp#27;[90m# starter.stepdefinitions.PostsSteps.receiveInvalidHttpResponse()&amp#27;[0m
13:44:56.917 [main] DEBUG net.thucydides.core.steps.StepInterceptor - STARTING STEP: PostsSteps.receiveNothing - I receive nothing from the page
13:44:56.917 [main] DEBUG net.thucydides.core.steps.StepInterceptor - STEP DONE: I receive nothing from the page
  &amp#27;[32mAnd &amp#27;[0m&amp#27;[32mI receive nothing from the page&amp#27;[0m                                                 &amp#27;[90m# starter.stepdefinitions.PostsSteps.receiveNothing()&amp#27;[0m
13:44:56.924 [main] INFO  - 
  _____   ___   ___   _____     ___     _     ___   ___   ___   ___  
 |_   _| | __| / __| |_   _|   | _ \   /_\   / __| / __| | __| |   \ 
   | |   | _|  \__ \   | |     |  _/  / _ \  \__ \ \__ \ | _|  | |) |
   |_|   |___| |___/   |_|     |_|   /_/ \_\ |___/ |___/ |___| |___/ 

POST - As an admin I shouldn't be able to create new posts with invalid url
----------------------------------------------------------------------
]]></system-out>
  </testcase>
  <testcase name="PUT - As sn admin I have be able to update existing posts" classname="Posts" time="0.787">
    <system-out><![CDATA[
Scenario: PUT - As sn admin I have be able to update existing posts &amp#27;[90m# src/test/resources/features/Posts.feature:31&amp#27;[0m
13:44:56.938 [main] DEBUG io.cucumber.core.plugin.SerenityReporter - Running feature from file:///C:/Users/user/OneDrive/Documents/GitHub/qe_aditya-nugraha-perdana/10_RESTful_API_Testing_with_REST_Assured/praktikum/RESTful_API_Testing/alta/src/test/resources/features/Posts.feature
13:44:56.950 [main] INFO  - 
  _____   ___   ___   _____     ___   _____     _     ___   _____   ___   ___  
 |_   _| | __| / __| |_   _|   / __| |_   _|   /_\   | _ \ |_   _| | __| |   \ 
   | |   | _|  \__ \   | |     \__ \   | |    / _ \  |   /   | |   | _|  | |) |
   |_|   |___| |___/   |_|     |___/   |_|   /_/ \_\ |_|_\   |_|   |___| |___/ 

PUT - As sn admin I have be able to update existing posts(posts;put---as-sn-admin-i-have-be-able-to-update-existing-posts)
--------------------------------------------------------------------------------
13:44:57.001 [main] DEBUG net.thucydides.core.steps.StepInterceptor - STARTING STEP: PostsSteps.setPutApiEndpoints - I set PUT api endpoints
13:44:57.002 [main] DEBUG net.thucydides.core.steps.StepInterceptor - STEP DONE: I set PUT api endpoints
  &amp#27;[32mGiven &amp#27;[0m&amp#27;[32mI set PUT api endpoints&amp#27;[0m                                     &amp#27;[90m# starter.stepdefinitions.PostsSteps.setPutApiEndpoints()&amp#27;[0m
13:44:57.010 [main] DEBUG net.thucydides.core.steps.StepInterceptor - STARTING STEP: PostsSteps.sendPutHttpRequest - I send PUT HTTP request
13:44:57.016 [main] DEBUG net.thucydides.core.steps.StepInterceptor - STARTING STEP: Update.sendPutHttpRequest - I set PUT api endpoints
13:44:57.017 [main] DEBUG net.thucydides.core.steps.StepInterceptor - STEP DONE: I set PUT api endpoints
13:44:57.046 [main] DEBUG org.apache.http.impl.conn.BasicClientConnectionManager - Get connection for route {s}->https://jsonplaceholder.typicode.com:443
13:44:57.046 [main] DEBUG org.apache.http.impl.conn.DefaultClientConnectionOperator - Connecting to jsonplaceholder.typicode.com:443
13:44:57.113 [main] DEBUG org.apache.http.client.protocol.RequestAddCookies - CookieSpec selected: ignoreCookies
13:44:57.114 [main] DEBUG org.apache.http.client.protocol.RequestAuthCache - Auth cache not set in the context
13:44:57.114 [main] DEBUG org.apache.http.client.protocol.RequestTargetAuthentication - Target auth state: UNCHALLENGED
13:44:57.114 [main] DEBUG org.apache.http.client.protocol.RequestProxyAuthentication - Proxy auth state: UNCHALLENGED
13:44:57.114 [main] DEBUG org.apache.http.impl.client.DefaultHttpClient - Attempt 1 to execute request
13:44:57.114 [main] DEBUG org.apache.http.impl.conn.DefaultClientConnection - Sending request: PUT /posts/1 HTTP/1.1
13:44:57.115 [main] DEBUG org.apache.http.wire -  >> "PUT /posts/1 HTTP/1.1[\r][\n]"
13:44:57.115 [main] DEBUG org.apache.http.wire -  >> "Accept: */*[\r][\n]"
13:44:57.115 [main] DEBUG org.apache.http.wire -  >> "Content-Type: application/json[\r][\n]"
13:44:57.115 [main] DEBUG org.apache.http.wire -  >> "Content-Length: 58[\r][\n]"
13:44:57.115 [main] DEBUG org.apache.http.wire -  >> "Host: jsonplaceholder.typicode.com[\r][\n]"
13:44:57.115 [main] DEBUG org.apache.http.wire -  >> "Connection: Keep-Alive[\r][\n]"
13:44:57.115 [main] DEBUG org.apache.http.wire -  >> "User-Agent: Apache-HttpClient/4.5.13 (Java/11.0.15.1)[\r][\n]"
13:44:57.115 [main] DEBUG org.apache.http.wire -  >> "Accept-Encoding: gzip,deflate[\r][\n]"
13:44:57.115 [main] DEBUG org.apache.http.wire -  >> "[\r][\n]"
13:44:57.115 [main] DEBUG org.apache.http.headers - >> PUT /posts/1 HTTP/1.1
13:44:57.115 [main] DEBUG org.apache.http.headers - >> Accept: */*
13:44:57.115 [main] DEBUG org.apache.http.headers - >> Content-Type: application/json
13:44:57.115 [main] DEBUG org.apache.http.headers - >> Content-Length: 58
13:44:57.115 [main] DEBUG org.apache.http.headers - >> Host: jsonplaceholder.typicode.com
13:44:57.115 [main] DEBUG org.apache.http.headers - >> Connection: Keep-Alive
13:44:57.115 [main] DEBUG org.apache.http.headers - >> User-Agent: Apache-HttpClient/4.5.13 (Java/11.0.15.1)
13:44:57.116 [main] DEBUG org.apache.http.headers - >> Accept-Encoding: gzip,deflate
13:44:57.116 [main] DEBUG org.apache.http.wire -  >> "{"title":"my name is andira ms","body":"Ini sudah diubah"}"
13:44:57.628 [main] DEBUG org.apache.http.wire -  << "HTTP/1.1 200 OK[\r][\n]"
13:44:57.629 [main] DEBUG org.apache.http.wire -  << "Date: Sun, 16 Apr 2023 06:44:57 GMT[\r][\n]"
13:44:57.629 [main] DEBUG org.apache.http.wire -  << "Content-Type: application/json; charset=utf-8[\r][\n]"
13:44:57.629 [main] DEBUG org.apache.http.wire -  << "Transfer-Encoding: chunked[\r][\n]"
13:44:57.629 [main] DEBUG org.apache.http.wire -  << "Connection: keep-alive[\r][\n]"
13:44:57.629 [main] DEBUG org.apache.http.wire -  << "X-Powered-By: Express[\r][\n]"
13:44:57.629 [main] DEBUG org.apache.http.wire -  << "X-Ratelimit-Limit: 1000[\r][\n]"
13:44:57.629 [main] DEBUG org.apache.http.wire -  << "X-Ratelimit-Remaining: 998[\r][\n]"
13:44:57.629 [main] DEBUG org.apache.http.wire -  << "X-Ratelimit-Reset: 1681627534[\r][\n]"
13:44:57.629 [main] DEBUG org.apache.http.wire -  << "Vary: Origin, Accept-Encoding[\r][\n]"
13:44:57.629 [main] DEBUG org.apache.http.wire -  << "Access-Control-Allow-Credentials: true[\r][\n]"
13:44:57.629 [main] DEBUG org.apache.http.wire -  << "Cache-Control: no-cache[\r][\n]"
13:44:57.629 [main] DEBUG org.apache.http.wire -  << "Pragma: no-cache[\r][\n]"
13:44:57.629 [main] DEBUG org.apache.http.wire -  << "Expires: -1[\r][\n]"
13:44:57.629 [main] DEBUG org.apache.http.wire -  << "X-Content-Type-Options: nosniff[\r][\n]"
13:44:57.629 [main] DEBUG org.apache.http.wire -  << "Etag: W/"4e-NFUI9Zl8ipwqPLfSdm9dHBr4atk"[\r][\n]"
13:44:57.629 [main] DEBUG org.apache.http.wire -  << "Via: 1.1 vegur[\r][\n]"
13:44:57.629 [main] DEBUG org.apache.http.wire -  << "CF-Cache-Status: DYNAMIC[\r][\n]"
13:44:57.629 [main] DEBUG org.apache.http.wire -  << "Report-To: {"endpoints":[{"url":"https:\/\/a.nel.cloudflare.com\/report\/v3?s=sR1D1CboF04Zb9%2FDX03L1Pa%2BfM1WViDDJHIdM2WQpPUxZaPsFyBVOQUi7uNoYh5%2Fd4pBKLoNR1h0BFwlrLuixdiercXydpyiDY47GAu%2F7xB67t79asuWXAzowq9vA2Ly5mcAJWA10o1TfstcwGgF"}],"group":"cf-nel","max_age":604800}[\r][\n]"
13:44:57.629 [main] DEBUG org.apache.http.wire -  << "NEL: {"success_fraction":0,"report_to":"cf-nel","max_age":604800}[\r][\n]"
13:44:57.629 [main] DEBUG org.apache.http.wire -  << "Server: cloudflare[\r][\n]"
13:44:57.629 [main] DEBUG org.apache.http.wire -  << "CF-RAY: 7b8a7670e86f4649-SIN[\r][\n]"
13:44:57.629 [main] DEBUG org.apache.http.wire -  << "Content-Encoding: gzip[\r][\n]"
13:44:57.629 [main] DEBUG org.apache.http.wire -  << "alt-svc: h3=":443"; ma=86400, h3-29=":443"; ma=86400[\r][\n]"
13:44:57.629 [main] DEBUG org.apache.http.wire -  << "[\r][\n]"
13:44:57.629 [main] DEBUG org.apache.http.impl.conn.DefaultClientConnection - Receiving response: HTTP/1.1 200 OK
13:44:57.629 [main] DEBUG org.apache.http.headers - << HTTP/1.1 200 OK
13:44:57.629 [main] DEBUG org.apache.http.headers - << Date: Sun, 16 Apr 2023 06:44:57 GMT
13:44:57.629 [main] DEBUG org.apache.http.headers - << Content-Type: application/json; charset=utf-8
13:44:57.630 [main] DEBUG org.apache.http.headers - << Transfer-Encoding: chunked
13:44:57.630 [main] DEBUG org.apache.http.headers - << Connection: keep-alive
13:44:57.630 [main] DEBUG org.apache.http.headers - << X-Powered-By: Express
13:44:57.630 [main] DEBUG org.apache.http.headers - << X-Ratelimit-Limit: 1000
13:44:57.630 [main] DEBUG org.apache.http.headers - << X-Ratelimit-Remaining: 998
13:44:57.630 [main] DEBUG org.apache.http.headers - << X-Ratelimit-Reset: 1681627534
13:44:57.630 [main] DEBUG org.apache.http.headers - << Vary: Origin, Accept-Encoding
13:44:57.630 [main] DEBUG org.apache.http.headers - << Access-Control-Allow-Credentials: true
13:44:57.630 [main] DEBUG org.apache.http.headers - << Cache-Control: no-cache
13:44:57.630 [main] DEBUG org.apache.http.headers - << Pragma: no-cache
13:44:57.630 [main] DEBUG org.apache.http.headers - << Expires: -1
13:44:57.630 [main] DEBUG org.apache.http.headers - << X-Content-Type-Options: nosniff
13:44:57.630 [main] DEBUG org.apache.http.headers - << Etag: W/"4e-NFUI9Zl8ipwqPLfSdm9dHBr4atk"
13:44:57.630 [main] DEBUG org.apache.http.headers - << Via: 1.1 vegur
13:44:57.630 [main] DEBUG org.apache.http.headers - << CF-Cache-Status: DYNAMIC
13:44:57.630 [main] DEBUG org.apache.http.headers - << Report-To: {"endpoints":[{"url":"https:\/\/a.nel.cloudflare.com\/report\/v3?s=sR1D1CboF04Zb9%2FDX03L1Pa%2BfM1WViDDJHIdM2WQpPUxZaPsFyBVOQUi7uNoYh5%2Fd4pBKLoNR1h0BFwlrLuixdiercXydpyiDY47GAu%2F7xB67t79asuWXAzowq9vA2Ly5mcAJWA10o1TfstcwGgF"}],"group":"cf-nel","max_age":604800}
13:44:57.630 [main] DEBUG org.apache.http.headers - << NEL: {"success_fraction":0,"report_to":"cf-nel","max_age":604800}
13:44:57.630 [main] DEBUG org.apache.http.headers - << Server: cloudflare
13:44:57.630 [main] DEBUG org.apache.http.headers - << CF-RAY: 7b8a7670e86f4649-SIN
13:44:57.630 [main] DEBUG org.apache.http.headers - << Content-Encoding: gzip
13:44:57.630 [main] DEBUG org.apache.http.headers - << alt-svc: h3=":443"; ma=86400, h3-29=":443"; ma=86400
13:44:57.630 [main] DEBUG org.apache.http.impl.client.DefaultHttpClient - Connection can be kept alive indefinitely
13:44:57.630 [main] DEBUG io.restassured.internal.RestAssuredHttpBuilder - Parsing response as: application/json; charset=utf-8
13:44:57.630 [main] DEBUG org.apache.http.wire -  << "60[\r][\n]"
13:44:57.630 [main] DEBUG org.apache.http.wire -  << "[0x1f][0x8b][0x8][0x0][0x0][0x0][0x0][0x0][0x0][0x3][0xaa][0xe6]RPP*[0xc9],[0xc9]IU[0xb2]RP[0xca][0xad]T[0xc8]K[0xcc]MU[0xc8],VH[0xcc]K[0xc9],JT[0xc8]-V[0xd2][0x1])I[0xca]O[0xa9][0x4][0xa9][0xf0][0xcc][0xcb]T(.MI[0xcc]PH[0xc9],MJ[0xcc][0x80][0xc8]f[0xa6](Y)[0x18]r[0xd5][0x2][0x0][0x0][0x0][0xff][0xff][0x3][0x0][0xe9]E[0xef][0xbf]N[0x0][0x0][0x0]"
13:44:57.630 [main] DEBUG org.apache.http.wire -  << "[\r][\n]"
13:44:57.631 [main] DEBUG org.apache.http.wire -  << "0[\r][\n]"
13:44:57.631 [main] DEBUG org.apache.http.wire -  << "[\r][\n]"
13:44:57.631 [main] DEBUG io.restassured.internal.RestAssuredHttpBuilder - Parsed data to instance of: class org.apache.http.conn.EofSensorInputStream
13:44:57.632 [main] DEBUG org.apache.http.impl.conn.BasicClientConnectionManager - Releasing connection org.apache.http.impl.conn.ManagedClientConnectionImpl@7df5549e
13:44:57.633 [main] DEBUG org.apache.http.impl.conn.BasicClientConnectionManager - Connection can be kept alive indefinitely
13:44:57.633 [main] DEBUG net.thucydides.core.steps.StepInterceptor - STEP DONE: I send PUT HTTP request
  &amp#27;[32mWhen &amp#27;[0m&amp#27;[32mI send PUT HTTP request&amp#27;[0m                                      &amp#27;[90m# starter.stepdefinitions.PostsSteps.sendPutHttpRequest()&amp#27;[0m
13:44:57.666 [main] DEBUG net.thucydides.core.steps.StepInterceptor - STARTING STEP: PostsSteps.receiveValidHttpResponse - I receive valid HTTP response code 200
13:44:57.668 [main] DEBUG net.thucydides.core.steps.StepInterceptor - STEP DONE: I receive valid HTTP response code 200
13:44:57.668 [Finalizer] DEBUG org.apache.http.impl.conn.DefaultClientConnection - Connection 0.0.0.0:55270<->104.21.54.83:443 closed
  &amp#27;[32mThen &amp#27;[0m&amp#27;[32mI receive valid HTTP response code 200&amp#27;[0m                       &amp#27;[90m# starter.stepdefinitions.PostsSteps.receiveValidHttpResponse()&amp#27;[0m
13:44:57.669 [Finalizer] DEBUG org.apache.http.impl.conn.DefaultClientConnection - Connection 0.0.0.0:55268<->104.21.54.83:443 closed
13:44:57.673 [Finalizer] DEBUG org.apache.http.impl.conn.DefaultClientConnection - Connection 0.0.0.0:55269<->104.21.54.83:443 closed
13:44:57.675 [Finalizer] DEBUG org.apache.http.impl.conn.DefaultClientConnection - Connection 0.0.0.0:55272<->104.21.54.83:443 closed
13:44:57.680 [main] DEBUG net.thucydides.core.steps.StepInterceptor - STARTING STEP: PostsSteps.validateUpdateUser - I receive valid data for update posts
13:44:57.710 [main] DEBUG net.thucydides.core.steps.StepInterceptor - STEP DONE: I receive valid data for update posts
  &amp#27;[32mAnd &amp#27;[0m&amp#27;[32mI receive valid data for update posts&amp#27;[0m                         &amp#27;[90m# starter.stepdefinitions.PostsSteps.validateUpdateUser()&amp#27;[0m
13:44:57.715 [main] INFO  - 
  _____   ___   ___   _____     ___     _     ___   ___   ___   ___  
 |_   _| | __| / __| |_   _|   | _ \   /_\   / __| / __| | __| |   \ 
   | |   | _|  \__ \   | |     |  _/  / _ \  \__ \ \__ \ | _|  | |) |
   |_|   |___| |___/   |_|     |_|   /_/ \_\ |___/ |___/ |___| |___/ 

PUT - As sn admin I have be able to update existing posts
----------------------------------------------------------------------
]]></system-out>
  </testcase>
  <testcase name="PUT - As an admin I shouldn&apos;t be able to update missing posts" classname="Posts" time="0.686">
    <system-out><![CDATA[
Scenario: PUT - As an admin I shouldn't be able to update missing posts &amp#27;[90m# src/test/resources/features/Posts.feature:37&amp#27;[0m
13:44:57.725 [main] DEBUG io.cucumber.core.plugin.SerenityReporter - Running feature from file:///C:/Users/user/OneDrive/Documents/GitHub/qe_aditya-nugraha-perdana/10_RESTful_API_Testing_with_REST_Assured/praktikum/RESTful_API_Testing/alta/src/test/resources/features/Posts.feature
13:44:57.731 [main] INFO  - 
  _____   ___   ___   _____     ___   _____     _     ___   _____   ___   ___  
 |_   _| | __| / __| |_   _|   / __| |_   _|   /_\   | _ \ |_   _| | __| |   \ 
   | |   | _|  \__ \   | |     \__ \   | |    / _ \  |   /   | |   | _|  | |) |
   |_|   |___| |___/   |_|     |___/   |_|   /_/ \_\ |_|_\   |_|   |___| |___/ 

PUT - As an admin I shouldn't be able to update missing posts(posts;put---as-an-admin-i-shouldn-t-be-able-to-update-missing-posts)
--------------------------------------------------------------------------------
13:44:57.767 [main] DEBUG net.thucydides.core.steps.StepInterceptor - STARTING STEP: PostsSteps.setPutInvalidApiEndpoints - I set PUT to invalid api endpoints
13:44:57.768 [main] DEBUG net.thucydides.core.steps.StepInterceptor - STEP DONE: I set PUT to invalid api endpoints
  &amp#27;[32mGiven &amp#27;[0m&amp#27;[32mI set PUT to invalid api endpoints&amp#27;[0m                              &amp#27;[90m# starter.stepdefinitions.PostsSteps.setPutInvalidApiEndpoints()&amp#27;[0m
13:44:57.780 [main] DEBUG net.thucydides.core.steps.StepInterceptor - STARTING STEP: PostsSteps.sendPutHttpRequest - I send PUT HTTP request
13:44:57.784 [main] DEBUG net.thucydides.core.steps.StepInterceptor - STARTING STEP: Update.sendPutHttpRequest - I set PUT api endpoints
13:44:57.784 [main] DEBUG net.thucydides.core.steps.StepInterceptor - STEP DONE: I set PUT api endpoints
13:44:57.814 [main] DEBUG org.apache.http.impl.conn.BasicClientConnectionManager - Get connection for route {s}->https://jsonplaceholder.typicode.com:443
13:44:57.815 [main] DEBUG org.apache.http.impl.conn.DefaultClientConnectionOperator - Connecting to jsonplaceholder.typicode.com:443
13:44:57.886 [main] DEBUG org.apache.http.client.protocol.RequestAddCookies - CookieSpec selected: ignoreCookies
13:44:57.886 [main] DEBUG org.apache.http.client.protocol.RequestAuthCache - Auth cache not set in the context
13:44:57.886 [main] DEBUG org.apache.http.client.protocol.RequestTargetAuthentication - Target auth state: UNCHALLENGED
13:44:57.886 [main] DEBUG org.apache.http.client.protocol.RequestProxyAuthentication - Proxy auth state: UNCHALLENGED
13:44:57.886 [main] DEBUG org.apache.http.impl.client.DefaultHttpClient - Attempt 1 to execute request
13:44:57.886 [main] DEBUG org.apache.http.impl.conn.DefaultClientConnection - Sending request: PUT /posts/1 HTTP/1.1
13:44:57.886 [main] DEBUG org.apache.http.wire -  >> "PUT /posts/1 HTTP/1.1[\r][\n]"
13:44:57.886 [main] DEBUG org.apache.http.wire -  >> "Accept: */*[\r][\n]"
13:44:57.886 [main] DEBUG org.apache.http.wire -  >> "Content-Type: application/json[\r][\n]"
13:44:57.886 [main] DEBUG org.apache.http.wire -  >> "Content-Length: 58[\r][\n]"
13:44:57.887 [main] DEBUG org.apache.http.wire -  >> "Host: jsonplaceholder.typicode.com[\r][\n]"
13:44:57.887 [main] DEBUG org.apache.http.wire -  >> "Connection: Keep-Alive[\r][\n]"
13:44:57.887 [main] DEBUG org.apache.http.wire -  >> "User-Agent: Apache-HttpClient/4.5.13 (Java/11.0.15.1)[\r][\n]"
13:44:57.887 [main] DEBUG org.apache.http.wire -  >> "Accept-Encoding: gzip,deflate[\r][\n]"
13:44:57.887 [main] DEBUG org.apache.http.wire -  >> "[\r][\n]"
13:44:57.887 [main] DEBUG org.apache.http.headers - >> PUT /posts/1 HTTP/1.1
13:44:57.887 [main] DEBUG org.apache.http.headers - >> Accept: */*
13:44:57.887 [main] DEBUG org.apache.http.headers - >> Content-Type: application/json
13:44:57.887 [main] DEBUG org.apache.http.headers - >> Content-Length: 58
13:44:57.887 [main] DEBUG org.apache.http.headers - >> Host: jsonplaceholder.typicode.com
13:44:57.887 [main] DEBUG org.apache.http.headers - >> Connection: Keep-Alive
13:44:57.887 [main] DEBUG org.apache.http.headers - >> User-Agent: Apache-HttpClient/4.5.13 (Java/11.0.15.1)
13:44:57.887 [main] DEBUG org.apache.http.headers - >> Accept-Encoding: gzip,deflate
13:44:57.887 [main] DEBUG org.apache.http.wire -  >> "{"title":"my name is andira ms","body":"Ini sudah diubah"}"
13:44:58.389 [main] DEBUG org.apache.http.wire -  << "HTTP/1.1 200 OK[\r][\n]"
13:44:58.390 [main] DEBUG org.apache.http.wire -  << "Date: Sun, 16 Apr 2023 06:44:58 GMT[\r][\n]"
13:44:58.390 [main] DEBUG org.apache.http.wire -  << "Content-Type: application/json; charset=utf-8[\r][\n]"
13:44:58.390 [main] DEBUG org.apache.http.wire -  << "Transfer-Encoding: chunked[\r][\n]"
13:44:58.390 [main] DEBUG org.apache.http.wire -  << "Connection: keep-alive[\r][\n]"
13:44:58.390 [main] DEBUG org.apache.http.wire -  << "X-Powered-By: Express[\r][\n]"
13:44:58.390 [main] DEBUG org.apache.http.wire -  << "X-Ratelimit-Limit: 1000[\r][\n]"
13:44:58.390 [main] DEBUG org.apache.http.wire -  << "X-Ratelimit-Remaining: 997[\r][\n]"
13:44:58.390 [main] DEBUG org.apache.http.wire -  << "X-Ratelimit-Reset: 1681627534[\r][\n]"
13:44:58.390 [main] DEBUG org.apache.http.wire -  << "Vary: Origin, Accept-Encoding[\r][\n]"
13:44:58.390 [main] DEBUG org.apache.http.wire -  << "Access-Control-Allow-Credentials: true[\r][\n]"
13:44:58.390 [main] DEBUG org.apache.http.wire -  << "Cache-Control: no-cache[\r][\n]"
13:44:58.390 [main] DEBUG org.apache.http.wire -  << "Pragma: no-cache[\r][\n]"
13:44:58.390 [main] DEBUG org.apache.http.wire -  << "Expires: -1[\r][\n]"
13:44:58.390 [main] DEBUG org.apache.http.wire -  << "X-Content-Type-Options: nosniff[\r][\n]"
13:44:58.390 [main] DEBUG org.apache.http.wire -  << "Etag: W/"4e-NFUI9Zl8ipwqPLfSdm9dHBr4atk"[\r][\n]"
13:44:58.390 [main] DEBUG org.apache.http.wire -  << "Via: 1.1 vegur[\r][\n]"
13:44:58.390 [main] DEBUG org.apache.http.wire -  << "CF-Cache-Status: DYNAMIC[\r][\n]"
13:44:58.390 [main] DEBUG org.apache.http.wire -  << "Report-To: {"endpoints":[{"url":"https:\/\/a.nel.cloudflare.com\/report\/v3?s=GYltMEk6Z39UPMPcJZInUHZm6WehEvIYyYWvuX%2Brqp5noC28ZrvNn26PcmucjunUoJAQ2y25JUpY74aJLDkcYltraAIIgyBexhYQIlSwVzK9D%2F3k6CDQaOqdjNW35cXl5g2yQcoiZp86LJTd7%2Fvh"}],"group":"cf-nel","max_age":604800}[\r][\n]"
13:44:58.390 [main] DEBUG org.apache.http.wire -  << "NEL: {"success_fraction":0,"report_to":"cf-nel","max_age":604800}[\r][\n]"
13:44:58.390 [main] DEBUG org.apache.http.wire -  << "Server: cloudflare[\r][\n]"
13:44:58.390 [main] DEBUG org.apache.http.wire -  << "CF-RAY: 7b8a7675bed56c00-SIN[\r][\n]"
13:44:58.390 [main] DEBUG org.apache.http.wire -  << "Content-Encoding: gzip[\r][\n]"
13:44:58.390 [main] DEBUG org.apache.http.wire -  << "alt-svc: h3=":443"; ma=86400, h3-29=":443"; ma=86400[\r][\n]"
13:44:58.390 [main] DEBUG org.apache.http.wire -  << "[\r][\n]"
13:44:58.390 [main] DEBUG org.apache.http.impl.conn.DefaultClientConnection - Receiving response: HTTP/1.1 200 OK
13:44:58.390 [main] DEBUG org.apache.http.headers - << HTTP/1.1 200 OK
13:44:58.390 [main] DEBUG org.apache.http.headers - << Date: Sun, 16 Apr 2023 06:44:58 GMT
13:44:58.390 [main] DEBUG org.apache.http.headers - << Content-Type: application/json; charset=utf-8
13:44:58.390 [main] DEBUG org.apache.http.headers - << Transfer-Encoding: chunked
13:44:58.390 [main] DEBUG org.apache.http.headers - << Connection: keep-alive
13:44:58.390 [main] DEBUG org.apache.http.headers - << X-Powered-By: Express
13:44:58.390 [main] DEBUG org.apache.http.headers - << X-Ratelimit-Limit: 1000
13:44:58.390 [main] DEBUG org.apache.http.headers - << X-Ratelimit-Remaining: 997
13:44:58.390 [main] DEBUG org.apache.http.headers - << X-Ratelimit-Reset: 1681627534
13:44:58.390 [main] DEBUG org.apache.http.headers - << Vary: Origin, Accept-Encoding
13:44:58.390 [main] DEBUG org.apache.http.headers - << Access-Control-Allow-Credentials: true
13:44:58.390 [main] DEBUG org.apache.http.headers - << Cache-Control: no-cache
13:44:58.390 [main] DEBUG org.apache.http.headers - << Pragma: no-cache
13:44:58.390 [main] DEBUG org.apache.http.headers - << Expires: -1
13:44:58.390 [main] DEBUG org.apache.http.headers - << X-Content-Type-Options: nosniff
13:44:58.390 [main] DEBUG org.apache.http.headers - << Etag: W/"4e-NFUI9Zl8ipwqPLfSdm9dHBr4atk"
13:44:58.390 [main] DEBUG org.apache.http.headers - << Via: 1.1 vegur
13:44:58.390 [main] DEBUG org.apache.http.headers - << CF-Cache-Status: DYNAMIC
13:44:58.390 [main] DEBUG org.apache.http.headers - << Report-To: {"endpoints":[{"url":"https:\/\/a.nel.cloudflare.com\/report\/v3?s=GYltMEk6Z39UPMPcJZInUHZm6WehEvIYyYWvuX%2Brqp5noC28ZrvNn26PcmucjunUoJAQ2y25JUpY74aJLDkcYltraAIIgyBexhYQIlSwVzK9D%2F3k6CDQaOqdjNW35cXl5g2yQcoiZp86LJTd7%2Fvh"}],"group":"cf-nel","max_age":604800}
13:44:58.390 [main] DEBUG org.apache.http.headers - << NEL: {"success_fraction":0,"report_to":"cf-nel","max_age":604800}
13:44:58.390 [main] DEBUG org.apache.http.headers - << Server: cloudflare
13:44:58.390 [main] DEBUG org.apache.http.headers - << CF-RAY: 7b8a7675bed56c00-SIN
13:44:58.390 [main] DEBUG org.apache.http.headers - << Content-Encoding: gzip
13:44:58.390 [main] DEBUG org.apache.http.headers - << alt-svc: h3=":443"; ma=86400, h3-29=":443"; ma=86400
13:44:58.391 [main] DEBUG org.apache.http.impl.client.DefaultHttpClient - Connection can be kept alive indefinitely
13:44:58.391 [main] DEBUG io.restassured.internal.RestAssuredHttpBuilder - Parsing response as: application/json; charset=utf-8
13:44:58.391 [main] DEBUG org.apache.http.wire -  << "60[\r][\n]"
13:44:58.391 [main] DEBUG org.apache.http.wire -  << "[0x1f][0x8b][0x8][0x0][0x0][0x0][0x0][0x0][0x0][0x3][0xaa][0xe6]RPP*[0xc9],[0xc9]IU[0xb2]RP[0xca][0xad]T[0xc8]K[0xcc]MU[0xc8],VH[0xcc]K[0xc9],JT[0xc8]-V[0xd2][0x1])I[0xca]O[0xa9][0x4][0xa9][0xf0][0xcc][0xcb]T(.MI[0xcc]PH[0xc9],MJ[0xcc][0x80][0xc8]f[0xa6](Y)[0x18]r[0xd5][0x2][0x0][0x0][0x0][0xff][0xff][0x3][0x0][0xe9]E[0xef][0xbf]N[0x0][0x0][0x0]"
13:44:58.391 [main] DEBUG org.apache.http.wire -  << "[\r][\n]"
13:44:58.392 [main] DEBUG org.apache.http.wire -  << "0[\r][\n]"
13:44:58.392 [main] DEBUG org.apache.http.wire -  << "[\r][\n]"
13:44:58.392 [main] DEBUG io.restassured.internal.RestAssuredHttpBuilder - Parsed data to instance of: class org.apache.http.conn.EofSensorInputStream
13:44:58.393 [main] DEBUG org.apache.http.impl.conn.BasicClientConnectionManager - Releasing connection org.apache.http.impl.conn.ManagedClientConnectionImpl@63318b56
13:44:58.393 [main] DEBUG org.apache.http.impl.conn.BasicClientConnectionManager - Connection can be kept alive indefinitely
13:44:58.394 [main] DEBUG net.thucydides.core.steps.StepInterceptor - STEP DONE: I send PUT HTTP request
  &amp#27;[32mWhen &amp#27;[0m&amp#27;[32mI send PUT HTTP request&amp#27;[0m                                          &amp#27;[90m# starter.stepdefinitions.PostsSteps.sendPutHttpRequest()&amp#27;[0m
13:44:58.398 [main] DEBUG net.thucydides.core.steps.StepInterceptor - STARTING STEP: PostsSteps.receiveHttpResponseCode500 - I receive invalid HTTP response code 500
13:44:58.399 [main] DEBUG net.thucydides.core.steps.StepInterceptor - STEP DONE: I receive invalid HTTP response code 500
  &amp#27;[32mThen &amp#27;[0m&amp#27;[32mI receive invalid HTTP response code 500&amp#27;[0m                         &amp#27;[90m# starter.stepdefinitions.PostsSteps.receiveHttpResponseCode500()&amp#27;[0m
13:44:58.402 [main] INFO  - 
  _____   ___   ___   _____     ___     _     ___   ___   ___   ___  
 |_   _| | __| / __| |_   _|   | _ \   /_\   / __| / __| | __| |   \ 
   | |   | _|  \__ \   | |     |  _/  / _ \  \__ \ \__ \ | _|  | |) |
   |_|   |___| |___/   |_|     |_|   /_/ \_\ |___/ |___/ |___| |___/ 

PUT - As an admin I shouldn't be able to update missing posts
----------------------------------------------------------------------
]]></system-out>
  </testcase>
  <testcase name="DELETE - As admin I have be able to delete existing posts" classname="Posts" time="0.669">
    <system-out><![CDATA[
Scenario: DELETE - As admin I have be able to delete existing posts &amp#27;[90m# src/test/resources/features/Posts.feature:42&amp#27;[0m
13:44:58.408 [main] DEBUG io.cucumber.core.plugin.SerenityReporter - Running feature from file:///C:/Users/user/OneDrive/Documents/GitHub/qe_aditya-nugraha-perdana/10_RESTful_API_Testing_with_REST_Assured/praktikum/RESTful_API_Testing/alta/src/test/resources/features/Posts.feature
13:44:58.412 [main] INFO  - 
  _____   ___   ___   _____     ___   _____     _     ___   _____   ___   ___  
 |_   _| | __| / __| |_   _|   / __| |_   _|   /_\   | _ \ |_   _| | __| |   \ 
   | |   | _|  \__ \   | |     \__ \   | |    / _ \  |   /   | |   | _|  | |) |
   |_|   |___| |___/   |_|     |___/   |_|   /_/ \_\ |_|_\   |_|   |___| |___/ 

DELETE - As admin I have be able to delete existing posts(posts;delete---as-admin-i-have-be-able-to-delete-existing-posts)
--------------------------------------------------------------------------------
13:44:58.436 [main] DEBUG net.thucydides.core.steps.StepInterceptor - STARTING STEP: PostsSteps.setDeleteApiEndpoints - I set DELETE api endpoints
13:44:58.437 [main] DEBUG net.thucydides.core.steps.StepInterceptor - STEP DONE: I set DELETE api endpoints
  &amp#27;[32mGiven &amp#27;[0m&amp#27;[32mI set DELETE api endpoints&amp#27;[0m                                  &amp#27;[90m# starter.stepdefinitions.PostsSteps.setDeleteApiEndpoints()&amp#27;[0m
13:44:58.443 [main] DEBUG net.thucydides.core.steps.StepInterceptor - STARTING STEP: PostsSteps.sendDeleteApiEndpoints - I send DELETE HTTP request
13:44:58.446 [main] DEBUG net.thucydides.core.steps.StepInterceptor - STARTING STEP: Delete.sendDeleteApiEndpointsRequest - I set DELETE api endpoints
13:44:58.446 [main] DEBUG net.thucydides.core.steps.StepInterceptor - STEP DONE: I set DELETE api endpoints
13:44:58.460 [main] DEBUG org.apache.http.impl.conn.BasicClientConnectionManager - Get connection for route {s}->https://jsonplaceholder.typicode.com:443
13:44:58.460 [main] DEBUG org.apache.http.impl.conn.DefaultClientConnectionOperator - Connecting to jsonplaceholder.typicode.com:443
13:44:58.534 [main] DEBUG org.apache.http.client.protocol.RequestAddCookies - CookieSpec selected: ignoreCookies
13:44:58.534 [main] DEBUG org.apache.http.client.protocol.RequestAuthCache - Auth cache not set in the context
13:44:58.534 [main] DEBUG org.apache.http.client.protocol.RequestTargetAuthentication - Target auth state: UNCHALLENGED
13:44:58.534 [main] DEBUG org.apache.http.client.protocol.RequestProxyAuthentication - Proxy auth state: UNCHALLENGED
13:44:58.535 [main] DEBUG org.apache.http.impl.client.DefaultHttpClient - Attempt 1 to execute request
13:44:58.535 [main] DEBUG org.apache.http.impl.conn.DefaultClientConnection - Sending request: DELETE /posts/1 HTTP/1.1
13:44:58.535 [main] DEBUG org.apache.http.wire -  >> "DELETE /posts/1 HTTP/1.1[\r][\n]"
13:44:58.535 [main] DEBUG org.apache.http.wire -  >> "Accept: */*[\r][\n]"
13:44:58.535 [main] DEBUG org.apache.http.wire -  >> "Host: jsonplaceholder.typicode.com[\r][\n]"
13:44:58.535 [main] DEBUG org.apache.http.wire -  >> "Connection: Keep-Alive[\r][\n]"
13:44:58.535 [main] DEBUG org.apache.http.wire -  >> "User-Agent: Apache-HttpClient/4.5.13 (Java/11.0.15.1)[\r][\n]"
13:44:58.535 [main] DEBUG org.apache.http.wire -  >> "Accept-Encoding: gzip,deflate[\r][\n]"
13:44:58.535 [main] DEBUG org.apache.http.wire -  >> "[\r][\n]"
13:44:58.535 [main] DEBUG org.apache.http.headers - >> DELETE /posts/1 HTTP/1.1
13:44:58.535 [main] DEBUG org.apache.http.headers - >> Accept: */*
13:44:58.535 [main] DEBUG org.apache.http.headers - >> Host: jsonplaceholder.typicode.com
13:44:58.535 [main] DEBUG org.apache.http.headers - >> Connection: Keep-Alive
13:44:58.535 [main] DEBUG org.apache.http.headers - >> User-Agent: Apache-HttpClient/4.5.13 (Java/11.0.15.1)
13:44:58.535 [main] DEBUG org.apache.http.headers - >> Accept-Encoding: gzip,deflate
13:44:59.062 [main] DEBUG org.apache.http.wire -  << "HTTP/1.1 200 OK[\r][\n]"
13:44:59.062 [main] DEBUG org.apache.http.wire -  << "Date: Sun, 16 Apr 2023 06:44:59 GMT[\r][\n]"
13:44:59.062 [main] DEBUG org.apache.http.wire -  << "Content-Type: application/json; charset=utf-8[\r][\n]"
13:44:59.062 [main] DEBUG org.apache.http.wire -  << "Content-Length: 2[\r][\n]"
13:44:59.062 [main] DEBUG org.apache.http.wire -  << "Connection: keep-alive[\r][\n]"
13:44:59.062 [main] DEBUG org.apache.http.wire -  << "X-Powered-By: Express[\r][\n]"
13:44:59.062 [main] DEBUG org.apache.http.wire -  << "X-Ratelimit-Limit: 1000[\r][\n]"
13:44:59.062 [main] DEBUG org.apache.http.wire -  << "X-Ratelimit-Remaining: 996[\r][\n]"
13:44:59.062 [main] DEBUG org.apache.http.wire -  << "X-Ratelimit-Reset: 1681627534[\r][\n]"
13:44:59.062 [main] DEBUG org.apache.http.wire -  << "Vary: Origin, Accept-Encoding[\r][\n]"
13:44:59.062 [main] DEBUG org.apache.http.wire -  << "Access-Control-Allow-Credentials: true[\r][\n]"
13:44:59.062 [main] DEBUG org.apache.http.wire -  << "Cache-Control: no-cache[\r][\n]"
13:44:59.063 [main] DEBUG org.apache.http.wire -  << "Pragma: no-cache[\r][\n]"
13:44:59.063 [main] DEBUG org.apache.http.wire -  << "Expires: -1[\r][\n]"
13:44:59.063 [main] DEBUG org.apache.http.wire -  << "X-Content-Type-Options: nosniff[\r][\n]"
13:44:59.063 [main] DEBUG org.apache.http.wire -  << "Etag: W/"2-vyGp6PvFo4RvsFtPoIWeCReyIC8"[\r][\n]"
13:44:59.063 [main] DEBUG org.apache.http.wire -  << "Via: 1.1 vegur[\r][\n]"
13:44:59.063 [main] DEBUG org.apache.http.wire -  << "CF-Cache-Status: DYNAMIC[\r][\n]"
13:44:59.063 [main] DEBUG org.apache.http.wire -  << "Report-To: {"endpoints":[{"url":"https:\/\/a.nel.cloudflare.com\/report\/v3?s=7SSBSA37RSOvPIsSbt5VoP5q1iqtK1g4%2F2clEzoioZObTTh2Z5hWNFx5rcq2hQaPwka%2BOKut%2FOeIyPOqEiGyK0z0Y4seOd8R9xyyuP8fFMXTNxPR5JjPt75iA%2BfXBHunngzBSXPIn06mT7Pk9hgp"}],"group":"cf-nel","max_age":604800}[\r][\n]"
13:44:59.063 [main] DEBUG org.apache.http.wire -  << "NEL: {"success_fraction":0,"report_to":"cf-nel","max_age":604800}[\r][\n]"
13:44:59.063 [main] DEBUG org.apache.http.wire -  << "Server: cloudflare[\r][\n]"
13:44:59.063 [main] DEBUG org.apache.http.wire -  << "CF-RAY: 7b8a7679cb3f448e-SIN[\r][\n]"
13:44:59.063 [main] DEBUG org.apache.http.wire -  << "alt-svc: h3=":443"; ma=86400, h3-29=":443"; ma=86400[\r][\n]"
13:44:59.063 [main] DEBUG org.apache.http.wire -  << "[\r][\n]"
13:44:59.063 [main] DEBUG org.apache.http.impl.conn.DefaultClientConnection - Receiving response: HTTP/1.1 200 OK
13:44:59.063 [main] DEBUG org.apache.http.headers - << HTTP/1.1 200 OK
13:44:59.063 [main] DEBUG org.apache.http.headers - << Date: Sun, 16 Apr 2023 06:44:59 GMT
13:44:59.063 [main] DEBUG org.apache.http.headers - << Content-Type: application/json; charset=utf-8
13:44:59.063 [main] DEBUG org.apache.http.headers - << Content-Length: 2
13:44:59.063 [main] DEBUG org.apache.http.headers - << Connection: keep-alive
13:44:59.063 [main] DEBUG org.apache.http.headers - << X-Powered-By: Express
13:44:59.063 [main] DEBUG org.apache.http.headers - << X-Ratelimit-Limit: 1000
13:44:59.063 [main] DEBUG org.apache.http.headers - << X-Ratelimit-Remaining: 996
13:44:59.063 [main] DEBUG org.apache.http.headers - << X-Ratelimit-Reset: 1681627534
13:44:59.063 [main] DEBUG org.apache.http.headers - << Vary: Origin, Accept-Encoding
13:44:59.063 [main] DEBUG org.apache.http.headers - << Access-Control-Allow-Credentials: true
13:44:59.063 [main] DEBUG org.apache.http.headers - << Cache-Control: no-cache
13:44:59.063 [main] DEBUG org.apache.http.headers - << Pragma: no-cache
13:44:59.063 [main] DEBUG org.apache.http.headers - << Expires: -1
13:44:59.063 [main] DEBUG org.apache.http.headers - << X-Content-Type-Options: nosniff
13:44:59.063 [main] DEBUG org.apache.http.headers - << Etag: W/"2-vyGp6PvFo4RvsFtPoIWeCReyIC8"
13:44:59.063 [main] DEBUG org.apache.http.headers - << Via: 1.1 vegur
13:44:59.063 [main] DEBUG org.apache.http.headers - << CF-Cache-Status: DYNAMIC
13:44:59.063 [main] DEBUG org.apache.http.headers - << Report-To: {"endpoints":[{"url":"https:\/\/a.nel.cloudflare.com\/report\/v3?s=7SSBSA37RSOvPIsSbt5VoP5q1iqtK1g4%2F2clEzoioZObTTh2Z5hWNFx5rcq2hQaPwka%2BOKut%2FOeIyPOqEiGyK0z0Y4seOd8R9xyyuP8fFMXTNxPR5JjPt75iA%2BfXBHunngzBSXPIn06mT7Pk9hgp"}],"group":"cf-nel","max_age":604800}
13:44:59.063 [main] DEBUG org.apache.http.headers - << NEL: {"success_fraction":0,"report_to":"cf-nel","max_age":604800}
13:44:59.063 [main] DEBUG org.apache.http.headers - << Server: cloudflare
13:44:59.063 [main] DEBUG org.apache.http.headers - << CF-RAY: 7b8a7679cb3f448e-SIN
13:44:59.063 [main] DEBUG org.apache.http.headers - << alt-svc: h3=":443"; ma=86400, h3-29=":443"; ma=86400
13:44:59.063 [main] DEBUG org.apache.http.impl.client.DefaultHttpClient - Connection can be kept alive indefinitely
13:44:59.063 [main] DEBUG io.restassured.internal.RestAssuredHttpBuilder - Parsing response as: application/json; charset=utf-8
13:44:59.063 [main] DEBUG io.restassured.internal.RestAssuredHttpBuilder - Parsed data to instance of: class org.apache.http.conn.EofSensorInputStream
13:44:59.065 [main] DEBUG org.apache.http.wire -  << "{}"
13:44:59.065 [main] DEBUG org.apache.http.impl.conn.BasicClientConnectionManager - Releasing connection org.apache.http.impl.conn.ManagedClientConnectionImpl@450f0d89
13:44:59.065 [main] DEBUG org.apache.http.impl.conn.BasicClientConnectionManager - Connection can be kept alive indefinitely
13:44:59.065 [main] DEBUG net.thucydides.core.steps.StepInterceptor - STEP DONE: I send DELETE HTTP request
  &amp#27;[32mWhen &amp#27;[0m&amp#27;[32mI send DELETE HTTP request&amp#27;[0m                                   &amp#27;[90m# starter.stepdefinitions.PostsSteps.sendDeleteApiEndpoints()&amp#27;[0m
13:44:59.069 [main] DEBUG net.thucydides.core.steps.StepInterceptor - STARTING STEP: PostsSteps.receiveValidHttpResponse - I receive valid HTTP response code 200
13:44:59.069 [main] DEBUG net.thucydides.core.steps.StepInterceptor - STEP DONE: I receive valid HTTP response code 200
  &amp#27;[32mThen &amp#27;[0m&amp#27;[32mI receive valid HTTP response code 200&amp#27;[0m                       &amp#27;[90m# starter.stepdefinitions.PostsSteps.receiveValidHttpResponse()&amp#27;[0m
13:44:59.072 [main] INFO  - 
  _____   ___   ___   _____     ___     _     ___   ___   ___   ___  
 |_   _| | __| / __| |_   _|   | _ \   /_\   / __| / __| | __| |   \ 
   | |   | _|  \__ \   | |     |  _/  / _ \  \__ \ \__ \ | _|  | |) |
   |_|   |___| |___/   |_|     |_|   /_/ \_\ |___/ |___/ |___| |___/ 

DELETE - As admin I have be able to delete existing posts
----------------------------------------------------------------------
]]></system-out>
  </testcase>
  <testcase name="DELETE - As admin I shouldn&apos;t be able to delete without input which posts" classname="Posts" time="0.665">
    <system-out><![CDATA[
Scenario: DELETE - As admin I shouldn't be able to delete without input which posts &amp#27;[90m# src/test/resources/features/Posts.feature:47&amp#27;[0m
13:44:59.081 [main] DEBUG io.cucumber.core.plugin.SerenityReporter - Running feature from file:///C:/Users/user/OneDrive/Documents/GitHub/qe_aditya-nugraha-perdana/10_RESTful_API_Testing_with_REST_Assured/praktikum/RESTful_API_Testing/alta/src/test/resources/features/Posts.feature
13:44:59.084 [main] INFO  - 
  _____   ___   ___   _____     ___   _____     _     ___   _____   ___   ___  
 |_   _| | __| / __| |_   _|   / __| |_   _|   /_\   | _ \ |_   _| | __| |   \ 
   | |   | _|  \__ \   | |     \__ \   | |    / _ \  |   /   | |   | _|  | |) |
   |_|   |___| |___/   |_|     |___/   |_|   /_/ \_\ |_|_\   |_|   |___| |___/ 

DELETE - As admin I shouldn't be able to delete without input which posts(posts;delete---as-admin-i-shouldn-t-be-able-to-delete-without-input-which-posts)
--------------------------------------------------------------------------------
13:44:59.107 [main] DEBUG net.thucydides.core.steps.StepInterceptor - STARTING STEP: PostsSteps.setDeleteInvalidApiEndpoints - I set DELETE to invalid api endpoints
13:44:59.107 [main] DEBUG net.thucydides.core.steps.StepInterceptor - STEP DONE: I set DELETE to invalid api endpoints
  &amp#27;[32mGiven &amp#27;[0m&amp#27;[32mI set DELETE to invalid api endpoints&amp#27;[0m                                       &amp#27;[90m# starter.stepdefinitions.PostsSteps.setDeleteInvalidApiEndpoints()&amp#27;[0m
13:44:59.113 [main] DEBUG net.thucydides.core.steps.StepInterceptor - STARTING STEP: PostsSteps.sendDeleteApiEndpoints - I send DELETE HTTP request
13:44:59.115 [main] DEBUG net.thucydides.core.steps.StepInterceptor - STARTING STEP: Delete.sendDeleteApiEndpointsRequest - I set DELETE api endpoints
13:44:59.115 [main] DEBUG net.thucydides.core.steps.StepInterceptor - STEP DONE: I set DELETE api endpoints
13:44:59.128 [main] DEBUG org.apache.http.impl.conn.BasicClientConnectionManager - Get connection for route {s}->https://jsonplaceholder.typicode.com:443
13:44:59.128 [main] DEBUG org.apache.http.impl.conn.DefaultClientConnectionOperator - Connecting to jsonplaceholder.typicode.com:443
13:44:59.208 [main] DEBUG org.apache.http.client.protocol.RequestAddCookies - CookieSpec selected: ignoreCookies
13:44:59.209 [main] DEBUG org.apache.http.client.protocol.RequestAuthCache - Auth cache not set in the context
13:44:59.209 [main] DEBUG org.apache.http.client.protocol.RequestTargetAuthentication - Target auth state: UNCHALLENGED
13:44:59.209 [main] DEBUG org.apache.http.client.protocol.RequestProxyAuthentication - Proxy auth state: UNCHALLENGED
13:44:59.209 [main] DEBUG org.apache.http.impl.client.DefaultHttpClient - Attempt 1 to execute request
13:44:59.209 [main] DEBUG org.apache.http.impl.conn.DefaultClientConnection - Sending request: DELETE /posts/1 HTTP/1.1
13:44:59.209 [main] DEBUG org.apache.http.wire -  >> "DELETE /posts/1 HTTP/1.1[\r][\n]"
13:44:59.209 [main] DEBUG org.apache.http.wire -  >> "Accept: */*[\r][\n]"
13:44:59.209 [main] DEBUG org.apache.http.wire -  >> "Host: jsonplaceholder.typicode.com[\r][\n]"
13:44:59.209 [main] DEBUG org.apache.http.wire -  >> "Connection: Keep-Alive[\r][\n]"
13:44:59.209 [main] DEBUG org.apache.http.wire -  >> "User-Agent: Apache-HttpClient/4.5.13 (Java/11.0.15.1)[\r][\n]"
13:44:59.209 [main] DEBUG org.apache.http.wire -  >> "Accept-Encoding: gzip,deflate[\r][\n]"
13:44:59.209 [main] DEBUG org.apache.http.wire -  >> "[\r][\n]"
13:44:59.209 [main] DEBUG org.apache.http.headers - >> DELETE /posts/1 HTTP/1.1
13:44:59.209 [main] DEBUG org.apache.http.headers - >> Accept: */*
13:44:59.209 [main] DEBUG org.apache.http.headers - >> Host: jsonplaceholder.typicode.com
13:44:59.209 [main] DEBUG org.apache.http.headers - >> Connection: Keep-Alive
13:44:59.209 [main] DEBUG org.apache.http.headers - >> User-Agent: Apache-HttpClient/4.5.13 (Java/11.0.15.1)
13:44:59.209 [main] DEBUG org.apache.http.headers - >> Accept-Encoding: gzip,deflate
13:44:59.724 [main] DEBUG org.apache.http.wire -  << "HTTP/1.1 200 OK[\r][\n]"
13:44:59.724 [main] DEBUG org.apache.http.wire -  << "Date: Sun, 16 Apr 2023 06:44:59 GMT[\r][\n]"
13:44:59.724 [main] DEBUG org.apache.http.wire -  << "Content-Type: application/json; charset=utf-8[\r][\n]"
13:44:59.724 [main] DEBUG org.apache.http.wire -  << "Content-Length: 2[\r][\n]"
13:44:59.725 [main] DEBUG org.apache.http.wire -  << "Connection: keep-alive[\r][\n]"
13:44:59.725 [main] DEBUG org.apache.http.wire -  << "X-Powered-By: Express[\r][\n]"
13:44:59.725 [main] DEBUG org.apache.http.wire -  << "X-Ratelimit-Limit: 1000[\r][\n]"
13:44:59.725 [main] DEBUG org.apache.http.wire -  << "X-Ratelimit-Remaining: 995[\r][\n]"
13:44:59.725 [main] DEBUG org.apache.http.wire -  << "X-Ratelimit-Reset: 1681627534[\r][\n]"
13:44:59.725 [main] DEBUG org.apache.http.wire -  << "Vary: Origin, Accept-Encoding[\r][\n]"
13:44:59.725 [main] DEBUG org.apache.http.wire -  << "Access-Control-Allow-Credentials: true[\r][\n]"
13:44:59.725 [main] DEBUG org.apache.http.wire -  << "Cache-Control: no-cache[\r][\n]"
13:44:59.725 [main] DEBUG org.apache.http.wire -  << "Pragma: no-cache[\r][\n]"
13:44:59.725 [main] DEBUG org.apache.http.wire -  << "Expires: -1[\r][\n]"
13:44:59.725 [main] DEBUG org.apache.http.wire -  << "X-Content-Type-Options: nosniff[\r][\n]"
13:44:59.725 [main] DEBUG org.apache.http.wire -  << "Etag: W/"2-vyGp6PvFo4RvsFtPoIWeCReyIC8"[\r][\n]"
13:44:59.725 [main] DEBUG org.apache.http.wire -  << "Via: 1.1 vegur[\r][\n]"
13:44:59.725 [main] DEBUG org.apache.http.wire -  << "CF-Cache-Status: DYNAMIC[\r][\n]"
13:44:59.725 [main] DEBUG org.apache.http.wire -  << "Report-To: {"endpoints":[{"url":"https:\/\/a.nel.cloudflare.com\/report\/v3?s=y4ktMw7DSgZ7wDL6gsHXX6MdM%2BI32oQ9k9YNgj3MCiuHM3zSCORB09gqbqHMR1uQJljQPHQC7ixeet%2BWvtjBSokmK1BXHMucxvvy89uXYo0kPgdqprKyev5Vv3AXOszue2d0q%2BRpnT6UhhQcjvfH"}],"group":"cf-nel","max_age":604800}[\r][\n]"
13:44:59.725 [main] DEBUG org.apache.http.wire -  << "NEL: {"success_fraction":0,"report_to":"cf-nel","max_age":604800}[\r][\n]"
13:44:59.725 [main] DEBUG org.apache.http.wire -  << "Server: cloudflare[\r][\n]"
13:44:59.725 [main] DEBUG org.apache.http.wire -  << "CF-RAY: 7b8a767e08b540a8-SIN[\r][\n]"
13:44:59.725 [main] DEBUG org.apache.http.wire -  << "alt-svc: h3=":443"; ma=86400, h3-29=":443"; ma=86400[\r][\n]"
13:44:59.725 [main] DEBUG org.apache.http.wire -  << "[\r][\n]"
13:44:59.725 [main] DEBUG org.apache.http.impl.conn.DefaultClientConnection - Receiving response: HTTP/1.1 200 OK
13:44:59.725 [main] DEBUG org.apache.http.headers - << HTTP/1.1 200 OK
13:44:59.725 [main] DEBUG org.apache.http.headers - << Date: Sun, 16 Apr 2023 06:44:59 GMT
13:44:59.725 [main] DEBUG org.apache.http.headers - << Content-Type: application/json; charset=utf-8
13:44:59.725 [main] DEBUG org.apache.http.headers - << Content-Length: 2
13:44:59.725 [main] DEBUG org.apache.http.headers - << Connection: keep-alive
13:44:59.725 [main] DEBUG org.apache.http.headers - << X-Powered-By: Express
13:44:59.725 [main] DEBUG org.apache.http.headers - << X-Ratelimit-Limit: 1000
13:44:59.725 [main] DEBUG org.apache.http.headers - << X-Ratelimit-Remaining: 995
13:44:59.725 [main] DEBUG org.apache.http.headers - << X-Ratelimit-Reset: 1681627534
13:44:59.725 [main] DEBUG org.apache.http.headers - << Vary: Origin, Accept-Encoding
13:44:59.725 [main] DEBUG org.apache.http.headers - << Access-Control-Allow-Credentials: true
13:44:59.725 [main] DEBUG org.apache.http.headers - << Cache-Control: no-cache
13:44:59.725 [main] DEBUG org.apache.http.headers - << Pragma: no-cache
13:44:59.725 [main] DEBUG org.apache.http.headers - << Expires: -1
13:44:59.725 [main] DEBUG org.apache.http.headers - << X-Content-Type-Options: nosniff
13:44:59.725 [main] DEBUG org.apache.http.headers - << Etag: W/"2-vyGp6PvFo4RvsFtPoIWeCReyIC8"
13:44:59.725 [main] DEBUG org.apache.http.headers - << Via: 1.1 vegur
13:44:59.725 [main] DEBUG org.apache.http.headers - << CF-Cache-Status: DYNAMIC
13:44:59.725 [main] DEBUG org.apache.http.headers - << Report-To: {"endpoints":[{"url":"https:\/\/a.nel.cloudflare.com\/report\/v3?s=y4ktMw7DSgZ7wDL6gsHXX6MdM%2BI32oQ9k9YNgj3MCiuHM3zSCORB09gqbqHMR1uQJljQPHQC7ixeet%2BWvtjBSokmK1BXHMucxvvy89uXYo0kPgdqprKyev5Vv3AXOszue2d0q%2BRpnT6UhhQcjvfH"}],"group":"cf-nel","max_age":604800}
13:44:59.725 [main] DEBUG org.apache.http.headers - << NEL: {"success_fraction":0,"report_to":"cf-nel","max_age":604800}
13:44:59.725 [main] DEBUG org.apache.http.headers - << Server: cloudflare
13:44:59.725 [main] DEBUG org.apache.http.headers - << CF-RAY: 7b8a767e08b540a8-SIN
13:44:59.725 [main] DEBUG org.apache.http.headers - << alt-svc: h3=":443"; ma=86400, h3-29=":443"; ma=86400
13:44:59.725 [main] DEBUG org.apache.http.impl.client.DefaultHttpClient - Connection can be kept alive indefinitely
13:44:59.725 [main] DEBUG io.restassured.internal.RestAssuredHttpBuilder - Parsing response as: application/json; charset=utf-8
13:44:59.725 [main] DEBUG io.restassured.internal.RestAssuredHttpBuilder - Parsed data to instance of: class org.apache.http.conn.EofSensorInputStream
13:44:59.727 [main] DEBUG org.apache.http.wire -  << "{}"
13:44:59.727 [main] DEBUG org.apache.http.impl.conn.BasicClientConnectionManager - Releasing connection org.apache.http.impl.conn.ManagedClientConnectionImpl@272c5abd
13:44:59.727 [main] DEBUG org.apache.http.impl.conn.BasicClientConnectionManager - Connection can be kept alive indefinitely
13:44:59.728 [main] DEBUG net.thucydides.core.steps.StepInterceptor - STEP DONE: I send DELETE HTTP request
  &amp#27;[32mWhen &amp#27;[0m&amp#27;[32mI send DELETE HTTP request&amp#27;[0m                                                   &amp#27;[90m# starter.stepdefinitions.PostsSteps.sendDeleteApiEndpoints()&amp#27;[0m
13:44:59.731 [main] DEBUG net.thucydides.core.steps.StepInterceptor - STARTING STEP: PostsSteps.receiveValidHttpResponse - I receive valid HTTP response code 200
13:44:59.731 [main] DEBUG net.thucydides.core.steps.StepInterceptor - STEP DONE: I receive valid HTTP response code 200
  &amp#27;[32mThen &amp#27;[0m&amp#27;[32mI receive valid HTTP response code 200&amp#27;[0m                                       &amp#27;[90m# starter.stepdefinitions.PostsSteps.receiveValidHttpResponse()&amp#27;[0m
13:44:59.735 [main] DEBUG net.thucydides.core.steps.StepInterceptor - STARTING STEP: PostsSteps.receiveNothing - I receive nothing from the page
13:44:59.735 [main] DEBUG net.thucydides.core.steps.StepInterceptor - STEP DONE: I receive nothing from the page
  &amp#27;[32mAnd &amp#27;[0m&amp#27;[32mI receive nothing from the page&amp#27;[0m                                               &amp#27;[90m# starter.stepdefinitions.PostsSteps.receiveNothing()&amp#27;[0m
13:44:59.737 [main] INFO  - 
  _____   ___   ___   _____     ___     _     ___   ___   ___   ___  
 |_   _| | __| / __| |_   _|   | _ \   /_\   / __| / __| | __| |   \ 
   | |   | _|  \__ \   | |     |  _/  / _ \  \__ \ \__ \ | _|  | |) |
   |_|   |___| |___/   |_|     |_|   /_/ \_\ |___/ |___/ |___| |___/ 

DELETE - As admin I shouldn't be able to delete without input which posts
----------------------------------------------------------------------
]]></system-out>
  </testcase>
</testsuite>