<?xml version="1.0" encoding="UTF-8"?>
<testsuite xmlns:xsi="http://www.w3.org/2001/XMLSchema-instance" xsi:noNamespaceSchemaLocation="https://maven.apache.org/surefire/maven-failsafe-plugin/xsd/failsafe-test-report-3.0.xsd" version="3.0" name="starter.CucumberTestSuite" time="16.522" tests="3" errors="0" skipped="0" failures="0">
  <properties>
[...]
</properties>
  <testcase name="User Successfully add item to cart" classname="Add to Cart" time="10.499">
    <system-out><![CDATA[21:34:39.745 [main] DEBUG net.thucydides.core.guice.Injectors - Created injector for module net.thucydides.core.guice.ThucydidesModule
21:34:40.073 [main] DEBUG io.cucumber.core.plugin.SerenityReporter - Running feature from file:///C:/Prioritas1/alta/src/test/resources/features/AddToCart.feature
21:34:40.260 [main] DEBUG net.thucydides.core.guice.Injectors - Created injector for module net.thucydides.core.guice.webdriver.WebDriverModule
21:34:40.277 [main] INFO  - 

-------------------------------------------------------------------------------------
     _______. _______ .______       _______ .__   __.  __  .___________.____    ____ 
    /       ||   ____||   _  \     |   ____||  \ |  | |  | |           |\   \  /   / 
   |   (----`|  |__   |  |_)  |    |  |__   |   \|  | |  | `---|  |----` \   \/   /  
    \   \    |   __|  |      /     |   __|  |  . `  | |  |     |  |       \_    _/   
.----)   |   |  |____ |  |\  \----.|  |____ |  |\   | |  |     |  |         |  |     
|_______/    |_______|| _| `._____||_______||__| \__| |__|     |__|         |__|    
                                                                                     
 News and tutorials at http://www.serenity-bdd.info                                  
 Documentation at https://wakaleo.gitbooks.io/the-serenity-book/content/             
 Join the Serenity Community on Gitter: https://gitter.im/serenity-bdd/serenity-core 
 Serenity BDD Support and Training at http://serenity-bdd.info/#/trainingandsupport  
-------------------------------------------------------------------------------------

21:34:40.280 [main] DEBUG net.thucydides.core.steps.StepEventBus - Test suite started for story net.thucydides.core.model.Story@f400f1de
21:34:40.282 [main] INFO  - Test Suite Started: Add to Cart
21:34:40.300 [main] DEBUG io.cucumber.core.plugin.SerenityReporter - Running feature from file:///C:/Prioritas1/alta/src/test/resources/features/Checkout.feature
21:34:40.305 [main] DEBUG net.thucydides.core.steps.StepEventBus - Test suite started for story net.thucydides.core.model.Story@65fd1e8
21:34:40.309 [main] INFO  - Test Suite Started: Checkout
21:34:40.309 [main] DEBUG io.cucumber.core.plugin.SerenityReporter - Running feature from file:///C:/Prioritas1/alta/src/test/resources/features/Logout.feature
21:34:40.314 [main] DEBUG net.thucydides.core.steps.StepEventBus - Test suite started for story net.thucydides.core.model.Story@827fa538
21:34:40.315 [main] INFO  - Test Suite Started: Logout after checkout
21:34:40.316 [main] DEBUG io.cucumber.core.plugin.SerenityReporter - Running feature from file:///C:/Prioritas1/alta/src/test/resources/features/AddToCart.feature
21:34:40.320 [main] DEBUG net.thucydides.core.steps.StepEventBus - Test suite started for story net.thucydides.core.model.Story@f400f1de
21:34:40.320 [main] INFO  - Test Suite Started: Add to Cart

Scenario: User Successfully add item to cart &amp#27;[90m# src/test/resources/features/AddToCart.feature:6&amp#27;[0m
21:34:40.418 [main] DEBUG io.cucumber.core.plugin.SerenityReporter - Running feature from file:///C:/Prioritas1/alta/src/test/resources/features/AddToCart.feature
21:34:40.584 [main] INFO  - 
  _____   ___   ___   _____     ___   _____     _     ___   _____   ___   ___  
 |_   _| | __| / __| |_   _|   / __| |_   _|   /_\   | _ \ |_   _| | __| |   \ 
   | |   | _|  \__ \   | |     \__ \   | |    / _ \  |   /   | |   | _|  | |) |
   |_|   |___| |___/   |_|     |___/   |_|   /_/ \_\ |_|_\   |_|   |___| |___/ 

User Successfully add item to cart(add-to-cart;user-successfully-add-item-to-cart)
--------------------------------------------------------------------------------
21:34:40.670 [main] DEBUG net.thucydides.core.requirements.model.cucumber.CucumberParser - Loading feature C:\Prioritas1\alta\src\test\resources\features\AddToCart.feature
21:34:40.694 [main] DEBUG net.thucydides.core.requirements.model.cucumber.CucumberParser - Loading feature C:\Prioritas1\alta\src\test\resources\features\Checkout.feature
21:34:40.700 [main] DEBUG net.thucydides.core.requirements.model.cucumber.CucumberParser - Loading feature C:\Prioritas1\alta\src\test\resources\features\Logout.feature
21:34:41.650 [main] DEBUG net.thucydides.core.steps.StepInterceptor - STARTING STEP: AddToCartSteps.onTheLoginPage - openPage
21:34:41.806 [main] INFO net.serenitybdd.core.webdriver.driverproviders.ChromeDriverProvider - Starting Chrome driver instance with capabilities:
21:34:41.809 [main] INFO net.serenitybdd.core.webdriver.driverproviders.ChromeDriverProvider - Capabilities {acceptInsecureCerts: false, browserName: chrome, goog:chromeOptions: {args: [remote-allow-origins=*], extensions: []}}
21:34:41.930 [main] DEBUG io.netty.util.internal.logging.InternalLoggerFactory - Using SLF4J as the default logging framework
21:34:41.934 [main] DEBUG io.netty.util.ResourceLeakDetector - -Dio.netty.leakDetection.level: simple
21:34:41.934 [main] DEBUG io.netty.util.ResourceLeakDetector - -Dio.netty.leakDetection.targetRecords: 4
21:34:41.942 [main] DEBUG io.netty.util.ResourceLeakDetectorFactory - Loaded default ResourceLeakDetector: io.netty.util.ResourceLeakDetector@5d7dd549
21:34:41.970 [main] DEBUG io.netty.util.internal.PlatformDependent0 - -Dio.netty.noUnsafe: false
21:34:41.970 [main] DEBUG io.netty.util.internal.PlatformDependent0 - Java version: 11
21:34:41.971 [main] DEBUG io.netty.util.internal.PlatformDependent0 - sun.misc.Unsafe.theUnsafe: available
21:34:41.972 [main] DEBUG io.netty.util.internal.PlatformDependent0 - sun.misc.Unsafe.copyMemory: available
21:34:41.973 [main] DEBUG io.netty.util.internal.PlatformDependent0 - sun.misc.Unsafe.storeFence: available
21:34:41.974 [main] DEBUG io.netty.util.internal.PlatformDependent0 - java.nio.Buffer.address: available
21:34:41.975 [main] DEBUG io.netty.util.internal.PlatformDependent0 - direct buffer constructor: unavailable: Reflective setAccessible(true) disabled
21:34:41.976 [main] DEBUG io.netty.util.internal.PlatformDependent0 - java.nio.Bits.unaligned: available, true
21:34:41.977 [main] DEBUG io.netty.util.internal.PlatformDependent0 - jdk.internal.misc.Unsafe.allocateUninitializedArray(int): unavailable: class io.netty.util.internal.PlatformDependent0$7 cannot access class jdk.internal.misc.Unsafe (in module java.base) because module java.base does not export jdk.internal.misc to unnamed module @750fe12e
21:34:41.979 [main] DEBUG io.netty.util.internal.PlatformDependent0 - java.nio.DirectByteBuffer.<init>(long, int): unavailable
21:34:41.979 [main] DEBUG io.netty.util.internal.PlatformDependent - sun.misc.Unsafe: available
21:34:41.980 [main] DEBUG io.netty.util.internal.PlatformDependent - maxDirectMemory: 4257218560 bytes (maybe)
21:34:41.981 [main] DEBUG io.netty.util.internal.PlatformDependent - -Dio.netty.tmpdir: C:\Users\user\AppData\Local\Temp (java.io.tmpdir)
21:34:41.981 [main] DEBUG io.netty.util.internal.PlatformDependent - -Dio.netty.bitMode: 64 (sun.arch.data.model)
21:34:41.982 [main] DEBUG io.netty.util.internal.PlatformDependent - Platform: Windows
21:34:41.983 [main] DEBUG io.netty.util.internal.PlatformDependent - -Dio.netty.maxDirectMemory: -1 bytes
21:34:41.983 [main] DEBUG io.netty.util.internal.PlatformDependent - -Dio.netty.uninitializedArrayAllocationThreshold: -1
21:34:41.984 [main] DEBUG io.netty.util.internal.CleanerJava9 - java.nio.ByteBuffer.cleaner(): available
21:34:41.985 [main] DEBUG io.netty.util.internal.PlatformDependent - -Dio.netty.noPreferDirect: false
21:34:41.996 [main] DEBUG io.netty.util.internal.PlatformDependent - org.jctools-core.MpscChunkedArrayQueue: available
21:34:42.024 [main] DEBUG io.netty.util.internal.InternalThreadLocalMap - -Dio.netty.threadLocalMap.stringBuilder.initialSize: 1024
21:34:42.024 [main] DEBUG io.netty.util.internal.InternalThreadLocalMap - -Dio.netty.threadLocalMap.stringBuilder.maxSize: 4096
21:34:42.250 [main] DEBUG io.netty.handler.ssl.JdkSslContext - Default protocols (JDK): [TLSv1.3, TLSv1.2] 
21:34:42.250 [main] DEBUG io.netty.handler.ssl.JdkSslContext - Default cipher suites (JDK): [TLS_ECDHE_ECDSA_WITH_AES_256_GCM_SHA384, TLS_ECDHE_ECDSA_WITH_AES_128_GCM_SHA256, TLS_ECDHE_RSA_WITH_AES_128_GCM_SHA256, TLS_ECDHE_RSA_WITH_AES_256_GCM_SHA384, TLS_ECDHE_RSA_WITH_AES_128_CBC_SHA, TLS_ECDHE_RSA_WITH_AES_256_CBC_SHA, TLS_RSA_WITH_AES_128_GCM_SHA256, TLS_RSA_WITH_AES_128_CBC_SHA, TLS_RSA_WITH_AES_256_CBC_SHA, TLS_AES_128_GCM_SHA256, TLS_AES_256_GCM_SHA384]
21:34:42.287 [main] DEBUG io.netty.channel.MultithreadEventLoopGroup - -Dio.netty.eventLoopThreads: 24
21:34:42.298 [main] DEBUG io.netty.channel.nio.NioEventLoop - -Dio.netty.noKeySetOptimization: false
21:34:42.298 [main] DEBUG io.netty.channel.nio.NioEventLoop - -Dio.netty.selectorAutoRebuildThreshold: 512
21:34:42.356 [main] DEBUG io.netty.buffer.PooledByteBufAllocator - -Dio.netty.allocator.numHeapArenas: 24
21:34:42.356 [main] DEBUG io.netty.buffer.PooledByteBufAllocator - -Dio.netty.allocator.numDirectArenas: 24
21:34:42.356 [main] DEBUG io.netty.buffer.PooledByteBufAllocator - -Dio.netty.allocator.pageSize: 8192
21:34:42.356 [main] DEBUG io.netty.buffer.PooledByteBufAllocator - -Dio.netty.allocator.maxOrder: 9
21:34:42.356 [main] DEBUG io.netty.buffer.PooledByteBufAllocator - -Dio.netty.allocator.chunkSize: 4194304
21:34:42.356 [main] DEBUG io.netty.buffer.PooledByteBufAllocator - -Dio.netty.allocator.smallCacheSize: 256
21:34:42.356 [main] DEBUG io.netty.buffer.PooledByteBufAllocator - -Dio.netty.allocator.normalCacheSize: 64
21:34:42.356 [main] DEBUG io.netty.buffer.PooledByteBufAllocator - -Dio.netty.allocator.maxCachedBufferCapacity: 32768
21:34:42.356 [main] DEBUG io.netty.buffer.PooledByteBufAllocator - -Dio.netty.allocator.cacheTrimInterval: 8192
21:34:42.356 [main] DEBUG io.netty.buffer.PooledByteBufAllocator - -Dio.netty.allocator.cacheTrimIntervalMillis: 0
21:34:42.356 [main] DEBUG io.netty.buffer.PooledByteBufAllocator - -Dio.netty.allocator.useCacheForAllThreads: false
21:34:42.356 [main] DEBUG io.netty.buffer.PooledByteBufAllocator - -Dio.netty.allocator.maxCachedByteBuffersPerChunk: 1023
21:34:42.374 [main] DEBUG io.netty.buffer.ByteBufUtil - -Dio.netty.allocator.type: pooled
21:34:42.375 [main] DEBUG io.netty.buffer.ByteBufUtil - -Dio.netty.threadLocalDirectBufferSize: 0
21:34:42.375 [main] DEBUG io.netty.buffer.ByteBufUtil - -Dio.netty.maxThreadLocalCharBufferSize: 16384
21:34:42.681 [Forwarding newSession on session null to remote] DEBUG io.netty.channel.DefaultChannelId - -Dio.netty.processId: 4000 (auto-detected)
21:34:42.684 [Forwarding newSession on session null to remote] DEBUG io.netty.util.NetUtil - -Djava.net.preferIPv4Stack: false
21:34:42.684 [Forwarding newSession on session null to remote] DEBUG io.netty.util.NetUtil - -Djava.net.preferIPv6Addresses: false
21:34:43.114 [Forwarding newSession on session null to remote] DEBUG io.netty.util.NetUtilInitializations - Loopback interface: lo (Software Loopback Interface 1, 127.0.0.1)
21:34:43.116 [Forwarding newSession on session null to remote] DEBUG io.netty.util.NetUtil - Failed to get SOMAXCONN from sysctl and file \proc\sys\net\core\somaxconn. Default: 200
21:34:43.138 [Forwarding newSession on session null to remote] DEBUG io.netty.channel.DefaultChannelId - -Dio.netty.machineId: 38:00:25:ff:fe:a0:6e:b9 (auto-detected)
21:34:43.207 [AsyncHttpClient-1-2] DEBUG io.netty.buffer.AbstractByteBuf - -Dio.netty.buffer.checkAccessible: true
21:34:43.208 [AsyncHttpClient-1-2] DEBUG io.netty.buffer.AbstractByteBuf - -Dio.netty.buffer.checkBounds: true
21:34:43.208 [AsyncHttpClient-1-2] DEBUG io.netty.util.ResourceLeakDetectorFactory - Loaded default ResourceLeakDetector: io.netty.util.ResourceLeakDetector@46a71b9e
21:34:43.227 [AsyncHttpClient-1-2] DEBUG org.asynchttpclient.netty.channel.NettyConnectListener - Using new Channel '[id: 0xab69aba0, L:/127.0.0.1:55914 - R:localhost/127.0.0.1:24341]' for 'POST' to '/session'
21:34:43.256 [AsyncHttpClient-1-2] DEBUG io.netty.util.Recycler - -Dio.netty.recycler.maxCapacityPerThread: 4096
21:34:43.256 [AsyncHttpClient-1-2] DEBUG io.netty.util.Recycler - -Dio.netty.recycler.ratio: 8
21:34:43.256 [AsyncHttpClient-1-2] DEBUG io.netty.util.Recycler - -Dio.netty.recycler.chunkSize: 32
21:34:43.256 [AsyncHttpClient-1-2] DEBUG io.netty.util.Recycler - -Dio.netty.recycler.blocking: false
21:34:43.950 [AsyncHttpClient-1-2] DEBUG io.netty.handler.codec.compression.Brotli - brotli4j not in the classpath; Brotli support will be unavailable.
21:34:43.950 [AsyncHttpClient-1-2] DEBUG org.asynchttpclient.netty.handler.HttpHandler - 

Request DefaultHttpRequest(decodeResult: success, version: HTTP/1.1)
POST /session HTTP/1.1
User-Agent: selenium/4.8.1 (java windows)
Content-Length: 507
Content-Type: application/json; charset=utf-8
host: localhost:24341
accept: */*

Response DefaultHttpResponse(decodeResult: success, version: HTTP/1.1)
HTTP/1.1 200 OK
Content-Length: 858
Content-Type: application/json; charset=utf-8
cache-control: no-cache

21:34:43.960 [AsyncHttpClient-1-2] DEBUG org.asynchttpclient.netty.channel.ChannelManager - Adding key: http://localhost:24341 for channel [id: 0xab69aba0, L:/127.0.0.1:55914 - R:localhost/127.0.0.1:24341]
21:34:44.055 [AsyncHttpClient-1-3] DEBUG org.asynchttpclient.netty.channel.NettyConnectListener - Using new Channel '[id: 0x7d66637a, L:/127.0.0.1:55921 - R:localhost/127.0.0.1:55915]' for 'GET' to '/json/version'
21:34:44.058 [AsyncHttpClient-1-3] DEBUG org.asynchttpclient.netty.handler.HttpHandler - 

Request DefaultFullHttpRequest(decodeResult: success, version: HTTP/1.1, content: EmptyByteBufBE)
GET /json/version HTTP/1.1
User-Agent: selenium/4.8.1 (java windows)
host: localhost:55915
accept: */*

Response DefaultHttpResponse(decodeResult: success, version: HTTP/1.1)
HTTP/1.1 200 OK
Content-Security-Policy: frame-ancestors 'none'
Content-Length: 424
Content-Type: application/json; charset=UTF-8

21:34:44.059 [AsyncHttpClient-1-3] DEBUG org.asynchttpclient.netty.channel.ChannelManager - Adding key: http://localhost:55915 for channel [id: 0x7d66637a, L:/127.0.0.1:55921 - R:localhost/127.0.0.1:55915]
21:34:44.071 [main] DEBUG io.netty.util.internal.ThreadLocalRandom - -Dio.netty.initialSeedUniquifier: 0x558e12849600967e
21:34:44.090 [AsyncHttpClient-1-4] DEBUG org.asynchttpclient.netty.channel.NettyConnectListener - Using new Channel '[id: 0x88ce6072, L:/127.0.0.1:55922 - R:localhost/127.0.0.1:55915]' for 'GET' to '/devtools/browser/28e0a3d3-b0ce-4aa6-a652-c4cb0183bc13'
21:34:44.094 [AsyncHttpClient-1-4] DEBUG org.asynchttpclient.netty.handler.WebSocketHandler - 

Request DefaultFullHttpRequest(decodeResult: success, version: HTTP/1.1, content: EmptyByteBufBE)
GET /devtools/browser/28e0a3d3-b0ce-4aa6-a652-c4cb0183bc13 HTTP/1.1
upgrade: websocket
connection: upgrade
sec-websocket-key: GGqOSbrXV2PNW6pNfLJMmQ==
sec-websocket-version: 13
origin: http://localhost:55915
host: localhost:55915
accept: */*
user-agent: AHC/2.1

Response DefaultHttpResponse(decodeResult: success, version: HTTP/1.1)
HTTP/1.1 101 WebSocket Protocol Handshake
Upgrade: WebSocket
Connection: Upgrade
Sec-WebSocket-Accept: gUR2TSFFTMBQbkWNyhALT0UUXJA=

21:34:44.289 [Forwarding get on session 90cdc4615931637e7b77e3767dac3d58 to remote] DEBUG org.asynchttpclient.netty.request.NettyRequestSender - Using pooled Channel '[id: 0xab69aba0, L:/127.0.0.1:55914 - R:localhost/127.0.0.1:24341]' for 'POST' to 'http://localhost:24341/session/90cdc4615931637e7b77e3767dac3d58/url'
21:34:44.289 [Forwarding get on session 90cdc4615931637e7b77e3767dac3d58 to remote] DEBUG org.asynchttpclient.netty.request.NettyRequestSender - Using open Channel [id: 0xab69aba0, L:/127.0.0.1:55914 - R:localhost/127.0.0.1:24341] for POST '/session/90cdc4615931637e7b77e3767dac3d58/url'
21:34:44.404 [AsyncHttpClient-1-1] DEBUG org.asynchttpclient.netty.channel.DefaultChannelPool - Entry count for : http://localhost:55915 : 1
21:34:44.954 [AsyncHttpClient-1-2] DEBUG org.asynchttpclient.netty.handler.HttpHandler - 

Request DefaultHttpRequest(decodeResult: success, version: HTTP/1.1)
POST /session/90cdc4615931637e7b77e3767dac3d58/url HTTP/1.1
User-Agent: selenium/4.8.1 (java windows)
Content-Length: 56
Content-Type: application/json; charset=utf-8
host: localhost:24341
accept: */*

Response DefaultHttpResponse(decodeResult: success, version: HTTP/1.1)
HTTP/1.1 200 OK
Content-Length: 14
Content-Type: application/json; charset=utf-8
cache-control: no-cache

21:34:44.955 [AsyncHttpClient-1-2] DEBUG org.asynchttpclient.netty.channel.ChannelManager - Adding key: http://localhost:24341 for channel [id: 0xab69aba0, L:/127.0.0.1:55914 - R:localhost/127.0.0.1:24341]
21:34:44.961 [Forwarding setTimeout on session 90cdc4615931637e7b77e3767dac3d58 to remote] DEBUG org.asynchttpclient.netty.request.NettyRequestSender - Using pooled Channel '[id: 0xab69aba0, L:/127.0.0.1:55914 - R:localhost/127.0.0.1:24341]' for 'POST' to 'http://localhost:24341/session/90cdc4615931637e7b77e3767dac3d58/timeouts'
21:34:44.961 [Forwarding setTimeout on session 90cdc4615931637e7b77e3767dac3d58 to remote] DEBUG org.asynchttpclient.netty.request.NettyRequestSender - Using open Channel [id: 0xab69aba0, L:/127.0.0.1:55914 - R:localhost/127.0.0.1:24341] for POST '/session/90cdc4615931637e7b77e3767dac3d58/timeouts'
21:34:44.964 [AsyncHttpClient-1-2] DEBUG org.asynchttpclient.netty.handler.HttpHandler - 

Request DefaultHttpRequest(decodeResult: success, version: HTTP/1.1)
POST /session/90cdc4615931637e7b77e3767dac3d58/timeouts HTTP/1.1
User-Agent: selenium/4.8.1 (java windows)
Content-Length: 22
Content-Type: application/json; charset=utf-8
host: localhost:24341
accept: */*

Response DefaultHttpResponse(decodeResult: success, version: HTTP/1.1)
HTTP/1.1 200 OK
Content-Length: 14
Content-Type: application/json; charset=utf-8
cache-control: no-cache

21:34:44.964 [AsyncHttpClient-1-2] DEBUG org.asynchttpclient.netty.channel.ChannelManager - Adding key: http://localhost:24341 for channel [id: 0xab69aba0, L:/127.0.0.1:55914 - R:localhost/127.0.0.1:24341]
21:34:45.014 [main] DEBUG net.serenitybdd.core.photography.Darkroom - Opening darkroom
21:34:45.054 [Darkroom Processing Line] DEBUG net.serenitybdd.core.photography.DarkroomProcessingLine - Darkroom processing line starting up
21:34:45.061 [Forwarding getAlertText on session 90cdc4615931637e7b77e3767dac3d58 to remote] DEBUG org.asynchttpclient.netty.request.NettyRequestSender - Using pooled Channel '[id: 0xab69aba0, L:/127.0.0.1:55914 - R:localhost/127.0.0.1:24341]' for 'GET' to 'http://localhost:24341/session/90cdc4615931637e7b77e3767dac3d58/alert/text'
21:34:45.061 [Forwarding getAlertText on session 90cdc4615931637e7b77e3767dac3d58 to remote] DEBUG org.asynchttpclient.netty.request.NettyRequestSender - Using open Channel [id: 0xab69aba0, L:/127.0.0.1:55914 - R:localhost/127.0.0.1:24341] for GET '/session/90cdc4615931637e7b77e3767dac3d58/alert/text'
21:34:45.070 [AsyncHttpClient-1-2] DEBUG org.asynchttpclient.netty.handler.HttpHandler - 

Request DefaultFullHttpRequest(decodeResult: success, version: HTTP/1.1, content: EmptyByteBufBE)
GET /session/90cdc4615931637e7b77e3767dac3d58/alert/text HTTP/1.1
User-Agent: selenium/4.8.1 (java windows)
Cache-Control: no-cache
Content-Type: application/json; charset=utf-8
host: localhost:24341
accept: */*

Response DefaultHttpResponse(decodeResult: success, version: HTTP/1.1)
HTTP/1.1 404 Not Found
Content-Length: 836
Content-Type: application/json; charset=utf-8
cache-control: no-cache

21:34:45.070 [AsyncHttpClient-1-2] DEBUG org.asynchttpclient.netty.channel.ChannelManager - Adding key: http://localhost:24341 for channel [id: 0xab69aba0, L:/127.0.0.1:55914 - R:localhost/127.0.0.1:24341]
21:34:45.087 [Forwarding getCurrentUrl on session 90cdc4615931637e7b77e3767dac3d58 to remote] DEBUG org.asynchttpclient.netty.request.NettyRequestSender - Using pooled Channel '[id: 0xab69aba0, L:/127.0.0.1:55914 - R:localhost/127.0.0.1:24341]' for 'GET' to 'http://localhost:24341/session/90cdc4615931637e7b77e3767dac3d58/url'
21:34:45.087 [Forwarding getCurrentUrl on session 90cdc4615931637e7b77e3767dac3d58 to remote] DEBUG org.asynchttpclient.netty.request.NettyRequestSender - Using open Channel [id: 0xab69aba0, L:/127.0.0.1:55914 - R:localhost/127.0.0.1:24341] for GET '/session/90cdc4615931637e7b77e3767dac3d58/url'
21:34:45.095 [AsyncHttpClient-1-2] DEBUG org.asynchttpclient.netty.handler.HttpHandler - 

Request DefaultFullHttpRequest(decodeResult: success, version: HTTP/1.1, content: EmptyByteBufBE)
GET /session/90cdc4615931637e7b77e3767dac3d58/url HTTP/1.1
User-Agent: selenium/4.8.1 (java windows)
Cache-Control: no-cache
Content-Type: application/json; charset=utf-8
host: localhost:24341
accept: */*

Response DefaultHttpResponse(decodeResult: success, version: HTTP/1.1)
HTTP/1.1 200 OK
Content-Length: 38
Content-Type: application/json; charset=utf-8
cache-control: no-cache

21:34:45.095 [AsyncHttpClient-1-2] DEBUG org.asynchttpclient.netty.channel.ChannelManager - Adding key: http://localhost:24341 for channel [id: 0xab69aba0, L:/127.0.0.1:55914 - R:localhost/127.0.0.1:24341]
21:34:45.100 [Forwarding screenshot on session 90cdc4615931637e7b77e3767dac3d58 to remote] DEBUG org.asynchttpclient.netty.request.NettyRequestSender - Using pooled Channel '[id: 0xab69aba0, L:/127.0.0.1:55914 - R:localhost/127.0.0.1:24341]' for 'GET' to 'http://localhost:24341/session/90cdc4615931637e7b77e3767dac3d58/screenshot'
21:34:45.100 [Forwarding screenshot on session 90cdc4615931637e7b77e3767dac3d58 to remote] DEBUG org.asynchttpclient.netty.request.NettyRequestSender - Using open Channel [id: 0xab69aba0, L:/127.0.0.1:55914 - R:localhost/127.0.0.1:24341] for GET '/session/90cdc4615931637e7b77e3767dac3d58/screenshot'
21:34:45.247 [AsyncHttpClient-1-2] DEBUG org.asynchttpclient.netty.handler.HttpHandler - 

Request DefaultFullHttpRequest(decodeResult: success, version: HTTP/1.1, content: EmptyByteBufBE)
GET /session/90cdc4615931637e7b77e3767dac3d58/screenshot HTTP/1.1
User-Agent: selenium/4.8.1 (java windows)
Cache-Control: no-cache
Content-Type: application/json; charset=utf-8
host: localhost:24341
accept: */*

Response DefaultHttpResponse(decodeResult: success, version: HTTP/1.1)
HTTP/1.1 200 OK
Content-Length: 48208
Content-Type: application/json; charset=utf-8
cache-control: no-cache

21:34:45.248 [AsyncHttpClient-1-2] DEBUG org.asynchttpclient.netty.channel.ChannelManager - Adding key: http://localhost:24341 for channel [id: 0xab69aba0, L:/127.0.0.1:55914 - R:localhost/127.0.0.1:24341]
21:34:45.352 [main] DEBUG net.serenitybdd.core.photography.Darkroom - Send negative for processing for target\site\serenity\4552f886b62cf3b550f08b114f3599019dbf1d321330fd6567b8496c8e952dfa.png
21:34:45.353 [Darkroom Processing Line] DEBUG net.serenitybdd.core.photography.DarkroomProcessingLine - Processing screenshot image in /var/screenshots/screenshot-6305253752970498416
21:34:45.353 [Darkroom Processing Line] DEBUG net.serenitybdd.core.photography.DarkroomProcessingLine - Saving screenshot to target\site\serenity\4552f886b62cf3b550f08b114f3599019dbf1d321330fd6567b8496c8e952dfa.png
21:34:45.359 [main] DEBUG net.thucydides.core.steps.StepInterceptor - STEP DONE: openPage
21:34:45.374 [Forwarding getPageSource on session 90cdc4615931637e7b77e3767dac3d58 to remote] DEBUG org.asynchttpclient.netty.request.NettyRequestSender - Using pooled Channel '[id: 0xab69aba0, L:/127.0.0.1:55914 - R:localhost/127.0.0.1:24341]' for 'POST' to 'http://localhost:24341/session/90cdc4615931637e7b77e3767dac3d58/execute/sync'
21:34:45.374 [Forwarding getPageSource on session 90cdc4615931637e7b77e3767dac3d58 to remote] DEBUG org.asynchttpclient.netty.request.NettyRequestSender - Using open Channel [id: 0xab69aba0, L:/127.0.0.1:55914 - R:localhost/127.0.0.1:24341] for POST '/session/90cdc4615931637e7b77e3767dac3d58/execute/sync'
21:34:45.384 [AsyncHttpClient-1-2] DEBUG org.asynchttpclient.netty.handler.HttpHandler - 

Request DefaultHttpRequest(decodeResult: success, version: HTTP/1.1)
POST /session/90cdc4615931637e7b77e3767dac3d58/execute/sync HTTP/1.1
User-Agent: selenium/4.8.1 (java windows)
Content-Length: 176
Content-Type: application/json; charset=utf-8
host: localhost:24341
accept: */*

Response DefaultHttpResponse(decodeResult: success, version: HTTP/1.1)
HTTP/1.1 200 OK
Content-Length: 4286
Content-Type: application/json; charset=utf-8
cache-control: no-cache

21:34:45.384 [AsyncHttpClient-1-2] DEBUG org.asynchttpclient.netty.channel.ChannelManager - Adding key: http://localhost:24341 for channel [id: 0xab69aba0, L:/127.0.0.1:55914 - R:localhost/127.0.0.1:24341]
21:34:45.494 [Forwarding getCurrentUrl on session 90cdc4615931637e7b77e3767dac3d58 to remote] DEBUG org.asynchttpclient.netty.request.NettyRequestSender - Using pooled Channel '[id: 0xab69aba0, L:/127.0.0.1:55914 - R:localhost/127.0.0.1:24341]' for 'GET' to 'http://localhost:24341/session/90cdc4615931637e7b77e3767dac3d58/url'
21:34:45.495 [Forwarding getCurrentUrl on session 90cdc4615931637e7b77e3767dac3d58 to remote] DEBUG org.asynchttpclient.netty.request.NettyRequestSender - Using open Channel [id: 0xab69aba0, L:/127.0.0.1:55914 - R:localhost/127.0.0.1:24341] for GET '/session/90cdc4615931637e7b77e3767dac3d58/url'
21:34:45.498 [AsyncHttpClient-1-2] DEBUG org.asynchttpclient.netty.handler.HttpHandler - 

Request DefaultFullHttpRequest(decodeResult: success, version: HTTP/1.1, content: EmptyByteBufBE)
GET /session/90cdc4615931637e7b77e3767dac3d58/url HTTP/1.1
User-Agent: selenium/4.8.1 (java windows)
Cache-Control: no-cache
Content-Type: application/json; charset=utf-8
host: localhost:24341
accept: */*

Response DefaultHttpResponse(decodeResult: success, version: HTTP/1.1)
HTTP/1.1 200 OK
Content-Length: 38
Content-Type: application/json; charset=utf-8
cache-control: no-cache

21:34:45.499 [AsyncHttpClient-1-2] DEBUG org.asynchttpclient.netty.channel.ChannelManager - Adding key: http://localhost:24341 for channel [id: 0xab69aba0, L:/127.0.0.1:55914 - R:localhost/127.0.0.1:24341]
21:34:45.502 [main] DEBUG net.thucydides.core.steps.StepInterceptor - STARTING STEP: AddToCartSteps.onTheLoginPage - validateOnLoginPage
21:34:45.504 [AsyncHttpClient-1-1] DEBUG org.asynchttpclient.netty.channel.DefaultChannelPool - Entry count for : http://localhost:24341 : 1
21:34:45.504 [AsyncHttpClient-1-1] DEBUG org.asynchttpclient.netty.channel.DefaultChannelPool - Entry count for : http://localhost:55915 : 1
21:34:45.517 [Forwarding findElement on session 90cdc4615931637e7b77e3767dac3d58 to remote] DEBUG org.asynchttpclient.netty.request.NettyRequestSender - Using pooled Channel '[id: 0xab69aba0, L:/127.0.0.1:55914 - R:localhost/127.0.0.1:24341]' for 'POST' to 'http://localhost:24341/session/90cdc4615931637e7b77e3767dac3d58/element'
21:34:45.517 [Forwarding findElement on session 90cdc4615931637e7b77e3767dac3d58 to remote] DEBUG org.asynchttpclient.netty.request.NettyRequestSender - Using open Channel [id: 0xab69aba0, L:/127.0.0.1:55914 - R:localhost/127.0.0.1:24341] for POST '/session/90cdc4615931637e7b77e3767dac3d58/element'
21:34:45.538 [AsyncHttpClient-1-2] DEBUG org.asynchttpclient.netty.handler.HttpHandler - 

Request DefaultHttpRequest(decodeResult: success, version: HTTP/1.1)
POST /session/90cdc4615931637e7b77e3767dac3d58/element HTTP/1.1
User-Agent: selenium/4.8.1 (java windows)
Content-Length: 59
Content-Type: application/json; charset=utf-8
host: localhost:24341
accept: */*

Response DefaultHttpResponse(decodeResult: success, version: HTTP/1.1)
HTTP/1.1 200 OK
Content-Length: 88
Content-Type: application/json; charset=utf-8
cache-control: no-cache

21:34:45.539 [AsyncHttpClient-1-2] DEBUG org.asynchttpclient.netty.channel.ChannelManager - Adding key: http://localhost:24341 for channel [id: 0xab69aba0, L:/127.0.0.1:55914 - R:localhost/127.0.0.1:24341]
21:34:45.556 [Forwarding isElementDisplayed on session 90cdc4615931637e7b77e3767dac3d58 to remote] DEBUG org.asynchttpclient.netty.request.NettyRequestSender - Using pooled Channel '[id: 0xab69aba0, L:/127.0.0.1:55914 - R:localhost/127.0.0.1:24341]' for 'POST' to 'http://localhost:24341/session/90cdc4615931637e7b77e3767dac3d58/execute/sync'
21:34:45.556 [Forwarding isElementDisplayed on session 90cdc4615931637e7b77e3767dac3d58 to remote] DEBUG org.asynchttpclient.netty.request.NettyRequestSender - Using open Channel [id: 0xab69aba0, L:/127.0.0.1:55914 - R:localhost/127.0.0.1:24341] for POST '/session/90cdc4615931637e7b77e3767dac3d58/execute/sync'
21:34:45.583 [AsyncHttpClient-1-2] DEBUG org.asynchttpclient.netty.handler.HttpHandler - 

Request DefaultHttpRequest(decodeResult: success, version: HTTP/1.1)
POST /session/90cdc4615931637e7b77e3767dac3d58/execute/sync HTTP/1.1
User-Agent: selenium/4.8.1 (java windows)
Content-Length: 48807
Content-Type: application/json; charset=utf-8
host: localhost:24341
accept: */*

Response DefaultHttpResponse(decodeResult: success, version: HTTP/1.1)
HTTP/1.1 200 OK
Content-Length: 14
Content-Type: application/json; charset=utf-8
cache-control: no-cache

21:34:45.584 [AsyncHttpClient-1-2] DEBUG org.asynchttpclient.netty.channel.ChannelManager - Adding key: http://localhost:24341 for channel [id: 0xab69aba0, L:/127.0.0.1:55914 - R:localhost/127.0.0.1:24341]
21:34:45.595 [Forwarding getAlertText on session 90cdc4615931637e7b77e3767dac3d58 to remote] DEBUG org.asynchttpclient.netty.request.NettyRequestSender - Using pooled Channel '[id: 0xab69aba0, L:/127.0.0.1:55914 - R:localhost/127.0.0.1:24341]' for 'GET' to 'http://localhost:24341/session/90cdc4615931637e7b77e3767dac3d58/alert/text'
21:34:45.595 [Forwarding getAlertText on session 90cdc4615931637e7b77e3767dac3d58 to remote] DEBUG org.asynchttpclient.netty.request.NettyRequestSender - Using open Channel [id: 0xab69aba0, L:/127.0.0.1:55914 - R:localhost/127.0.0.1:24341] for GET '/session/90cdc4615931637e7b77e3767dac3d58/alert/text'
21:34:45.597 [AsyncHttpClient-1-2] DEBUG org.asynchttpclient.netty.handler.HttpHandler - 

Request DefaultFullHttpRequest(decodeResult: success, version: HTTP/1.1, content: EmptyByteBufBE)
GET /session/90cdc4615931637e7b77e3767dac3d58/alert/text HTTP/1.1
User-Agent: selenium/4.8.1 (java windows)
Cache-Control: no-cache
Content-Type: application/json; charset=utf-8
host: localhost:24341
accept: */*

Response DefaultHttpResponse(decodeResult: success, version: HTTP/1.1)
HTTP/1.1 404 Not Found
Content-Length: 836
Content-Type: application/json; charset=utf-8
cache-control: no-cache

21:34:45.598 [AsyncHttpClient-1-2] DEBUG org.asynchttpclient.netty.channel.ChannelManager - Adding key: http://localhost:24341 for channel [id: 0xab69aba0, L:/127.0.0.1:55914 - R:localhost/127.0.0.1:24341]
21:34:45.601 [Forwarding getCurrentUrl on session 90cdc4615931637e7b77e3767dac3d58 to remote] DEBUG org.asynchttpclient.netty.request.NettyRequestSender - Using pooled Channel '[id: 0xab69aba0, L:/127.0.0.1:55914 - R:localhost/127.0.0.1:24341]' for 'GET' to 'http://localhost:24341/session/90cdc4615931637e7b77e3767dac3d58/url'
21:34:45.601 [Forwarding getCurrentUrl on session 90cdc4615931637e7b77e3767dac3d58 to remote] DEBUG org.asynchttpclient.netty.request.NettyRequestSender - Using open Channel [id: 0xab69aba0, L:/127.0.0.1:55914 - R:localhost/127.0.0.1:24341] for GET '/session/90cdc4615931637e7b77e3767dac3d58/url'
21:34:45.606 [AsyncHttpClient-1-2] DEBUG org.asynchttpclient.netty.handler.HttpHandler - 

Request DefaultFullHttpRequest(decodeResult: success, version: HTTP/1.1, content: EmptyByteBufBE)
GET /session/90cdc4615931637e7b77e3767dac3d58/url HTTP/1.1
User-Agent: selenium/4.8.1 (java windows)
Cache-Control: no-cache
Content-Type: application/json; charset=utf-8
host: localhost:24341
accept: */*

Response DefaultHttpResponse(decodeResult: success, version: HTTP/1.1)
HTTP/1.1 200 OK
Content-Length: 38
Content-Type: application/json; charset=utf-8
cache-control: no-cache

21:34:45.607 [AsyncHttpClient-1-2] DEBUG org.asynchttpclient.netty.channel.ChannelManager - Adding key: http://localhost:24341 for channel [id: 0xab69aba0, L:/127.0.0.1:55914 - R:localhost/127.0.0.1:24341]
21:34:45.609 [Forwarding screenshot on session 90cdc4615931637e7b77e3767dac3d58 to remote] DEBUG org.asynchttpclient.netty.request.NettyRequestSender - Using pooled Channel '[id: 0xab69aba0, L:/127.0.0.1:55914 - R:localhost/127.0.0.1:24341]' for 'GET' to 'http://localhost:24341/session/90cdc4615931637e7b77e3767dac3d58/screenshot'
21:34:45.609 [Forwarding screenshot on session 90cdc4615931637e7b77e3767dac3d58 to remote] DEBUG org.asynchttpclient.netty.request.NettyRequestSender - Using open Channel [id: 0xab69aba0, L:/127.0.0.1:55914 - R:localhost/127.0.0.1:24341] for GET '/session/90cdc4615931637e7b77e3767dac3d58/screenshot'
21:34:45.743 [AsyncHttpClient-1-2] DEBUG org.asynchttpclient.netty.handler.HttpHandler - 

Request DefaultFullHttpRequest(decodeResult: success, version: HTTP/1.1, content: EmptyByteBufBE)
GET /session/90cdc4615931637e7b77e3767dac3d58/screenshot HTTP/1.1
User-Agent: selenium/4.8.1 (java windows)
Cache-Control: no-cache
Content-Type: application/json; charset=utf-8
host: localhost:24341
accept: */*

Response DefaultHttpResponse(decodeResult: success, version: HTTP/1.1)
HTTP/1.1 200 OK
Content-Length: 48208
Content-Type: application/json; charset=utf-8
cache-control: no-cache

21:34:45.744 [AsyncHttpClient-1-2] DEBUG org.asynchttpclient.netty.channel.ChannelManager - Adding key: http://localhost:24341 for channel [id: 0xab69aba0, L:/127.0.0.1:55914 - R:localhost/127.0.0.1:24341]
21:34:45.748 [main] DEBUG net.serenitybdd.core.photography.Darkroom - Send negative for processing for target\site\serenity\4552f886b62cf3b550f08b114f3599019dbf1d321330fd6567b8496c8e952dfa.png
21:34:45.749 [main] DEBUG net.thucydides.core.steps.StepInterceptor - STEP DONE: validateOnLoginPage
  &amp#27;[32mGiven &amp#27;[0m&amp#27;[32mI am on the Saucedemo login page&amp#27;[0m     &amp#27;[90m# starter.stepdefinitions.AddToCartSteps.onTheLoginPage()&amp#27;[0m
21:34:45.769 [Forwarding getPageSource on session 90cdc4615931637e7b77e3767dac3d58 to remote] DEBUG org.asynchttpclient.netty.request.NettyRequestSender - Using pooled Channel '[id: 0xab69aba0, L:/127.0.0.1:55914 - R:localhost/127.0.0.1:24341]' for 'POST' to 'http://localhost:24341/session/90cdc4615931637e7b77e3767dac3d58/execute/sync'
21:34:45.769 [Forwarding getPageSource on session 90cdc4615931637e7b77e3767dac3d58 to remote] DEBUG org.asynchttpclient.netty.request.NettyRequestSender - Using open Channel [id: 0xab69aba0, L:/127.0.0.1:55914 - R:localhost/127.0.0.1:24341] for POST '/session/90cdc4615931637e7b77e3767dac3d58/execute/sync'
21:34:45.776 [AsyncHttpClient-1-2] DEBUG org.asynchttpclient.netty.handler.HttpHandler - 

Request DefaultHttpRequest(decodeResult: success, version: HTTP/1.1)
POST /session/90cdc4615931637e7b77e3767dac3d58/execute/sync HTTP/1.1
User-Agent: selenium/4.8.1 (java windows)
Content-Length: 176
Content-Type: application/json; charset=utf-8
host: localhost:24341
accept: */*

Response DefaultHttpResponse(decodeResult: success, version: HTTP/1.1)
HTTP/1.1 200 OK
Content-Length: 4286
Content-Type: application/json; charset=utf-8
cache-control: no-cache

21:34:45.776 [AsyncHttpClient-1-2] DEBUG org.asynchttpclient.netty.channel.ChannelManager - Adding key: http://localhost:24341 for channel [id: 0xab69aba0, L:/127.0.0.1:55914 - R:localhost/127.0.0.1:24341]
21:34:45.782 [Forwarding getCurrentUrl on session 90cdc4615931637e7b77e3767dac3d58 to remote] DEBUG org.asynchttpclient.netty.request.NettyRequestSender - Using pooled Channel '[id: 0xab69aba0, L:/127.0.0.1:55914 - R:localhost/127.0.0.1:24341]' for 'GET' to 'http://localhost:24341/session/90cdc4615931637e7b77e3767dac3d58/url'
21:34:45.782 [Forwarding getCurrentUrl on session 90cdc4615931637e7b77e3767dac3d58 to remote] DEBUG org.asynchttpclient.netty.request.NettyRequestSender - Using open Channel [id: 0xab69aba0, L:/127.0.0.1:55914 - R:localhost/127.0.0.1:24341] for GET '/session/90cdc4615931637e7b77e3767dac3d58/url'
21:34:45.786 [AsyncHttpClient-1-2] DEBUG org.asynchttpclient.netty.handler.HttpHandler - 

Request DefaultFullHttpRequest(decodeResult: success, version: HTTP/1.1, content: EmptyByteBufBE)
GET /session/90cdc4615931637e7b77e3767dac3d58/url HTTP/1.1
User-Agent: selenium/4.8.1 (java windows)
Cache-Control: no-cache
Content-Type: application/json; charset=utf-8
host: localhost:24341
accept: */*

Response DefaultHttpResponse(decodeResult: success, version: HTTP/1.1)
HTTP/1.1 200 OK
Content-Length: 38
Content-Type: application/json; charset=utf-8
cache-control: no-cache

21:34:45.786 [AsyncHttpClient-1-2] DEBUG org.asynchttpclient.netty.channel.ChannelManager - Adding key: http://localhost:24341 for channel [id: 0xab69aba0, L:/127.0.0.1:55914 - R:localhost/127.0.0.1:24341]
21:34:45.799 [Forwarding getAlertText on session 90cdc4615931637e7b77e3767dac3d58 to remote] DEBUG org.asynchttpclient.netty.request.NettyRequestSender - Using pooled Channel '[id: 0xab69aba0, L:/127.0.0.1:55914 - R:localhost/127.0.0.1:24341]' for 'GET' to 'http://localhost:24341/session/90cdc4615931637e7b77e3767dac3d58/alert/text'
21:34:45.799 [Forwarding getAlertText on session 90cdc4615931637e7b77e3767dac3d58 to remote] DEBUG org.asynchttpclient.netty.request.NettyRequestSender - Using open Channel [id: 0xab69aba0, L:/127.0.0.1:55914 - R:localhost/127.0.0.1:24341] for GET '/session/90cdc4615931637e7b77e3767dac3d58/alert/text'
21:34:45.801 [AsyncHttpClient-1-2] DEBUG org.asynchttpclient.netty.handler.HttpHandler - 

Request DefaultFullHttpRequest(decodeResult: success, version: HTTP/1.1, content: EmptyByteBufBE)
GET /session/90cdc4615931637e7b77e3767dac3d58/alert/text HTTP/1.1
User-Agent: selenium/4.8.1 (java windows)
Cache-Control: no-cache
Content-Type: application/json; charset=utf-8
host: localhost:24341
accept: */*

Response DefaultHttpResponse(decodeResult: success, version: HTTP/1.1)
HTTP/1.1 404 Not Found
Content-Length: 836
Content-Type: application/json; charset=utf-8
cache-control: no-cache

21:34:45.801 [AsyncHttpClient-1-2] DEBUG org.asynchttpclient.netty.channel.ChannelManager - Adding key: http://localhost:24341 for channel [id: 0xab69aba0, L:/127.0.0.1:55914 - R:localhost/127.0.0.1:24341]
21:34:45.804 [Forwarding getCurrentUrl on session 90cdc4615931637e7b77e3767dac3d58 to remote] DEBUG org.asynchttpclient.netty.request.NettyRequestSender - Using pooled Channel '[id: 0xab69aba0, L:/127.0.0.1:55914 - R:localhost/127.0.0.1:24341]' for 'GET' to 'http://localhost:24341/session/90cdc4615931637e7b77e3767dac3d58/url'
21:34:45.804 [Forwarding getCurrentUrl on session 90cdc4615931637e7b77e3767dac3d58 to remote] DEBUG org.asynchttpclient.netty.request.NettyRequestSender - Using open Channel [id: 0xab69aba0, L:/127.0.0.1:55914 - R:localhost/127.0.0.1:24341] for GET '/session/90cdc4615931637e7b77e3767dac3d58/url'
21:34:45.808 [AsyncHttpClient-1-2] DEBUG org.asynchttpclient.netty.handler.HttpHandler - 

Request DefaultFullHttpRequest(decodeResult: success, version: HTTP/1.1, content: EmptyByteBufBE)
GET /session/90cdc4615931637e7b77e3767dac3d58/url HTTP/1.1
User-Agent: selenium/4.8.1 (java windows)
Cache-Control: no-cache
Content-Type: application/json; charset=utf-8
host: localhost:24341
accept: */*

Response DefaultHttpResponse(decodeResult: success, version: HTTP/1.1)
HTTP/1.1 200 OK
Content-Length: 38
Content-Type: application/json; charset=utf-8
cache-control: no-cache

21:34:45.809 [AsyncHttpClient-1-2] DEBUG org.asynchttpclient.netty.channel.ChannelManager - Adding key: http://localhost:24341 for channel [id: 0xab69aba0, L:/127.0.0.1:55914 - R:localhost/127.0.0.1:24341]
21:34:45.810 [Forwarding screenshot on session 90cdc4615931637e7b77e3767dac3d58 to remote] DEBUG org.asynchttpclient.netty.request.NettyRequestSender - Using pooled Channel '[id: 0xab69aba0, L:/127.0.0.1:55914 - R:localhost/127.0.0.1:24341]' for 'GET' to 'http://localhost:24341/session/90cdc4615931637e7b77e3767dac3d58/screenshot'
21:34:45.810 [Forwarding screenshot on session 90cdc4615931637e7b77e3767dac3d58 to remote] DEBUG org.asynchttpclient.netty.request.NettyRequestSender - Using open Channel [id: 0xab69aba0, L:/127.0.0.1:55914 - R:localhost/127.0.0.1:24341] for GET '/session/90cdc4615931637e7b77e3767dac3d58/screenshot'
21:34:45.927 [AsyncHttpClient-1-2] DEBUG org.asynchttpclient.netty.handler.HttpHandler - 

Request DefaultFullHttpRequest(decodeResult: success, version: HTTP/1.1, content: EmptyByteBufBE)
GET /session/90cdc4615931637e7b77e3767dac3d58/screenshot HTTP/1.1
User-Agent: selenium/4.8.1 (java windows)
Cache-Control: no-cache
Content-Type: application/json; charset=utf-8
host: localhost:24341
accept: */*

Response DefaultHttpResponse(decodeResult: success, version: HTTP/1.1)
HTTP/1.1 200 OK
Content-Length: 48208
Content-Type: application/json; charset=utf-8
cache-control: no-cache

21:34:45.928 [AsyncHttpClient-1-2] DEBUG org.asynchttpclient.netty.channel.ChannelManager - Adding key: http://localhost:24341 for channel [id: 0xab69aba0, L:/127.0.0.1:55914 - R:localhost/127.0.0.1:24341]
21:34:45.933 [main] DEBUG net.serenitybdd.core.photography.Darkroom - Send negative for processing for target\site\serenity\4552f886b62cf3b550f08b114f3599019dbf1d321330fd6567b8496c8e952dfa.png
21:34:45.935 [Forwarding getPageSource on session 90cdc4615931637e7b77e3767dac3d58 to remote] DEBUG org.asynchttpclient.netty.request.NettyRequestSender - Using pooled Channel '[id: 0xab69aba0, L:/127.0.0.1:55914 - R:localhost/127.0.0.1:24341]' for 'POST' to 'http://localhost:24341/session/90cdc4615931637e7b77e3767dac3d58/execute/sync'
21:34:45.935 [Forwarding getPageSource on session 90cdc4615931637e7b77e3767dac3d58 to remote] DEBUG org.asynchttpclient.netty.request.NettyRequestSender - Using open Channel [id: 0xab69aba0, L:/127.0.0.1:55914 - R:localhost/127.0.0.1:24341] for POST '/session/90cdc4615931637e7b77e3767dac3d58/execute/sync'
21:34:45.940 [AsyncHttpClient-1-2] DEBUG org.asynchttpclient.netty.handler.HttpHandler - 

Request DefaultHttpRequest(decodeResult: success, version: HTTP/1.1)
POST /session/90cdc4615931637e7b77e3767dac3d58/execute/sync HTTP/1.1
User-Agent: selenium/4.8.1 (java windows)
Content-Length: 176
Content-Type: application/json; charset=utf-8
host: localhost:24341
accept: */*

Response DefaultHttpResponse(decodeResult: success, version: HTTP/1.1)
HTTP/1.1 200 OK
Content-Length: 4286
Content-Type: application/json; charset=utf-8
cache-control: no-cache

21:34:45.940 [AsyncHttpClient-1-2] DEBUG org.asynchttpclient.netty.channel.ChannelManager - Adding key: http://localhost:24341 for channel [id: 0xab69aba0, L:/127.0.0.1:55914 - R:localhost/127.0.0.1:24341]
21:34:45.944 [Forwarding getCurrentUrl on session 90cdc4615931637e7b77e3767dac3d58 to remote] DEBUG org.asynchttpclient.netty.request.NettyRequestSender - Using pooled Channel '[id: 0xab69aba0, L:/127.0.0.1:55914 - R:localhost/127.0.0.1:24341]' for 'GET' to 'http://localhost:24341/session/90cdc4615931637e7b77e3767dac3d58/url'
21:34:45.944 [Forwarding getCurrentUrl on session 90cdc4615931637e7b77e3767dac3d58 to remote] DEBUG org.asynchttpclient.netty.request.NettyRequestSender - Using open Channel [id: 0xab69aba0, L:/127.0.0.1:55914 - R:localhost/127.0.0.1:24341] for GET '/session/90cdc4615931637e7b77e3767dac3d58/url'
21:34:45.947 [AsyncHttpClient-1-2] DEBUG org.asynchttpclient.netty.handler.HttpHandler - 

Request DefaultFullHttpRequest(decodeResult: success, version: HTTP/1.1, content: EmptyByteBufBE)
GET /session/90cdc4615931637e7b77e3767dac3d58/url HTTP/1.1
User-Agent: selenium/4.8.1 (java windows)
Cache-Control: no-cache
Content-Type: application/json; charset=utf-8
host: localhost:24341
accept: */*

Response DefaultHttpResponse(decodeResult: success, version: HTTP/1.1)
HTTP/1.1 200 OK
Content-Length: 38
Content-Type: application/json; charset=utf-8
cache-control: no-cache

21:34:45.947 [AsyncHttpClient-1-2] DEBUG org.asynchttpclient.netty.channel.ChannelManager - Adding key: http://localhost:24341 for channel [id: 0xab69aba0, L:/127.0.0.1:55914 - R:localhost/127.0.0.1:24341]
21:34:45.949 [main] DEBUG net.thucydides.core.steps.StepInterceptor - STARTING STEP: AddToCartSteps.loginWithValid - inputUserName
21:34:45.953 [Forwarding findElement on session 90cdc4615931637e7b77e3767dac3d58 to remote] DEBUG org.asynchttpclient.netty.request.NettyRequestSender - Using pooled Channel '[id: 0xab69aba0, L:/127.0.0.1:55914 - R:localhost/127.0.0.1:24341]' for 'POST' to 'http://localhost:24341/session/90cdc4615931637e7b77e3767dac3d58/element'
21:34:45.953 [Forwarding findElement on session 90cdc4615931637e7b77e3767dac3d58 to remote] DEBUG org.asynchttpclient.netty.request.NettyRequestSender - Using open Channel [id: 0xab69aba0, L:/127.0.0.1:55914 - R:localhost/127.0.0.1:24341] for POST '/session/90cdc4615931637e7b77e3767dac3d58/element'
21:34:45.967 [AsyncHttpClient-1-2] DEBUG org.asynchttpclient.netty.handler.HttpHandler - 

Request DefaultHttpRequest(decodeResult: success, version: HTTP/1.1)
POST /session/90cdc4615931637e7b77e3767dac3d58/element HTTP/1.1
User-Agent: selenium/4.8.1 (java windows)
Content-Length: 56
Content-Type: application/json; charset=utf-8
host: localhost:24341
accept: */*

Response DefaultHttpResponse(decodeResult: success, version: HTTP/1.1)
HTTP/1.1 200 OK
Content-Length: 88
Content-Type: application/json; charset=utf-8
cache-control: no-cache

21:34:45.967 [AsyncHttpClient-1-2] DEBUG org.asynchttpclient.netty.channel.ChannelManager - Adding key: http://localhost:24341 for channel [id: 0xab69aba0, L:/127.0.0.1:55914 - R:localhost/127.0.0.1:24341]
21:34:45.969 [Forwarding clearElement on session 90cdc4615931637e7b77e3767dac3d58 to remote] DEBUG org.asynchttpclient.netty.request.NettyRequestSender - Using pooled Channel '[id: 0xab69aba0, L:/127.0.0.1:55914 - R:localhost/127.0.0.1:24341]' for 'POST' to 'http://localhost:24341/session/90cdc4615931637e7b77e3767dac3d58/element/1272f1b9-d51a-4f50-b7e0-a351c3399d80/clear'
21:34:45.969 [Forwarding clearElement on session 90cdc4615931637e7b77e3767dac3d58 to remote] DEBUG org.asynchttpclient.netty.request.NettyRequestSender - Using open Channel [id: 0xab69aba0, L:/127.0.0.1:55914 - R:localhost/127.0.0.1:24341] for POST '/session/90cdc4615931637e7b77e3767dac3d58/element/1272f1b9-d51a-4f50-b7e0-a351c3399d80/clear'
21:34:46.018 [AsyncHttpClient-1-2] DEBUG org.asynchttpclient.netty.handler.HttpHandler - 

Request DefaultHttpRequest(decodeResult: success, version: HTTP/1.1)
POST /session/90cdc4615931637e7b77e3767dac3d58/element/1272f1b9-d51a-4f50-b7e0-a351c3399d80/clear HTTP/1.1
User-Agent: selenium/4.8.1 (java windows)
Content-Length: 50
Content-Type: application/json; charset=utf-8
host: localhost:24341
accept: */*

Response DefaultHttpResponse(decodeResult: success, version: HTTP/1.1)
HTTP/1.1 200 OK
Content-Length: 14
Content-Type: application/json; charset=utf-8
cache-control: no-cache

21:34:46.018 [AsyncHttpClient-1-2] DEBUG org.asynchttpclient.netty.channel.ChannelManager - Adding key: http://localhost:24341 for channel [id: 0xab69aba0, L:/127.0.0.1:55914 - R:localhost/127.0.0.1:24341]
21:34:46.024 [Forwarding sendKeysToElement on session 90cdc4615931637e7b77e3767dac3d58 to remote] DEBUG org.asynchttpclient.netty.request.NettyRequestSender - Using pooled Channel '[id: 0xab69aba0, L:/127.0.0.1:55914 - R:localhost/127.0.0.1:24341]' for 'POST' to 'http://localhost:24341/session/90cdc4615931637e7b77e3767dac3d58/element/1272f1b9-d51a-4f50-b7e0-a351c3399d80/value'
21:34:46.024 [Forwarding sendKeysToElement on session 90cdc4615931637e7b77e3767dac3d58 to remote] DEBUG org.asynchttpclient.netty.request.NettyRequestSender - Using open Channel [id: 0xab69aba0, L:/127.0.0.1:55914 - R:localhost/127.0.0.1:24341] for POST '/session/90cdc4615931637e7b77e3767dac3d58/element/1272f1b9-d51a-4f50-b7e0-a351c3399d80/value'
21:34:46.108 [AsyncHttpClient-1-2] DEBUG org.asynchttpclient.netty.handler.HttpHandler - 

Request DefaultHttpRequest(decodeResult: success, version: HTTP/1.1)
POST /session/90cdc4615931637e7b77e3767dac3d58/element/1272f1b9-d51a-4f50-b7e0-a351c3399d80/value HTTP/1.1
User-Agent: selenium/4.8.1 (java windows)
Content-Length: 211
Content-Type: application/json; charset=utf-8
host: localhost:24341
accept: */*

Response DefaultHttpResponse(decodeResult: success, version: HTTP/1.1)
HTTP/1.1 200 OK
Content-Length: 14
Content-Type: application/json; charset=utf-8
cache-control: no-cache

21:34:46.108 [AsyncHttpClient-1-2] DEBUG org.asynchttpclient.netty.channel.ChannelManager - Adding key: http://localhost:24341 for channel [id: 0xab69aba0, L:/127.0.0.1:55914 - R:localhost/127.0.0.1:24341]
21:34:46.123 [Forwarding getAlertText on session 90cdc4615931637e7b77e3767dac3d58 to remote] DEBUG org.asynchttpclient.netty.request.NettyRequestSender - Using pooled Channel '[id: 0xab69aba0, L:/127.0.0.1:55914 - R:localhost/127.0.0.1:24341]' for 'GET' to 'http://localhost:24341/session/90cdc4615931637e7b77e3767dac3d58/alert/text'
21:34:46.123 [Forwarding getAlertText on session 90cdc4615931637e7b77e3767dac3d58 to remote] DEBUG org.asynchttpclient.netty.request.NettyRequestSender - Using open Channel [id: 0xab69aba0, L:/127.0.0.1:55914 - R:localhost/127.0.0.1:24341] for GET '/session/90cdc4615931637e7b77e3767dac3d58/alert/text'
21:34:46.125 [AsyncHttpClient-1-2] DEBUG org.asynchttpclient.netty.handler.HttpHandler - 

Request DefaultFullHttpRequest(decodeResult: success, version: HTTP/1.1, content: EmptyByteBufBE)
GET /session/90cdc4615931637e7b77e3767dac3d58/alert/text HTTP/1.1
User-Agent: selenium/4.8.1 (java windows)
Cache-Control: no-cache
Content-Type: application/json; charset=utf-8
host: localhost:24341
accept: */*

Response DefaultHttpResponse(decodeResult: success, version: HTTP/1.1)
HTTP/1.1 404 Not Found
Content-Length: 836
Content-Type: application/json; charset=utf-8
cache-control: no-cache

21:34:46.125 [AsyncHttpClient-1-2] DEBUG org.asynchttpclient.netty.channel.ChannelManager - Adding key: http://localhost:24341 for channel [id: 0xab69aba0, L:/127.0.0.1:55914 - R:localhost/127.0.0.1:24341]
21:34:46.127 [Forwarding getCurrentUrl on session 90cdc4615931637e7b77e3767dac3d58 to remote] DEBUG org.asynchttpclient.netty.request.NettyRequestSender - Using pooled Channel '[id: 0xab69aba0, L:/127.0.0.1:55914 - R:localhost/127.0.0.1:24341]' for 'GET' to 'http://localhost:24341/session/90cdc4615931637e7b77e3767dac3d58/url'
21:34:46.127 [Forwarding getCurrentUrl on session 90cdc4615931637e7b77e3767dac3d58 to remote] DEBUG org.asynchttpclient.netty.request.NettyRequestSender - Using open Channel [id: 0xab69aba0, L:/127.0.0.1:55914 - R:localhost/127.0.0.1:24341] for GET '/session/90cdc4615931637e7b77e3767dac3d58/url'
21:34:46.131 [AsyncHttpClient-1-2] DEBUG org.asynchttpclient.netty.handler.HttpHandler - 

Request DefaultFullHttpRequest(decodeResult: success, version: HTTP/1.1, content: EmptyByteBufBE)
GET /session/90cdc4615931637e7b77e3767dac3d58/url HTTP/1.1
User-Agent: selenium/4.8.1 (java windows)
Cache-Control: no-cache
Content-Type: application/json; charset=utf-8
host: localhost:24341
accept: */*

Response DefaultHttpResponse(decodeResult: success, version: HTTP/1.1)
HTTP/1.1 200 OK
Content-Length: 38
Content-Type: application/json; charset=utf-8
cache-control: no-cache

21:34:46.131 [AsyncHttpClient-1-2] DEBUG org.asynchttpclient.netty.channel.ChannelManager - Adding key: http://localhost:24341 for channel [id: 0xab69aba0, L:/127.0.0.1:55914 - R:localhost/127.0.0.1:24341]
21:34:46.133 [Forwarding screenshot on session 90cdc4615931637e7b77e3767dac3d58 to remote] DEBUG org.asynchttpclient.netty.request.NettyRequestSender - Using pooled Channel '[id: 0xab69aba0, L:/127.0.0.1:55914 - R:localhost/127.0.0.1:24341]' for 'GET' to 'http://localhost:24341/session/90cdc4615931637e7b77e3767dac3d58/screenshot'
21:34:46.133 [Forwarding screenshot on session 90cdc4615931637e7b77e3767dac3d58 to remote] DEBUG org.asynchttpclient.netty.request.NettyRequestSender - Using open Channel [id: 0xab69aba0, L:/127.0.0.1:55914 - R:localhost/127.0.0.1:24341] for GET '/session/90cdc4615931637e7b77e3767dac3d58/screenshot'
21:34:46.266 [AsyncHttpClient-1-2] DEBUG org.asynchttpclient.netty.handler.HttpHandler - 

Request DefaultFullHttpRequest(decodeResult: success, version: HTTP/1.1, content: EmptyByteBufBE)
GET /session/90cdc4615931637e7b77e3767dac3d58/screenshot HTTP/1.1
User-Agent: selenium/4.8.1 (java windows)
Cache-Control: no-cache
Content-Type: application/json; charset=utf-8
host: localhost:24341
accept: */*

Response DefaultHttpResponse(decodeResult: success, version: HTTP/1.1)
HTTP/1.1 200 OK
Content-Length: 49172
Content-Type: application/json; charset=utf-8
cache-control: no-cache

21:34:46.267 [AsyncHttpClient-1-2] DEBUG org.asynchttpclient.netty.channel.ChannelManager - Adding key: http://localhost:24341 for channel [id: 0xab69aba0, L:/127.0.0.1:55914 - R:localhost/127.0.0.1:24341]
21:34:46.277 [main] DEBUG net.serenitybdd.core.photography.Darkroom - Send negative for processing for target\site\serenity\bdc87eaaed79ee38e1e439464994353ed7f5a7f71e803aece9831f8ca43e7944.png
21:34:46.278 [Darkroom Processing Line] DEBUG net.serenitybdd.core.photography.DarkroomProcessingLine - Processing screenshot image in /var/screenshots/screenshot-6572938748638220787
21:34:46.278 [Darkroom Processing Line] DEBUG net.serenitybdd.core.photography.DarkroomProcessingLine - Saving screenshot to target\site\serenity\bdc87eaaed79ee38e1e439464994353ed7f5a7f71e803aece9831f8ca43e7944.png
21:34:46.278 [main] DEBUG net.thucydides.core.steps.StepInterceptor - STEP DONE: inputUserName
21:34:46.290 [Forwarding getPageSource on session 90cdc4615931637e7b77e3767dac3d58 to remote] DEBUG org.asynchttpclient.netty.request.NettyRequestSender - Using pooled Channel '[id: 0xab69aba0, L:/127.0.0.1:55914 - R:localhost/127.0.0.1:24341]' for 'POST' to 'http://localhost:24341/session/90cdc4615931637e7b77e3767dac3d58/execute/sync'
21:34:46.290 [Forwarding getPageSource on session 90cdc4615931637e7b77e3767dac3d58 to remote] DEBUG org.asynchttpclient.netty.request.NettyRequestSender - Using open Channel [id: 0xab69aba0, L:/127.0.0.1:55914 - R:localhost/127.0.0.1:24341] for POST '/session/90cdc4615931637e7b77e3767dac3d58/execute/sync'
21:34:46.294 [AsyncHttpClient-1-2] DEBUG org.asynchttpclient.netty.handler.HttpHandler - 

Request DefaultHttpRequest(decodeResult: success, version: HTTP/1.1)
POST /session/90cdc4615931637e7b77e3767dac3d58/execute/sync HTTP/1.1
User-Agent: selenium/4.8.1 (java windows)
Content-Length: 176
Content-Type: application/json; charset=utf-8
host: localhost:24341
accept: */*

Response DefaultHttpResponse(decodeResult: success, version: HTTP/1.1)
HTTP/1.1 200 OK
Content-Length: 4299
Content-Type: application/json; charset=utf-8
cache-control: no-cache

21:34:46.294 [AsyncHttpClient-1-2] DEBUG org.asynchttpclient.netty.channel.ChannelManager - Adding key: http://localhost:24341 for channel [id: 0xab69aba0, L:/127.0.0.1:55914 - R:localhost/127.0.0.1:24341]
21:34:46.297 [Forwarding getCurrentUrl on session 90cdc4615931637e7b77e3767dac3d58 to remote] DEBUG org.asynchttpclient.netty.request.NettyRequestSender - Using pooled Channel '[id: 0xab69aba0, L:/127.0.0.1:55914 - R:localhost/127.0.0.1:24341]' for 'GET' to 'http://localhost:24341/session/90cdc4615931637e7b77e3767dac3d58/url'
21:34:46.297 [Forwarding getCurrentUrl on session 90cdc4615931637e7b77e3767dac3d58 to remote] DEBUG org.asynchttpclient.netty.request.NettyRequestSender - Using open Channel [id: 0xab69aba0, L:/127.0.0.1:55914 - R:localhost/127.0.0.1:24341] for GET '/session/90cdc4615931637e7b77e3767dac3d58/url'
21:34:46.300 [AsyncHttpClient-1-2] DEBUG org.asynchttpclient.netty.handler.HttpHandler - 

Request DefaultFullHttpRequest(decodeResult: success, version: HTTP/1.1, content: EmptyByteBufBE)
GET /session/90cdc4615931637e7b77e3767dac3d58/url HTTP/1.1
User-Agent: selenium/4.8.1 (java windows)
Cache-Control: no-cache
Content-Type: application/json; charset=utf-8
host: localhost:24341
accept: */*

Response DefaultHttpResponse(decodeResult: success, version: HTTP/1.1)
HTTP/1.1 200 OK
Content-Length: 38
Content-Type: application/json; charset=utf-8
cache-control: no-cache

21:34:46.300 [AsyncHttpClient-1-2] DEBUG org.asynchttpclient.netty.channel.ChannelManager - Adding key: http://localhost:24341 for channel [id: 0xab69aba0, L:/127.0.0.1:55914 - R:localhost/127.0.0.1:24341]
21:34:46.302 [main] DEBUG net.thucydides.core.steps.StepInterceptor - STARTING STEP: AddToCartSteps.loginWithValid - inputPassword
21:34:46.305 [Forwarding findElement on session 90cdc4615931637e7b77e3767dac3d58 to remote] DEBUG org.asynchttpclient.netty.request.NettyRequestSender - Using pooled Channel '[id: 0xab69aba0, L:/127.0.0.1:55914 - R:localhost/127.0.0.1:24341]' for 'POST' to 'http://localhost:24341/session/90cdc4615931637e7b77e3767dac3d58/element'
21:34:46.306 [Forwarding findElement on session 90cdc4615931637e7b77e3767dac3d58 to remote] DEBUG org.asynchttpclient.netty.request.NettyRequestSender - Using open Channel [id: 0xab69aba0, L:/127.0.0.1:55914 - R:localhost/127.0.0.1:24341] for POST '/session/90cdc4615931637e7b77e3767dac3d58/element'
21:34:46.324 [AsyncHttpClient-1-2] DEBUG org.asynchttpclient.netty.handler.HttpHandler - 

Request DefaultHttpRequest(decodeResult: success, version: HTTP/1.1)
POST /session/90cdc4615931637e7b77e3767dac3d58/element HTTP/1.1
User-Agent: selenium/4.8.1 (java windows)
Content-Length: 53
Content-Type: application/json; charset=utf-8
host: localhost:24341
accept: */*

Response DefaultHttpResponse(decodeResult: success, version: HTTP/1.1)
HTTP/1.1 200 OK
Content-Length: 88
Content-Type: application/json; charset=utf-8
cache-control: no-cache

21:34:46.324 [AsyncHttpClient-1-2] DEBUG org.asynchttpclient.netty.channel.ChannelManager - Adding key: http://localhost:24341 for channel [id: 0xab69aba0, L:/127.0.0.1:55914 - R:localhost/127.0.0.1:24341]
21:34:46.326 [Forwarding clearElement on session 90cdc4615931637e7b77e3767dac3d58 to remote] DEBUG org.asynchttpclient.netty.request.NettyRequestSender - Using pooled Channel '[id: 0xab69aba0, L:/127.0.0.1:55914 - R:localhost/127.0.0.1:24341]' for 'POST' to 'http://localhost:24341/session/90cdc4615931637e7b77e3767dac3d58/element/0ceeb166-126a-4f80-808d-8ff12992b0ed/clear'
21:34:46.326 [Forwarding clearElement on session 90cdc4615931637e7b77e3767dac3d58 to remote] DEBUG org.asynchttpclient.netty.request.NettyRequestSender - Using open Channel [id: 0xab69aba0, L:/127.0.0.1:55914 - R:localhost/127.0.0.1:24341] for POST '/session/90cdc4615931637e7b77e3767dac3d58/element/0ceeb166-126a-4f80-808d-8ff12992b0ed/clear'
21:34:46.377 [AsyncHttpClient-1-2] DEBUG org.asynchttpclient.netty.handler.HttpHandler - 

Request DefaultHttpRequest(decodeResult: success, version: HTTP/1.1)
POST /session/90cdc4615931637e7b77e3767dac3d58/element/0ceeb166-126a-4f80-808d-8ff12992b0ed/clear HTTP/1.1
User-Agent: selenium/4.8.1 (java windows)
Content-Length: 50
Content-Type: application/json; charset=utf-8
host: localhost:24341
accept: */*

Response DefaultHttpResponse(decodeResult: success, version: HTTP/1.1)
HTTP/1.1 200 OK
Content-Length: 14
Content-Type: application/json; charset=utf-8
cache-control: no-cache

21:34:46.378 [AsyncHttpClient-1-2] DEBUG org.asynchttpclient.netty.channel.ChannelManager - Adding key: http://localhost:24341 for channel [id: 0xab69aba0, L:/127.0.0.1:55914 - R:localhost/127.0.0.1:24341]
21:34:46.380 [Forwarding sendKeysToElement on session 90cdc4615931637e7b77e3767dac3d58 to remote] DEBUG org.asynchttpclient.netty.request.NettyRequestSender - Using pooled Channel '[id: 0xab69aba0, L:/127.0.0.1:55914 - R:localhost/127.0.0.1:24341]' for 'POST' to 'http://localhost:24341/session/90cdc4615931637e7b77e3767dac3d58/element/0ceeb166-126a-4f80-808d-8ff12992b0ed/value'
21:34:46.380 [Forwarding sendKeysToElement on session 90cdc4615931637e7b77e3767dac3d58 to remote] DEBUG org.asynchttpclient.netty.request.NettyRequestSender - Using open Channel [id: 0xab69aba0, L:/127.0.0.1:55914 - R:localhost/127.0.0.1:24341] for POST '/session/90cdc4615931637e7b77e3767dac3d58/element/0ceeb166-126a-4f80-808d-8ff12992b0ed/value'
21:34:46.456 [AsyncHttpClient-1-2] DEBUG org.asynchttpclient.netty.handler.HttpHandler - 

Request DefaultHttpRequest(decodeResult: success, version: HTTP/1.1)
POST /session/90cdc4615931637e7b77e3767dac3d58/element/0ceeb166-126a-4f80-808d-8ff12992b0ed/value HTTP/1.1
User-Agent: selenium/4.8.1 (java windows)
Content-Length: 201
Content-Type: application/json; charset=utf-8
host: localhost:24341
accept: */*

Response DefaultHttpResponse(decodeResult: success, version: HTTP/1.1)
HTTP/1.1 200 OK
Content-Length: 14
Content-Type: application/json; charset=utf-8
cache-control: no-cache

21:34:46.456 [AsyncHttpClient-1-2] DEBUG org.asynchttpclient.netty.channel.ChannelManager - Adding key: http://localhost:24341 for channel [id: 0xab69aba0, L:/127.0.0.1:55914 - R:localhost/127.0.0.1:24341]
21:34:46.468 [Forwarding getAlertText on session 90cdc4615931637e7b77e3767dac3d58 to remote] DEBUG org.asynchttpclient.netty.request.NettyRequestSender - Using pooled Channel '[id: 0xab69aba0, L:/127.0.0.1:55914 - R:localhost/127.0.0.1:24341]' for 'GET' to 'http://localhost:24341/session/90cdc4615931637e7b77e3767dac3d58/alert/text'
21:34:46.468 [Forwarding getAlertText on session 90cdc4615931637e7b77e3767dac3d58 to remote] DEBUG org.asynchttpclient.netty.request.NettyRequestSender - Using open Channel [id: 0xab69aba0, L:/127.0.0.1:55914 - R:localhost/127.0.0.1:24341] for GET '/session/90cdc4615931637e7b77e3767dac3d58/alert/text'
21:34:46.470 [AsyncHttpClient-1-2] DEBUG org.asynchttpclient.netty.handler.HttpHandler - 

Request DefaultFullHttpRequest(decodeResult: success, version: HTTP/1.1, content: EmptyByteBufBE)
GET /session/90cdc4615931637e7b77e3767dac3d58/alert/text HTTP/1.1
User-Agent: selenium/4.8.1 (java windows)
Cache-Control: no-cache
Content-Type: application/json; charset=utf-8
host: localhost:24341
accept: */*

Response DefaultHttpResponse(decodeResult: success, version: HTTP/1.1)
HTTP/1.1 404 Not Found
Content-Length: 836
Content-Type: application/json; charset=utf-8
cache-control: no-cache

21:34:46.470 [AsyncHttpClient-1-2] DEBUG org.asynchttpclient.netty.channel.ChannelManager - Adding key: http://localhost:24341 for channel [id: 0xab69aba0, L:/127.0.0.1:55914 - R:localhost/127.0.0.1:24341]
21:34:46.473 [Forwarding getCurrentUrl on session 90cdc4615931637e7b77e3767dac3d58 to remote] DEBUG org.asynchttpclient.netty.request.NettyRequestSender - Using pooled Channel '[id: 0xab69aba0, L:/127.0.0.1:55914 - R:localhost/127.0.0.1:24341]' for 'GET' to 'http://localhost:24341/session/90cdc4615931637e7b77e3767dac3d58/url'
21:34:46.473 [Forwarding getCurrentUrl on session 90cdc4615931637e7b77e3767dac3d58 to remote] DEBUG org.asynchttpclient.netty.request.NettyRequestSender - Using open Channel [id: 0xab69aba0, L:/127.0.0.1:55914 - R:localhost/127.0.0.1:24341] for GET '/session/90cdc4615931637e7b77e3767dac3d58/url'
21:34:46.477 [AsyncHttpClient-1-2] DEBUG org.asynchttpclient.netty.handler.HttpHandler - 

Request DefaultFullHttpRequest(decodeResult: success, version: HTTP/1.1, content: EmptyByteBufBE)
GET /session/90cdc4615931637e7b77e3767dac3d58/url HTTP/1.1
User-Agent: selenium/4.8.1 (java windows)
Cache-Control: no-cache
Content-Type: application/json; charset=utf-8
host: localhost:24341
accept: */*

Response DefaultHttpResponse(decodeResult: success, version: HTTP/1.1)
HTTP/1.1 200 OK
Content-Length: 38
Content-Type: application/json; charset=utf-8
cache-control: no-cache

21:34:46.478 [AsyncHttpClient-1-2] DEBUG org.asynchttpclient.netty.channel.ChannelManager - Adding key: http://localhost:24341 for channel [id: 0xab69aba0, L:/127.0.0.1:55914 - R:localhost/127.0.0.1:24341]
21:34:46.479 [Forwarding screenshot on session 90cdc4615931637e7b77e3767dac3d58 to remote] DEBUG org.asynchttpclient.netty.request.NettyRequestSender - Using pooled Channel '[id: 0xab69aba0, L:/127.0.0.1:55914 - R:localhost/127.0.0.1:24341]' for 'GET' to 'http://localhost:24341/session/90cdc4615931637e7b77e3767dac3d58/screenshot'
21:34:46.479 [Forwarding screenshot on session 90cdc4615931637e7b77e3767dac3d58 to remote] DEBUG org.asynchttpclient.netty.request.NettyRequestSender - Using open Channel [id: 0xab69aba0, L:/127.0.0.1:55914 - R:localhost/127.0.0.1:24341] for GET '/session/90cdc4615931637e7b77e3767dac3d58/screenshot'
21:34:46.604 [AsyncHttpClient-1-2] DEBUG org.asynchttpclient.netty.handler.HttpHandler - 

Request DefaultFullHttpRequest(decodeResult: success, version: HTTP/1.1, content: EmptyByteBufBE)
GET /session/90cdc4615931637e7b77e3767dac3d58/screenshot HTTP/1.1
User-Agent: selenium/4.8.1 (java windows)
Cache-Control: no-cache
Content-Type: application/json; charset=utf-8
host: localhost:24341
accept: */*

Response DefaultHttpResponse(decodeResult: success, version: HTTP/1.1)
HTTP/1.1 200 OK
Content-Length: 46836
Content-Type: application/json; charset=utf-8
cache-control: no-cache

21:34:46.605 [AsyncHttpClient-1-2] DEBUG org.asynchttpclient.netty.channel.ChannelManager - Adding key: http://localhost:24341 for channel [id: 0xab69aba0, L:/127.0.0.1:55914 - R:localhost/127.0.0.1:24341]
21:34:46.607 [AsyncHttpClient-1-1] DEBUG org.asynchttpclient.netty.channel.DefaultChannelPool - Entry count for : http://localhost:24341 : 1
21:34:46.607 [AsyncHttpClient-1-1] DEBUG org.asynchttpclient.netty.channel.DefaultChannelPool - Entry count for : http://localhost:55915 : 1
21:34:46.612 [main] DEBUG net.serenitybdd.core.photography.Darkroom - Send negative for processing for target\site\serenity\2dc98446eda085b025639da8d04d3bef5ac1680f614b15ebad0c60c8fde6f9fe.png
21:34:46.612 [main] DEBUG net.thucydides.core.steps.StepInterceptor - STEP DONE: inputPassword
21:34:46.612 [Darkroom Processing Line] DEBUG net.serenitybdd.core.photography.DarkroomProcessingLine - Processing screenshot image in /var/screenshots/screenshot-16403026450974208466
21:34:46.612 [Darkroom Processing Line] DEBUG net.serenitybdd.core.photography.DarkroomProcessingLine - Saving screenshot to target\site\serenity\2dc98446eda085b025639da8d04d3bef5ac1680f614b15ebad0c60c8fde6f9fe.png
21:34:46.622 [Forwarding getPageSource on session 90cdc4615931637e7b77e3767dac3d58 to remote] DEBUG org.asynchttpclient.netty.request.NettyRequestSender - Using pooled Channel '[id: 0xab69aba0, L:/127.0.0.1:55914 - R:localhost/127.0.0.1:24341]' for 'POST' to 'http://localhost:24341/session/90cdc4615931637e7b77e3767dac3d58/execute/sync'
21:34:46.622 [Forwarding getPageSource on session 90cdc4615931637e7b77e3767dac3d58 to remote] DEBUG org.asynchttpclient.netty.request.NettyRequestSender - Using open Channel [id: 0xab69aba0, L:/127.0.0.1:55914 - R:localhost/127.0.0.1:24341] for POST '/session/90cdc4615931637e7b77e3767dac3d58/execute/sync'
21:34:46.627 [AsyncHttpClient-1-2] DEBUG org.asynchttpclient.netty.handler.HttpHandler - 

Request DefaultHttpRequest(decodeResult: success, version: HTTP/1.1)
POST /session/90cdc4615931637e7b77e3767dac3d58/execute/sync HTTP/1.1
User-Agent: selenium/4.8.1 (java windows)
Content-Length: 176
Content-Type: application/json; charset=utf-8
host: localhost:24341
accept: */*

Response DefaultHttpResponse(decodeResult: success, version: HTTP/1.1)
HTTP/1.1 200 OK
Content-Length: 4311
Content-Type: application/json; charset=utf-8
cache-control: no-cache

21:34:46.627 [AsyncHttpClient-1-2] DEBUG org.asynchttpclient.netty.channel.ChannelManager - Adding key: http://localhost:24341 for channel [id: 0xab69aba0, L:/127.0.0.1:55914 - R:localhost/127.0.0.1:24341]
21:34:46.631 [Forwarding getCurrentUrl on session 90cdc4615931637e7b77e3767dac3d58 to remote] DEBUG org.asynchttpclient.netty.request.NettyRequestSender - Using pooled Channel '[id: 0xab69aba0, L:/127.0.0.1:55914 - R:localhost/127.0.0.1:24341]' for 'GET' to 'http://localhost:24341/session/90cdc4615931637e7b77e3767dac3d58/url'
21:34:46.631 [Forwarding getCurrentUrl on session 90cdc4615931637e7b77e3767dac3d58 to remote] DEBUG org.asynchttpclient.netty.request.NettyRequestSender - Using open Channel [id: 0xab69aba0, L:/127.0.0.1:55914 - R:localhost/127.0.0.1:24341] for GET '/session/90cdc4615931637e7b77e3767dac3d58/url'
21:34:46.635 [AsyncHttpClient-1-2] DEBUG org.asynchttpclient.netty.handler.HttpHandler - 

Request DefaultFullHttpRequest(decodeResult: success, version: HTTP/1.1, content: EmptyByteBufBE)
GET /session/90cdc4615931637e7b77e3767dac3d58/url HTTP/1.1
User-Agent: selenium/4.8.1 (java windows)
Cache-Control: no-cache
Content-Type: application/json; charset=utf-8
host: localhost:24341
accept: */*

Response DefaultHttpResponse(decodeResult: success, version: HTTP/1.1)
HTTP/1.1 200 OK
Content-Length: 38
Content-Type: application/json; charset=utf-8
cache-control: no-cache

21:34:46.635 [AsyncHttpClient-1-2] DEBUG org.asynchttpclient.netty.channel.ChannelManager - Adding key: http://localhost:24341 for channel [id: 0xab69aba0, L:/127.0.0.1:55914 - R:localhost/127.0.0.1:24341]
21:34:46.637 [main] DEBUG net.thucydides.core.steps.StepInterceptor - STARTING STEP: AddToCartSteps.loginWithValid - clickLoginButton
21:34:46.645 [Forwarding findElement on session 90cdc4615931637e7b77e3767dac3d58 to remote] DEBUG org.asynchttpclient.netty.request.NettyRequestSender - Using pooled Channel '[id: 0xab69aba0, L:/127.0.0.1:55914 - R:localhost/127.0.0.1:24341]' for 'POST' to 'http://localhost:24341/session/90cdc4615931637e7b77e3767dac3d58/element'
21:34:46.645 [Forwarding findElement on session 90cdc4615931637e7b77e3767dac3d58 to remote] DEBUG org.asynchttpclient.netty.request.NettyRequestSender - Using open Channel [id: 0xab69aba0, L:/127.0.0.1:55914 - R:localhost/127.0.0.1:24341] for POST '/session/90cdc4615931637e7b77e3767dac3d58/element'
21:34:46.654 [AsyncHttpClient-1-2] DEBUG org.asynchttpclient.netty.handler.HttpHandler - 

Request DefaultHttpRequest(decodeResult: success, version: HTTP/1.1)
POST /session/90cdc4615931637e7b77e3767dac3d58/element HTTP/1.1
User-Agent: selenium/4.8.1 (java windows)
Content-Length: 59
Content-Type: application/json; charset=utf-8
host: localhost:24341
accept: */*

Response DefaultHttpResponse(decodeResult: success, version: HTTP/1.1)
HTTP/1.1 200 OK
Content-Length: 88
Content-Type: application/json; charset=utf-8
cache-control: no-cache

21:34:46.654 [AsyncHttpClient-1-2] DEBUG org.asynchttpclient.netty.channel.ChannelManager - Adding key: http://localhost:24341 for channel [id: 0xab69aba0, L:/127.0.0.1:55914 - R:localhost/127.0.0.1:24341]
21:34:46.656 [Forwarding getElementTagName on session 90cdc4615931637e7b77e3767dac3d58 to remote] DEBUG org.asynchttpclient.netty.request.NettyRequestSender - Using pooled Channel '[id: 0xab69aba0, L:/127.0.0.1:55914 - R:localhost/127.0.0.1:24341]' for 'GET' to 'http://localhost:24341/session/90cdc4615931637e7b77e3767dac3d58/element/bffd1169-cdf9-4624-9fa3-f460762e0267/name'
21:34:46.656 [Forwarding getElementTagName on session 90cdc4615931637e7b77e3767dac3d58 to remote] DEBUG org.asynchttpclient.netty.request.NettyRequestSender - Using open Channel [id: 0xab69aba0, L:/127.0.0.1:55914 - R:localhost/127.0.0.1:24341] for GET '/session/90cdc4615931637e7b77e3767dac3d58/element/bffd1169-cdf9-4624-9fa3-f460762e0267/name'
21:34:46.662 [AsyncHttpClient-1-2] DEBUG org.asynchttpclient.netty.handler.HttpHandler - 

Request DefaultFullHttpRequest(decodeResult: success, version: HTTP/1.1, content: EmptyByteBufBE)
GET /session/90cdc4615931637e7b77e3767dac3d58/element/bffd1169-cdf9-4624-9fa3-f460762e0267/name HTTP/1.1
User-Agent: selenium/4.8.1 (java windows)
Cache-Control: no-cache
Content-Type: application/json; charset=utf-8
host: localhost:24341
accept: */*

Response DefaultHttpResponse(decodeResult: success, version: HTTP/1.1)
HTTP/1.1 200 OK
Content-Length: 17
Content-Type: application/json; charset=utf-8
cache-control: no-cache

21:34:46.663 [AsyncHttpClient-1-2] DEBUG org.asynchttpclient.netty.channel.ChannelManager - Adding key: http://localhost:24341 for channel [id: 0xab69aba0, L:/127.0.0.1:55914 - R:localhost/127.0.0.1:24341]
21:34:46.665 [Forwarding getElementTagName on session 90cdc4615931637e7b77e3767dac3d58 to remote] DEBUG org.asynchttpclient.netty.request.NettyRequestSender - Using pooled Channel '[id: 0xab69aba0, L:/127.0.0.1:55914 - R:localhost/127.0.0.1:24341]' for 'GET' to 'http://localhost:24341/session/90cdc4615931637e7b77e3767dac3d58/element/bffd1169-cdf9-4624-9fa3-f460762e0267/name'
21:34:46.665 [Forwarding getElementTagName on session 90cdc4615931637e7b77e3767dac3d58 to remote] DEBUG org.asynchttpclient.netty.request.NettyRequestSender - Using open Channel [id: 0xab69aba0, L:/127.0.0.1:55914 - R:localhost/127.0.0.1:24341] for GET '/session/90cdc4615931637e7b77e3767dac3d58/element/bffd1169-cdf9-4624-9fa3-f460762e0267/name'
21:34:46.668 [AsyncHttpClient-1-2] DEBUG org.asynchttpclient.netty.handler.HttpHandler - 

Request DefaultFullHttpRequest(decodeResult: success, version: HTTP/1.1, content: EmptyByteBufBE)
GET /session/90cdc4615931637e7b77e3767dac3d58/element/bffd1169-cdf9-4624-9fa3-f460762e0267/name HTTP/1.1
User-Agent: selenium/4.8.1 (java windows)
Cache-Control: no-cache
Content-Type: application/json; charset=utf-8
host: localhost:24341
accept: */*

Response DefaultHttpResponse(decodeResult: success, version: HTTP/1.1)
HTTP/1.1 200 OK
Content-Length: 17
Content-Type: application/json; charset=utf-8
cache-control: no-cache

21:34:46.669 [AsyncHttpClient-1-2] DEBUG org.asynchttpclient.netty.channel.ChannelManager - Adding key: http://localhost:24341 for channel [id: 0xab69aba0, L:/127.0.0.1:55914 - R:localhost/127.0.0.1:24341]
21:34:46.674 [Forwarding isElementEnabled on session 90cdc4615931637e7b77e3767dac3d58 to remote] DEBUG org.asynchttpclient.netty.request.NettyRequestSender - Using pooled Channel '[id: 0xab69aba0, L:/127.0.0.1:55914 - R:localhost/127.0.0.1:24341]' for 'GET' to 'http://localhost:24341/session/90cdc4615931637e7b77e3767dac3d58/element/bffd1169-cdf9-4624-9fa3-f460762e0267/enabled'
21:34:46.674 [Forwarding isElementEnabled on session 90cdc4615931637e7b77e3767dac3d58 to remote] DEBUG org.asynchttpclient.netty.request.NettyRequestSender - Using open Channel [id: 0xab69aba0, L:/127.0.0.1:55914 - R:localhost/127.0.0.1:24341] for GET '/session/90cdc4615931637e7b77e3767dac3d58/element/bffd1169-cdf9-4624-9fa3-f460762e0267/enabled'
21:34:46.690 [AsyncHttpClient-1-2] DEBUG org.asynchttpclient.netty.handler.HttpHandler - 

Request DefaultFullHttpRequest(decodeResult: success, version: HTTP/1.1, content: EmptyByteBufBE)
GET /session/90cdc4615931637e7b77e3767dac3d58/element/bffd1169-cdf9-4624-9fa3-f460762e0267/enabled HTTP/1.1
User-Agent: selenium/4.8.1 (java windows)
Cache-Control: no-cache
Content-Type: application/json; charset=utf-8
host: localhost:24341
accept: */*

Response DefaultHttpResponse(decodeResult: success, version: HTTP/1.1)
HTTP/1.1 200 OK
Content-Length: 14
Content-Type: application/json; charset=utf-8
cache-control: no-cache

21:34:46.691 [AsyncHttpClient-1-2] DEBUG org.asynchttpclient.netty.channel.ChannelManager - Adding key: http://localhost:24341 for channel [id: 0xab69aba0, L:/127.0.0.1:55914 - R:localhost/127.0.0.1:24341]
21:34:46.694 [Forwarding isElementEnabled on session 90cdc4615931637e7b77e3767dac3d58 to remote] DEBUG org.asynchttpclient.netty.request.NettyRequestSender - Using pooled Channel '[id: 0xab69aba0, L:/127.0.0.1:55914 - R:localhost/127.0.0.1:24341]' for 'GET' to 'http://localhost:24341/session/90cdc4615931637e7b77e3767dac3d58/element/bffd1169-cdf9-4624-9fa3-f460762e0267/enabled'
21:34:46.694 [Forwarding isElementEnabled on session 90cdc4615931637e7b77e3767dac3d58 to remote] DEBUG org.asynchttpclient.netty.request.NettyRequestSender - Using open Channel [id: 0xab69aba0, L:/127.0.0.1:55914 - R:localhost/127.0.0.1:24341] for GET '/session/90cdc4615931637e7b77e3767dac3d58/element/bffd1169-cdf9-4624-9fa3-f460762e0267/enabled'
21:34:46.701 [AsyncHttpClient-1-2] DEBUG org.asynchttpclient.netty.handler.HttpHandler - 

Request DefaultFullHttpRequest(decodeResult: success, version: HTTP/1.1, content: EmptyByteBufBE)
GET /session/90cdc4615931637e7b77e3767dac3d58/element/bffd1169-cdf9-4624-9fa3-f460762e0267/enabled HTTP/1.1
User-Agent: selenium/4.8.1 (java windows)
Cache-Control: no-cache
Content-Type: application/json; charset=utf-8
host: localhost:24341
accept: */*

Response DefaultHttpResponse(decodeResult: success, version: HTTP/1.1)
HTTP/1.1 200 OK
Content-Length: 14
Content-Type: application/json; charset=utf-8
cache-control: no-cache

21:34:46.702 [AsyncHttpClient-1-2] DEBUG org.asynchttpclient.netty.channel.ChannelManager - Adding key: http://localhost:24341 for channel [id: 0xab69aba0, L:/127.0.0.1:55914 - R:localhost/127.0.0.1:24341]
21:34:46.706 [Forwarding findElement on session 90cdc4615931637e7b77e3767dac3d58 to remote] DEBUG org.asynchttpclient.netty.request.NettyRequestSender - Using pooled Channel '[id: 0xab69aba0, L:/127.0.0.1:55914 - R:localhost/127.0.0.1:24341]' for 'POST' to 'http://localhost:24341/session/90cdc4615931637e7b77e3767dac3d58/element'
21:34:46.706 [Forwarding findElement on session 90cdc4615931637e7b77e3767dac3d58 to remote] DEBUG org.asynchttpclient.netty.request.NettyRequestSender - Using open Channel [id: 0xab69aba0, L:/127.0.0.1:55914 - R:localhost/127.0.0.1:24341] for POST '/session/90cdc4615931637e7b77e3767dac3d58/element'
21:34:46.715 [AsyncHttpClient-1-2] DEBUG org.asynchttpclient.netty.handler.HttpHandler - 

Request DefaultHttpRequest(decodeResult: success, version: HTTP/1.1)
POST /session/90cdc4615931637e7b77e3767dac3d58/element HTTP/1.1
User-Agent: selenium/4.8.1 (java windows)
Content-Length: 59
Content-Type: application/json; charset=utf-8
host: localhost:24341
accept: */*

Response DefaultHttpResponse(decodeResult: success, version: HTTP/1.1)
HTTP/1.1 200 OK
Content-Length: 88
Content-Type: application/json; charset=utf-8
cache-control: no-cache

21:34:46.716 [AsyncHttpClient-1-2] DEBUG org.asynchttpclient.netty.channel.ChannelManager - Adding key: http://localhost:24341 for channel [id: 0xab69aba0, L:/127.0.0.1:55914 - R:localhost/127.0.0.1:24341]
21:34:46.718 [Forwarding clickElement on session 90cdc4615931637e7b77e3767dac3d58 to remote] DEBUG org.asynchttpclient.netty.request.NettyRequestSender - Using pooled Channel '[id: 0xab69aba0, L:/127.0.0.1:55914 - R:localhost/127.0.0.1:24341]' for 'POST' to 'http://localhost:24341/session/90cdc4615931637e7b77e3767dac3d58/element/bffd1169-cdf9-4624-9fa3-f460762e0267/click'
21:34:46.718 [Forwarding clickElement on session 90cdc4615931637e7b77e3767dac3d58 to remote] DEBUG org.asynchttpclient.netty.request.NettyRequestSender - Using open Channel [id: 0xab69aba0, L:/127.0.0.1:55914 - R:localhost/127.0.0.1:24341] for POST '/session/90cdc4615931637e7b77e3767dac3d58/element/bffd1169-cdf9-4624-9fa3-f460762e0267/click'
21:34:46.890 [AsyncHttpClient-1-2] DEBUG org.asynchttpclient.netty.handler.HttpHandler - 

Request DefaultHttpRequest(decodeResult: success, version: HTTP/1.1)
POST /session/90cdc4615931637e7b77e3767dac3d58/element/bffd1169-cdf9-4624-9fa3-f460762e0267/click HTTP/1.1
User-Agent: selenium/4.8.1 (java windows)
Content-Length: 50
Content-Type: application/json; charset=utf-8
host: localhost:24341
accept: */*

Response DefaultHttpResponse(decodeResult: success, version: HTTP/1.1)
HTTP/1.1 200 OK
Content-Length: 14
Content-Type: application/json; charset=utf-8
cache-control: no-cache

21:34:46.890 [AsyncHttpClient-1-2] DEBUG org.asynchttpclient.netty.channel.ChannelManager - Adding key: http://localhost:24341 for channel [id: 0xab69aba0, L:/127.0.0.1:55914 - R:localhost/127.0.0.1:24341]
[...]
21:34:49.819 [AsyncHttpClient-1-2] DEBUG org.asynchttpclient.netty.handler.HttpHandler - 

Request DefaultFullHttpRequest(decodeResult: success, version: HTTP/1.1, content: EmptyByteBufBE)
GET /session/90cdc4615931637e7b77e3767dac3d58/url HTTP/1.1
User-Agent: selenium/4.8.1 (java windows)
Cache-Control: no-cache
Content-Type: application/json; charset=utf-8
host: localhost:24341
accept: */*

Response DefaultHttpResponse(decodeResult: success, version: HTTP/1.1)
HTTP/1.1 200 OK
Content-Length: 47
Content-Type: application/json; charset=utf-8
cache-control: no-cache

21:34:49.819 [AsyncHttpClient-1-2] DEBUG org.asynchttpclient.netty.channel.ChannelManager - Adding key: http://localhost:24341 for channel [id: 0xab69aba0, L:/127.0.0.1:55914 - R:localhost/127.0.0.1:24341]
21:34:49.820 [Forwarding screenshot on session 90cdc4615931637e7b77e3767dac3d58 to remote] DEBUG org.asynchttpclient.netty.request.NettyRequestSender - Using pooled Channel '[id: 0xab69aba0, L:/127.0.0.1:55914 - R:localhost/127.0.0.1:24341]' for 'GET' to 'http://localhost:24341/session/90cdc4615931637e7b77e3767dac3d58/screenshot'
21:34:49.820 [Forwarding screenshot on session 90cdc4615931637e7b77e3767dac3d58 to remote] DEBUG org.asynchttpclient.netty.request.NettyRequestSender - Using open Channel [id: 0xab69aba0, L:/127.0.0.1:55914 - R:localhost/127.0.0.1:24341] for GET '/session/90cdc4615931637e7b77e3767dac3d58/screenshot'
21:34:49.903 [AsyncHttpClient-1-1] DEBUG org.asynchttpclient.netty.channel.DefaultChannelPool - Entry count for : http://localhost:55915 : 1
21:34:49.949 [AsyncHttpClient-1-2] DEBUG org.asynchttpclient.netty.handler.HttpHandler - 

Request DefaultFullHttpRequest(decodeResult: success, version: HTTP/1.1, content: EmptyByteBufBE)
GET /session/90cdc4615931637e7b77e3767dac3d58/screenshot HTTP/1.1
User-Agent: selenium/4.8.1 (java windows)
Cache-Control: no-cache
Content-Type: application/json; charset=utf-8
host: localhost:24341
accept: */*

Response DefaultHttpResponse(decodeResult: success, version: HTTP/1.1)
HTTP/1.1 200 OK
Content-Length: 81924
Content-Type: application/json; charset=utf-8
cache-control: no-cache

21:34:49.950 [AsyncHttpClient-1-2] DEBUG org.asynchttpclient.netty.channel.ChannelManager - Adding key: http://localhost:24341 for channel [id: 0xab69aba0, L:/127.0.0.1:55914 - R:localhost/127.0.0.1:24341]
21:34:49.953 [main] DEBUG net.serenitybdd.core.photography.Darkroom - Send negative for processing for target\site\serenity\ee2566730fb032362f127c6645695e9177dfa8c21c195575e52b25bd50b45ae4.png
21:34:49.953 [main] DEBUG net.thucydides.core.steps.StepInterceptor - STEP DONE: clickCartIcon
  &amp#27;[32mThen &amp#27;[0m&amp#27;[32mthe item should be added to my cart&amp#27;[0m   &amp#27;[90m# starter.stepdefinitions.AddToCartSteps.validateTheProductHasBeenAdded()&amp#27;[0m
21:34:49.962 [main] INFO  - 
  _____   ___   ___   _____     ___     _     ___   ___   ___   ___  
 |_   _| | __| / __| |_   _|   | _ \   /_\   / __| / __| | __| |   \ 
   | |   | _|  \__ \   | |     |  _/  / _ \  \__ \ \__ \ | _|  | |) |
   |_|   |___| |___/   |_|     |_|   /_/ \_\ |___/ |___/ |___| |___/ 

User Successfully add item to cart
----------------------------------------------------------------------
21:34:50.054 [Driver Command Executor] DEBUG org.asynchttpclient.netty.request.NettyRequestSender - Using pooled Channel '[id: 0xab69aba0, L:/127.0.0.1:55914 - R:localhost/127.0.0.1:24341]' for 'DELETE' to 'http://localhost:24341/session/90cdc4615931637e7b77e3767dac3d58'
21:34:50.054 [Driver Command Executor] DEBUG org.asynchttpclient.netty.request.NettyRequestSender - Using open Channel [id: 0xab69aba0, L:/127.0.0.1:55914 - R:localhost/127.0.0.1:24341] for DELETE '/session/90cdc4615931637e7b77e3767dac3d58'
21:34:50.122 [AsyncHttpClient-1-3] DEBUG org.asynchttpclient.netty.handler.HttpHandler - Unexpected I/O exception on channel [id: 0x7d66637a, L:/127.0.0.1:55921 - R:localhost/127.0.0.1:55915]
java.io.IOException: An existing connection was forcibly closed by the remote host
	at java.base/sun.nio.ch.SocketDispatcher.read0(Native Method)
	at java.base/sun.nio.ch.SocketDispatcher.read(SocketDispatcher.java:43)
	at java.base/sun.nio.ch.IOUtil.readIntoNativeBuffer(IOUtil.java:276)
	at java.base/sun.nio.ch.IOUtil.read(IOUtil.java:233)
	at java.base/sun.nio.ch.IOUtil.read(IOUtil.java:223)
	at java.base/sun.nio.ch.SocketChannelImpl.read(SocketChannelImpl.java:358)
	at io.netty.buffer.PooledByteBuf.setBytes(PooledByteBuf.java:259)
	at io.netty.buffer.AbstractByteBuf.writeBytes(AbstractByteBuf.java:1132)
	at io.netty.channel.socket.nio.NioSocketChannel.doReadBytes(NioSocketChannel.java:357)
	at io.netty.channel.nio.AbstractNioByteChannel$NioByteUnsafe.read(AbstractNioByteChannel.java:151)
	at io.netty.channel.nio.NioEventLoop.processSelectedKey(NioEventLoop.java:788)
	at io.netty.channel.nio.NioEventLoop.processSelectedKeysOptimized(NioEventLoop.java:724)
	at io.netty.channel.nio.NioEventLoop.processSelectedKeys(NioEventLoop.java:650)
	at io.netty.channel.nio.NioEventLoop.run(NioEventLoop.java:562)
	at io.netty.util.concurrent.SingleThreadEventExecutor$4.run(SingleThreadEventExecutor.java:997)
	at io.netty.util.internal.ThreadExecutorMap$2.run(ThreadExecutorMap.java:74)
	at io.netty.util.concurrent.FastThreadLocalRunnable.run(FastThreadLocalRunnable.java:30)
	at java.base/java.lang.Thread.run(Thread.java:834)
21:34:50.122 [AsyncHttpClient-1-4] DEBUG org.asynchttpclient.netty.handler.WebSocketHandler - Unexpected I/O exception on channel [id: 0x88ce6072, L:/127.0.0.1:55922 - R:localhost/127.0.0.1:55915]
java.io.IOException: An existing connection was forcibly closed by the remote host
	at java.base/sun.nio.ch.SocketDispatcher.read0(Native Method)
	at java.base/sun.nio.ch.SocketDispatcher.read(SocketDispatcher.java:43)
	at java.base/sun.nio.ch.IOUtil.readIntoNativeBuffer(IOUtil.java:276)
	at java.base/sun.nio.ch.IOUtil.read(IOUtil.java:233)
	at java.base/sun.nio.ch.IOUtil.read(IOUtil.java:223)
	at java.base/sun.nio.ch.SocketChannelImpl.read(SocketChannelImpl.java:358)
	at io.netty.buffer.PooledByteBuf.setBytes(PooledByteBuf.java:259)
	at io.netty.buffer.AbstractByteBuf.writeBytes(AbstractByteBuf.java:1132)
	at io.netty.channel.socket.nio.NioSocketChannel.doReadBytes(NioSocketChannel.java:357)
	at io.netty.channel.nio.AbstractNioByteChannel$NioByteUnsafe.read(AbstractNioByteChannel.java:151)
	at io.netty.channel.nio.NioEventLoop.processSelectedKey(NioEventLoop.java:788)
	at io.netty.channel.nio.NioEventLoop.processSelectedKeysOptimized(NioEventLoop.java:724)
	at io.netty.channel.nio.NioEventLoop.processSelectedKeys(NioEventLoop.java:650)
	at io.netty.channel.nio.NioEventLoop.run(NioEventLoop.java:562)
	at io.netty.util.concurrent.SingleThreadEventExecutor$4.run(SingleThreadEventExecutor.java:997)
	at io.netty.util.internal.ThreadExecutorMap$2.run(ThreadExecutorMap.java:74)
	at io.netty.util.concurrent.FastThreadLocalRunnable.run(FastThreadLocalRunnable.java:30)
	at java.base/java.lang.Thread.run(Thread.java:834)
21:34:50.123 [AsyncHttpClient-1-3] DEBUG org.asynchttpclient.netty.channel.ChannelManager - Closing Channel [id: 0x7d66637a, L:/127.0.0.1:55921 - R:localhost/127.0.0.1:55915] 
21:34:50.123 [AsyncHttpClient-1-4] DEBUG org.asynchttpclient.netty.handler.WebSocketHandler - Trying to recover from dead Channel: [id: 0x88ce6072, L:/127.0.0.1:55922 - R:localhost/127.0.0.1:55915]
21:34:50.124 [AsyncHttpClient-1-4] DEBUG org.asynchttpclient.netty.handler.WebSocketHandler - Channel Closed: [id: 0x88ce6072, L:/127.0.0.1:55922 ! R:localhost/127.0.0.1:55915] with attribute NettyResponseFuture{currentRetry=0,
	isDone=1,
	isCancelled=0,
	asyncHandler=org.asynchttpclient.ws.WebSocketUpgradeHandler@a3b39e1,
	nettyRequest=org.asynchttpclient.netty.request.NettyRequest@2988dde8,
	future=java.util.concurrent.CompletableFuture@1c19820c[Completed normally],
	uri=ws://localhost:55915/devtools/browser/28e0a3d3-b0ce-4aa6-a652-c4cb0183bc13,
	keepAlive=true,
	redirectCount=0,
	timeoutsHolder=null,
	inAuth=0,
	touch=1680791690123}
21:34:50.125 [AsyncHttpClient-1-4] DEBUG org.asynchttpclient.netty.channel.ChannelManager - Closing Channel [id: 0x88ce6072, L:/127.0.0.1:55922 ! R:localhost/127.0.0.1:55915] 
21:34:50.125 [AsyncHttpClient-1-3] DEBUG org.asynchttpclient.netty.handler.HttpHandler - Channel Closed: [id: 0x7d66637a, L:/127.0.0.1:55921 ! R:localhost/127.0.0.1:55915] with attribute DISCARD
21:34:50.143 [AsyncHttpClient-1-2] DEBUG org.asynchttpclient.netty.handler.HttpHandler - 

Request DefaultFullHttpRequest(decodeResult: success, version: HTTP/1.1, content: EmptyByteBufBE)
DELETE /session/90cdc4615931637e7b77e3767dac3d58 HTTP/1.1
User-Agent: selenium/4.8.1 (java windows)
Content-Type: application/json; charset=utf-8
host: localhost:24341
accept: */*

Response DefaultHttpResponse(decodeResult: success, version: HTTP/1.1)
HTTP/1.1 200 OK
Content-Length: 14
Content-Type: application/json; charset=utf-8
cache-control: no-cache

21:34:50.143 [AsyncHttpClient-1-2] DEBUG org.asynchttpclient.netty.channel.ChannelManager - Adding key: http://localhost:24341 for channel [id: 0xab69aba0, L:/127.0.0.1:55914 - R:localhost/127.0.0.1:24341]
21:34:50.243 [AsyncHttpClient-1-2] DEBUG org.asynchttpclient.netty.handler.HttpHandler - Channel Closed: [id: 0xab69aba0, L:/127.0.0.1:55914 ! R:localhost/127.0.0.1:24341] with attribute DISCARD
]]></system-out>
    <system-err><![CDATA[Starting ChromeDriver 111.0.5563.64 (c710e93d5b63b7095afe8c2c17df34408078439d-refs/branch-heads/5563@{#995}) on port 24341
Only local connections are allowed.
Please see https://chromedriver.chromium.org/security-considerations for suggestions on keeping ChromeDriver safe.
ChromeDriver was started successfully.
Apr 06, 2023 9:34:44 PM org.openqa.selenium.devtools.CdpVersionFinder findNearestMatch
WARNING: Unable to find an exact match for CDP version 111, so returning the closest version found: 110
]]></system-err>
  </testcase>
  <testcase name="User cannot checkout without providing postal code" classname="Checkout" time="0.35">
    <system-out><![CDATA[21:34:50.826 [main] DEBUG io.cucumber.core.plugin.SerenityReporter - Running feature from file:///C:/Prioritas1/alta/src/test/resources/features/Checkout.feature
21:34:50.830 [main] DEBUG net.thucydides.core.steps.StepEventBus - Test suite started for story net.thucydides.core.model.Story@65fd1e8
21:34:50.830 [main] INFO  - Test Suite Started: Checkout

Scenario: User cannot checkout without providing postal code &amp#27;[90m# src/test/resources/features/Checkout.feature:3&amp#27;[0m
21:34:50.841 [main] DEBUG io.cucumber.core.plugin.SerenityReporter - Running feature from file:///C:/Prioritas1/alta/src/test/resources/features/Checkout.feature
21:34:50.843 [main] INFO  - 
  _____   ___   ___   _____     ___   _____     _     ___   _____   ___   ___  
 |_   _| | __| / __| |_   _|   / __| |_   _|   /_\   | _ \ |_   _| | __| |   \ 
   | |   | _|  \__ \   | |     \__ \   | |    / _ \  |   /   | |   | _|  | |) |
   |_|   |___| |___/   |_|     |___/   |_|   /_/ \_\ |_|_\   |_|   |___| |___/ 

User cannot checkout without providing postal code(checkout;user-cannot-checkout-without-providing-postal-code)
--------------------------------------------------------------------------------
21:34:51.004 [AsyncHttpClient-1-1] DEBUG org.asynchttpclient.netty.channel.DefaultChannelPool - Entry count for : http://localhost:24341 : 1
21:34:51.004 [AsyncHttpClient-1-1] DEBUG org.asynchttpclient.netty.channel.DefaultChannelPool - Entry count for : http://localhost:55915 : 1
21:34:51.004 [AsyncHttpClient-1-1] DEBUG org.asynchttpclient.netty.channel.DefaultChannelPool - Adding Candidate expired Channel [id: 0xab69aba0, L:/127.0.0.1:55914 ! R:localhost/127.0.0.1:24341] isIdleTimeoutExpired=false isRemotelyClosed=true isTtlExpired=false
21:34:51.004 [AsyncHttpClient-1-1] DEBUG org.asynchttpclient.netty.channel.DefaultChannelPool - Closing Idle Channel [id: 0xab69aba0, L:/127.0.0.1:55914 ! R:localhost/127.0.0.1:24341]
21:34:51.005 [AsyncHttpClient-1-1] DEBUG org.asynchttpclient.netty.channel.DefaultChannelPool - Adding Candidate expired Channel [id: 0x7d66637a, L:/127.0.0.1:55921 ! R:localhost/127.0.0.1:55915] isIdleTimeoutExpired=false isRemotelyClosed=true isTtlExpired=false
21:34:51.005 [AsyncHttpClient-1-1] DEBUG org.asynchttpclient.netty.channel.DefaultChannelPool - Closing Idle Channel [id: 0x7d66637a, L:/127.0.0.1:55921 ! R:localhost/127.0.0.1:55915]
21:34:51.005 [AsyncHttpClient-1-1] DEBUG org.asynchttpclient.netty.channel.DefaultChannelPool - Closed 2 connections out of 2 in 1 ms
21:34:51.078 [main] DEBUG net.thucydides.core.steps.StepInterceptor - STARTING STEP: CartSteps.onTheCartPage - validateOnCartPage
21:34:51.084 [main] DEBUG net.thucydides.core.steps.StepInterceptor - STEP DONE: validateOnCartPage
  &amp#27;[32mGiven &amp#27;[0m&amp#27;[32mI am on the shopping cart page&amp#27;[0m                       &amp#27;[90m# starter.stepdefinitions.CartSteps.onTheCartPage()&amp#27;[0m
21:34:51.092 [main] DEBUG net.thucydides.core.steps.StepInterceptor - STARTING STEP: CartSteps.clickCheckoutButton - clickCheckoutButton
21:34:51.097 [main] DEBUG net.thucydides.core.steps.StepInterceptor - STEP DONE: clickCheckoutButton
  &amp#27;[32mWhen &amp#27;[0m&amp#27;[32mI click on checkout button&amp#27;[0m                            &amp#27;[90m# starter.stepdefinitions.CartSteps.clickCheckoutButton()&amp#27;[0m
21:34:51.105 [main] DEBUG net.thucydides.core.steps.StepInterceptor - STARTING STEP: CartSteps.inputMyInformation - inputFirstName
21:34:51.109 [main] DEBUG net.thucydides.core.steps.StepInterceptor - STEP DONE: inputFirstName
21:34:51.129 [main] DEBUG net.thucydides.core.steps.StepInterceptor - STARTING STEP: CartSteps.inputMyInformation - inputLastName
21:34:51.133 [main] DEBUG net.thucydides.core.steps.StepInterceptor - STEP DONE: inputLastName
21:34:51.137 [main] DEBUG net.thucydides.core.steps.StepInterceptor - STARTING STEP: CartSteps.inputMyInformation - inputPostalCode
21:34:51.156 [main] DEBUG net.thucydides.core.steps.StepInterceptor - STEP DONE: inputPostalCode
  &amp#27;[32mAnd &amp#27;[0m&amp#27;[32mI do not provide postal code&amp#27;[0m                           &amp#27;[90m# starter.stepdefinitions.CartSteps.inputMyInformation()&amp#27;[0m
21:34:51.163 [main] DEBUG net.thucydides.core.steps.StepInterceptor - STARTING STEP: CartSteps.clickContinueButton - clickContinueButton
21:34:51.168 [main] DEBUG net.thucydides.core.steps.StepInterceptor - STEP DONE: clickContinueButton
  &amp#27;[32mAnd &amp#27;[0m&amp#27;[32mI click on continue button&amp#27;[0m                             &amp#27;[90m# starter.stepdefinitions.CartSteps.clickContinueButton()&amp#27;[0m
21:34:51.176 [main] DEBUG net.thucydides.core.steps.StepInterceptor - STARTING STEP: CartSteps.errorMessageDisplayed - errorMessageDisplayed
21:34:51.178 [main] DEBUG net.thucydides.core.steps.StepInterceptor - STEP DONE: errorMessageDisplayed
  &amp#27;[32mThen &amp#27;[0m&amp#27;[32mI should see an error message for missing postal code&amp#27;[0m &amp#27;[90m# starter.stepdefinitions.CartSteps.errorMessageDisplayed()&amp#27;[0m
21:34:51.182 [main] INFO  - 
  _____   ___   ___   _____     ___     _     ___   ___   ___   ___  
 |_   _| | __| / __| |_   _|   | _ \   /_\   / __| / __| | __| |   \ 
   | |   | _|  \__ \   | |     |  _/  / _ \  \__ \ \__ \ | _|  | |) |
   |_|   |___| |___/   |_|     |_|   /_/ \_\ |___/ |___/ |___| |___/ 

User cannot checkout without providing postal code
----------------------------------------------------------------------
]]></system-out>
  </testcase>
  <testcase name="Logout after completing checkout" classname="Logout after checkout" time="0.126">
    <system-out><![CDATA[21:34:51.184 [main] DEBUG io.cucumber.core.plugin.SerenityReporter - Running feature from file:///C:/Prioritas1/alta/src/test/resources/features/Logout.feature
21:34:51.198 [main] DEBUG net.thucydides.core.steps.StepEventBus - Test suite started for story net.thucydides.core.model.Story@827fa538
21:34:51.198 [main] INFO  - Test Suite Started: Logout after checkout

Scenario: Logout after completing checkout                                   &amp#27;[90m# src/test/resources/features/Logout.feature:6&amp#27;[0m
21:34:51.208 [main] DEBUG io.cucumber.core.plugin.SerenityReporter - Running feature from file:///C:/Prioritas1/alta/src/test/resources/features/Logout.feature
21:34:51.211 [main] INFO  - 
  _____   ___   ___   _____     ___   _____     _     ___   _____   ___   ___  
 |_   _| | __| / __| |_   _|   / __| |_   _|   /_\   | _ \ |_   _| | __| |   \ 
   | |   | _|  \__ \   | |     \__ \   | |    / _ \  |   /   | |   | _|  | |) |
   |_|   |___| |___/   |_|     |___/   |_|   /_/ \_\ |_|_\   |_|   |___| |___/ 

Logout after completing checkout(logout-after-checkout;logout-after-completing-checkout)
--------------------------------------------------------------------------------
21:34:51.259 [main] DEBUG net.thucydides.core.steps.StepInterceptor - STARTING STEP: LogoutSteps.onTheCartPage - validateOnCartPage
21:34:51.261 [main] DEBUG net.thucydides.core.steps.StepInterceptor - STEP DONE: validateOnCartPage
  &amp#27;[32mGiven &amp#27;[0m&amp#27;[32mI am on the checkout page&amp#27;[0m                                            &amp#27;[90m# starter.stepdefinitions.LogoutSteps.onTheCartPage()&amp#27;[0m
21:34:51.270 [main] DEBUG net.thucydides.core.steps.StepInterceptor - STARTING STEP: LogoutSteps.validateCompleteCheckout - validateCompleteCheckout
21:34:51.272 [main] DEBUG net.thucydides.core.steps.StepInterceptor - STEP DONE: validateCompleteCheckout
  &amp#27;[32mWhen &amp#27;[0m&amp#27;[32mI have completed the checkout process&amp#27;[0m                                 &amp#27;[90m# starter.stepdefinitions.LogoutSteps.validateCompleteCheckout()&amp#27;[0m
21:34:51.283 [main] DEBUG net.thucydides.core.steps.StepInterceptor - STARTING STEP: LogoutSteps.clickBackHome - clickBackHome
21:34:51.287 [main] DEBUG net.thucydides.core.steps.StepInterceptor - STEP DONE: clickBackHome
  &amp#27;[32mAnd &amp#27;[0m&amp#27;[32mI click on the Back Home button&amp#27;[0m                                        &amp#27;[90m# starter.stepdefinitions.LogoutSteps.clickBackHome()&amp#27;[0m
21:34:51.294 [main] DEBUG net.thucydides.core.steps.StepInterceptor - STARTING STEP: LogoutSteps.clickMenuButton - clickMenuButton
21:34:51.299 [main] DEBUG net.thucydides.core.steps.StepInterceptor - STEP DONE: clickMenuButton
  &amp#27;[32mAnd &amp#27;[0m&amp#27;[32mI click on the Menu button&amp#27;[0m                                             &amp#27;[90m# starter.stepdefinitions.LogoutSteps.clickMenuButton()&amp#27;[0m
21:34:51.305 [main] DEBUG net.thucydides.core.steps.StepInterceptor - STARTING STEP: LogoutSteps.clickLogoutButton - clickLogoutButton
21:34:51.311 [main] DEBUG net.thucydides.core.steps.StepInterceptor - STEP DONE: clickLogoutButton
  &amp#27;[32mAnd &amp#27;[0m&amp#27;[32mI click on the Logout button&amp#27;[0m                                           &amp#27;[90m# starter.stepdefinitions.LogoutSteps.clickLogoutButton()&amp#27;[0m
21:34:51.318 [main] DEBUG net.thucydides.core.steps.StepInterceptor - STARTING STEP: LogoutSteps.validateOnLoginPage - validateOnLoginPage
21:34:51.320 [main] DEBUG net.thucydides.core.steps.StepInterceptor - STEP DONE: validateOnLoginPage
  &amp#27;[32mThen &amp#27;[0m&amp#27;[32mI should be logged out of my account and redirected to the login page&amp#27;[0m &amp#27;[90m# starter.stepdefinitions.LogoutSteps.validateOnLoginPage()&amp#27;[0m
21:34:51.323 [main] INFO  - 
  _____   ___   ___   _____     ___     _     ___   ___   ___   ___  
 |_   _| | __| / __| |_   _|   | _ \   /_\   / __| / __| | __| |   \ 
   | |   | _|  \__ \   | |     |  _/  / _ \  \__ \ \__ \ | _|  | |) |
   |_|   |___| |___/   |_|     |_|   /_/ \_\ |___/ |___/ |___| |___/ 

Logout after completing checkout
----------------------------------------------------------------------
]]></system-out>
  </testcase>
</testsuite>