<?xml version="1.0" encoding="UTF-8"?>
<testsuite xmlns:xsi="http://www.w3.org/2001/XMLSchema-instance" xsi:noNamespaceSchemaLocation="https://maven.apache.org/surefire/maven-failsafe-plugin/xsd/failsafe-test-report-3.0.xsd" version="3.0" name="starter.CucumberTestSuite" time="12.314" tests="38" errors="0" skipped="0" failures="0">
  <properties>
[...]
</properties>
  <testcase name="GET - Get hello with correct endpoints" classname="Hello" time="2.573">
    <system-out><![CDATA[14:49:33.599 [main] DEBUG net.thucydides.core.guice.Injectors - Created injector for module net.thucydides.core.guice.ThucydidesModule
14:49:33.821 [main] DEBUG io.cucumber.core.plugin.SerenityReporter - Running feature from file:///E:/APIMinpro/API/minpro/src/test/resources/features/0.%20Hello.feature
14:49:33.926 [main] DEBUG net.thucydides.core.guice.Injectors - Created injector for module net.thucydides.core.guice.webdriver.WebDriverModule
14:49:33.938 [main] INFO  - 

-------------------------------------------------------------------------------------
     _______. _______ .______       _______ .__   __.  __  .___________.____    ____ 
    /       ||   ____||   _  \     |   ____||  \ |  | |  | |           |\   \  /   / 
   |   (----`|  |__   |  |_)  |    |  |__   |   \|  | |  | `---|  |----` \   \/   /  
    \   \    |   __|  |      /     |   __|  |  . `  | |  |     |  |       \_    _/   
.----)   |   |  |____ |  |\  \----.|  |____ |  |\   | |  |     |  |         |  |     
|_______/    |_______|| _| `._____||_______||__| \__| |__|     |__|         |__|    
                                                                                     
 News and tutorials at http://www.serenity-bdd.info                                  
 Documentation at https://wakaleo.gitbooks.io/the-serenity-book/content/             
 Join the Serenity Community on Gitter: https://gitter.im/serenity-bdd/serenity-core 
 Serenity BDD Support and Training at http://serenity-bdd.info/#/trainingandsupport  
-------------------------------------------------------------------------------------

14:49:33.941 [main] DEBUG net.thucydides.core.steps.StepEventBus - Test suite started for story net.thucydides.core.model.Story@48cbcce3
14:49:33.943 [main] INFO  - Test Suite Started: Hello
14:49:33.953 [main] DEBUG io.cucumber.core.plugin.SerenityReporter - Running feature from file:///E:/APIMinpro/API/minpro/src/test/resources/features/1.%20Register.feature
14:49:33.957 [main] DEBUG net.thucydides.core.steps.StepEventBus - Test suite started for story net.thucydides.core.model.Story@773abe6e
14:49:33.957 [main] INFO  - Test Suite Started: Register
14:49:33.957 [main] DEBUG io.cucumber.core.plugin.SerenityReporter - Running feature from file:///E:/APIMinpro/API/minpro/src/test/resources/features/2.%20Login.feature
14:49:33.961 [main] DEBUG net.thucydides.core.steps.StepEventBus - Test suite started for story net.thucydides.core.model.Story@86b1dd01
14:49:33.961 [main] INFO  - Test Suite Started: Login
14:49:33.961 [main] DEBUG io.cucumber.core.plugin.SerenityReporter - Running feature from file:///E:/APIMinpro/API/minpro/src/test/resources/features/3.%20User.feature
14:49:33.964 [main] DEBUG net.thucydides.core.steps.StepEventBus - Test suite started for story net.thucydides.core.model.Story@11e807f1
14:49:33.965 [main] INFO  - Test Suite Started: User Information
14:49:33.965 [main] DEBUG io.cucumber.core.plugin.SerenityReporter - Running feature from file:///E:/APIMinpro/API/minpro/src/test/resources/features/4.%20Categories.feature
14:49:33.968 [main] DEBUG net.thucydides.core.steps.StepEventBus - Test suite started for story net.thucydides.core.model.Story@1b5f86d1
14:49:33.968 [main] INFO  - Test Suite Started: Categories
14:49:33.968 [main] DEBUG io.cucumber.core.plugin.SerenityReporter - Running feature from file:///E:/APIMinpro/API/minpro/src/test/resources/features/5.%20Product.feature
14:49:33.973 [main] DEBUG net.thucydides.core.steps.StepEventBus - Test suite started for story net.thucydides.core.model.Story@5c78189e
14:49:33.973 [main] INFO  - Test Suite Started: Product
14:49:33.973 [main] DEBUG io.cucumber.core.plugin.SerenityReporter - Running feature from file:///E:/APIMinpro/API/minpro/src/test/resources/features/6.%20Order.feature
14:49:33.976 [main] DEBUG net.thucydides.core.steps.StepEventBus - Test suite started for story net.thucydides.core.model.Story@421cad1d
14:49:33.977 [main] INFO  - Test Suite Started: Order
14:49:33.977 [main] DEBUG io.cucumber.core.plugin.SerenityReporter - Running feature from file:///E:/APIMinpro/API/minpro/src/test/resources/features/7.%20Rating.feature
14:49:33.979 [main] DEBUG net.thucydides.core.steps.StepEventBus - Test suite started for story net.thucydides.core.model.Story@a2cc97b4
14:49:33.980 [main] INFO  - Test Suite Started: Rating
14:49:33.980 [main] DEBUG io.cucumber.core.plugin.SerenityReporter - Running feature from file:///E:/APIMinpro/API/minpro/src/test/resources/features/8.%20Comment.feature
14:49:33.982 [main] DEBUG net.thucydides.core.steps.StepEventBus - Test suite started for story net.thucydides.core.model.Story@8ea159bb
14:49:33.983 [main] INFO  - Test Suite Started: Comment
14:49:33.983 [main] DEBUG io.cucumber.core.plugin.SerenityReporter - Running feature from file:///E:/APIMinpro/API/minpro/src/test/resources/features/0.%20Hello.feature
14:49:33.985 [main] DEBUG net.thucydides.core.steps.StepEventBus - Test suite started for story net.thucydides.core.model.Story@48cbcce3
14:49:33.986 [main] INFO  - Test Suite Started: Hello

Scenario: GET - Get hello with correct endpoints      &amp#27;[90m# src/test/resources/features/0. Hello.feature:7&amp#27;[0m
14:49:34.061 [main] DEBUG io.cucumber.core.plugin.SerenityReporter - Running feature from file:///E:/APIMinpro/API/minpro/src/test/resources/features/0.%20Hello.feature
14:49:34.159 [main] INFO  - 
  _____   ___   ___   _____     ___   _____     _     ___   _____   ___   ___  
 |_   _| | __| / __| |_   _|   / __| |_   _|   /_\   | _ \ |_   _| | __| |   \ 
   | |   | _|  \__ \   | |     \__ \   | |    / _ \  |   /   | |   | _|  | |) |
   |_|   |___| |___/   |_|     |___/   |_|   /_/ \_\ |_|_\   |_|   |___| |___/ 

GET - Get hello with correct endpoints(hello;get---get-hello-with-correct-endpoints)
--------------------------------------------------------------------------------
14:49:34.204 [main] DEBUG net.thucydides.core.requirements.model.cucumber.CucumberParser - Loading feature E:\APIMinpro\API\minpro\src\test\resources\features\0. Hello.feature
14:49:34.215 [main] DEBUG net.thucydides.core.requirements.model.cucumber.CucumberParser - Loading feature E:\APIMinpro\API\minpro\src\test\resources\features\1. Register.feature
14:49:34.218 [main] DEBUG net.thucydides.core.requirements.model.cucumber.CucumberParser - Loading feature E:\APIMinpro\API\minpro\src\test\resources\features\2. Login.feature
14:49:34.222 [main] DEBUG net.thucydides.core.requirements.model.cucumber.CucumberParser - Loading feature E:\APIMinpro\API\minpro\src\test\resources\features\3. User.feature
14:49:34.225 [main] DEBUG net.thucydides.core.requirements.model.cucumber.CucumberParser - Loading feature E:\APIMinpro\API\minpro\src\test\resources\features\4. Categories.feature
14:49:34.228 [main] DEBUG net.thucydides.core.requirements.model.cucumber.CucumberParser - Loading feature E:\APIMinpro\API\minpro\src\test\resources\features\5. Product.feature
14:49:34.231 [main] DEBUG net.thucydides.core.requirements.model.cucumber.CucumberParser - Loading feature E:\APIMinpro\API\minpro\src\test\resources\features\6. Order.feature
14:49:34.234 [main] DEBUG net.thucydides.core.requirements.model.cucumber.CucumberParser - Loading feature E:\APIMinpro\API\minpro\src\test\resources\features\7. Rating.feature
14:49:34.236 [main] DEBUG net.thucydides.core.requirements.model.cucumber.CucumberParser - Loading feature E:\APIMinpro\API\minpro\src\test\resources\features\8. Comment.feature
14:49:34.520 [main] DEBUG net.thucydides.core.steps.StepInterceptor - STARTING STEP: HelloSteps.setGetApiEndpointHello - I set GET api endpoints hello
14:49:34.522 [main] DEBUG net.thucydides.core.steps.StepInterceptor - STEP DONE: I set GET api endpoints hello
  &amp#27;[32mGiven &amp#27;[0m&amp#27;[32mI set GET api endpoints hello&amp#27;[0m                 &amp#27;[90m# starter.stepdefinitions.HelloSteps.setGetApiEndpointHello()&amp#27;[0m
14:49:34.534 [main] DEBUG net.thucydides.core.steps.StepInterceptor - STARTING STEP: HelloSteps.sendGetHttpRequestHello - I send GET HTTP request hello
14:49:35.782 [main] DEBUG net.thucydides.core.steps.StepInterceptor - STARTING STEP: Hello.sendGetHttpRequestHello - I set GET api endpoints hello
14:49:35.782 [main] DEBUG net.thucydides.core.steps.StepInterceptor - STEP DONE: I set GET api endpoints hello
14:49:36.262 [main] DEBUG org.apache.http.impl.conn.BasicClientConnectionManager - Get connection for route {s}->https://altashop-api.fly.dev:443
14:49:36.272 [main] DEBUG org.apache.http.impl.conn.DefaultClientConnectionOperator - Connecting to altashop-api.fly.dev:443
14:49:36.416 [main] DEBUG org.apache.http.client.protocol.RequestAddCookies - CookieSpec selected: ignoreCookies
14:49:36.417 [main] DEBUG org.apache.http.client.protocol.RequestAuthCache - Auth cache not set in the context
14:49:36.417 [main] DEBUG org.apache.http.client.protocol.RequestTargetAuthentication - Target auth state: UNCHALLENGED
14:49:36.417 [main] DEBUG org.apache.http.client.protocol.RequestProxyAuthentication - Proxy auth state: UNCHALLENGED
14:49:36.417 [main] DEBUG org.apache.http.impl.client.DefaultHttpClient - Attempt 1 to execute request
14:49:36.417 [main] DEBUG org.apache.http.impl.conn.DefaultClientConnection - Sending request: GET /api/hello HTTP/1.1
14:49:36.418 [main] DEBUG org.apache.http.wire -  >> "GET /api/hello HTTP/1.1[\r][\n]"
14:49:36.418 [main] DEBUG org.apache.http.wire -  >> "Accept: */*[\r][\n]"
14:49:36.418 [main] DEBUG org.apache.http.wire -  >> "Host: altashop-api.fly.dev[\r][\n]"
14:49:36.418 [main] DEBUG org.apache.http.wire -  >> "Connection: Keep-Alive[\r][\n]"
14:49:36.418 [main] DEBUG org.apache.http.wire -  >> "User-Agent: Apache-HttpClient/4.5.13 (Java/11.0.15.1)[\r][\n]"
14:49:36.418 [main] DEBUG org.apache.http.wire -  >> "Accept-Encoding: gzip,deflate[\r][\n]"
14:49:36.419 [main] DEBUG org.apache.http.wire -  >> "[\r][\n]"
14:49:36.419 [main] DEBUG org.apache.http.headers - >> GET /api/hello HTTP/1.1
14:49:36.419 [main] DEBUG org.apache.http.headers - >> Accept: */*
14:49:36.419 [main] DEBUG org.apache.http.headers - >> Host: altashop-api.fly.dev
14:49:36.419 [main] DEBUG org.apache.http.headers - >> Connection: Keep-Alive
14:49:36.419 [main] DEBUG org.apache.http.headers - >> User-Agent: Apache-HttpClient/4.5.13 (Java/11.0.15.1)
14:49:36.419 [main] DEBUG org.apache.http.headers - >> Accept-Encoding: gzip,deflate
14:49:36.445 [main] DEBUG org.apache.http.wire -  << "HTTP/1.1 200 OK[\r][\n]"
14:49:36.446 [main] DEBUG org.apache.http.wire -  << "content-type: application/json[\r][\n]"
14:49:36.446 [main] DEBUG org.apache.http.wire -  << "date: Mon, 08 May 2023 07:49:35 GMT[\r][\n]"
14:49:36.446 [main] DEBUG org.apache.http.wire -  << "content-encoding: gzip[\r][\n]"
14:49:36.446 [main] DEBUG org.apache.http.wire -  << "transfer-encoding: chunked[\r][\n]"
14:49:36.446 [main] DEBUG org.apache.http.wire -  << "server: Fly/3f2597ca (2023-05-03)[\r][\n]"
14:49:36.446 [main] DEBUG org.apache.http.wire -  << "via: 1.1 fly.io[\r][\n]"
14:49:36.446 [main] DEBUG org.apache.http.wire -  << "fly-request-id: 01GZX5CP9FJ9B9XF6NA02FAR1W-sin[\r][\n]"
14:49:36.446 [main] DEBUG org.apache.http.wire -  << "[\r][\n]"
14:49:36.447 [main] DEBUG org.apache.http.impl.conn.DefaultClientConnection - Receiving response: HTTP/1.1 200 OK
14:49:36.447 [main] DEBUG org.apache.http.headers - << HTTP/1.1 200 OK
14:49:36.447 [main] DEBUG org.apache.http.headers - << content-type: application/json
14:49:36.447 [main] DEBUG org.apache.http.headers - << date: Mon, 08 May 2023 07:49:35 GMT
14:49:36.447 [main] DEBUG org.apache.http.headers - << content-encoding: gzip
14:49:36.447 [main] DEBUG org.apache.http.headers - << transfer-encoding: chunked
14:49:36.447 [main] DEBUG org.apache.http.headers - << server: Fly/3f2597ca (2023-05-03)
14:49:36.447 [main] DEBUG org.apache.http.headers - << via: 1.1 fly.io
14:49:36.447 [main] DEBUG org.apache.http.headers - << fly-request-id: 01GZX5CP9FJ9B9XF6NA02FAR1W-sin
14:49:36.450 [main] DEBUG org.apache.http.impl.client.DefaultHttpClient - Connection can be kept alive indefinitely
14:49:36.453 [main] DEBUG io.restassured.internal.RestAssuredHttpBuilder - Parsing response as: application/json
14:49:36.453 [main] DEBUG org.apache.http.wire -  << "25[\r][\n]"
14:49:36.453 [main] DEBUG org.apache.http.wire -  << "[0x1f][0x8b][0x8][0x0][0x0][0x0][0x0][0x0][0x4][0xff][0xab]VJI,IT[0xb2]R[0xca]H[0xcd][0xc9][0xc9]W[0xaa][0xe5][0x2][0x0][0xfd][0x95][0xfe]N[0x11][0x0][0x0][0x0]"
14:49:36.453 [main] DEBUG org.apache.http.wire -  << "[\r][\n]"
14:49:36.453 [main] DEBUG org.apache.http.wire -  << "0[\r][\n]"
14:49:36.454 [main] DEBUG org.apache.http.wire -  << "[\r][\n]"
14:49:36.454 [main] DEBUG io.restassured.internal.RestAssuredHttpBuilder - Parsed data to instance of: class org.apache.http.conn.EofSensorInputStream
14:49:36.479 [main] DEBUG org.apache.http.impl.conn.BasicClientConnectionManager - Releasing connection org.apache.http.impl.conn.ManagedClientConnectionImpl@28dacf31
14:49:36.479 [main] DEBUG org.apache.http.impl.conn.BasicClientConnectionManager - Connection can be kept alive indefinitely
14:49:36.497 [main] DEBUG net.thucydides.core.steps.StepInterceptor - STEP DONE: I send GET HTTP request hello
  &amp#27;[32mWhen &amp#27;[0m&amp#27;[32mI send GET HTTP request hello&amp#27;[0m                  &amp#27;[90m# starter.stepdefinitions.HelloSteps.sendGetHttpRequestHello()&amp#27;[0m
14:49:36.511 [main] DEBUG net.thucydides.core.steps.StepInterceptor - STARTING STEP: CommentSteps.receiveValidHttp200Rating - I receive valid HTTP response code 200 comment
14:49:36.537 [main] DEBUG net.thucydides.core.steps.StepInterceptor - STEP DONE: I receive valid HTTP response code 200 comment
  &amp#27;[32mThen &amp#27;[0m&amp#27;[32mI receive valid HTTP response code 200 comment&amp#27;[0m &amp#27;[90m# starter.stepdefinitions.CommentSteps.receiveValidHttp200Rating()&amp#27;[0m
14:49:36.543 [main] INFO  - 
  _____   ___   ___   _____     ___     _     ___   ___   ___   ___  
 |_   _| | __| / __| |_   _|   | _ \   /_\   / __| / __| | __| |   \ 
   | |   | _|  \__ \   | |     |  _/  / _ \  \__ \ \__ \ | _|  | |) |
   |_|   |___| |___/   |_|     |_|   /_/ \_\ |___/ |___/ |___| |___/ 

GET - Get hello with correct endpoints
----------------------------------------------------------------------
]]></system-out>
  </testcase>
  <testcase name="POST - Register with valid data" classname="Register" time="0.17">
    <system-out><![CDATA[14:49:36.561 [main] DEBUG io.cucumber.core.plugin.SerenityReporter - Running feature from file:///E:/APIMinpro/API/minpro/src/test/resources/features/1.%20Register.feature
14:49:36.564 [main] DEBUG net.thucydides.core.steps.StepEventBus - Test suite started for story net.thucydides.core.model.Story@773abe6e
14:49:36.565 [main] INFO  - Test Suite Started: Register

Scenario: POST - Register with valid data              &amp#27;[90m# src/test/resources/features/1. Register.feature:7&amp#27;[0m
14:49:36.576 [main] DEBUG io.cucumber.core.plugin.SerenityReporter - Running feature from file:///E:/APIMinpro/API/minpro/src/test/resources/features/1.%20Register.feature
14:49:36.577 [main] INFO  - 
  _____   ___   ___   _____     ___   _____     _     ___   _____   ___   ___  
 |_   _| | __| / __| |_   _|   / __| |_   _|   /_\   | _ \ |_   _| | __| |   \ 
   | |   | _|  \__ \   | |     \__ \   | |    / _ \  |   /   | |   | _|  | |) |
   |_|   |___| |___/   |_|     |___/   |_|   /_/ \_\ |_|_\   |_|   |___| |___/ 

POST - Register with valid data(register;post---register-with-valid-data)
--------------------------------------------------------------------------------
14:49:36.592 [main] DEBUG net.thucydides.core.steps.StepInterceptor - STARTING STEP: RegisterSteps.setPostApiEndpointsRegister - I set POST api endpoints register
14:49:36.592 [main] DEBUG net.thucydides.core.steps.StepInterceptor - STEP DONE: I set POST api endpoints register
  &amp#27;[32mGiven &amp#27;[0m&amp#27;[32mI set POST api endpoints register&amp#27;[0m              &amp#27;[90m# starter.stepdefinitions.RegisterSteps.setPostApiEndpointsRegister()&amp#27;[0m
14:49:36.596 [main] DEBUG net.thucydides.core.steps.StepInterceptor - STARTING STEP: RegisterSteps.sendPostHttpRequestRegister - I send POST HTTP request register
14:49:36.602 [main] DEBUG net.thucydides.core.steps.StepInterceptor - STARTING STEP: Register.sendPostHttpRequestRegister - I set POST api endpoints register
14:49:36.602 [main] DEBUG net.thucydides.core.steps.StepInterceptor - STEP DONE: I set POST api endpoints register
14:49:36.628 [main] DEBUG org.apache.http.impl.conn.BasicClientConnectionManager - Get connection for route {s}->https://altashop-api.fly.dev:443
14:49:36.628 [main] DEBUG org.apache.http.impl.conn.DefaultClientConnectionOperator - Connecting to altashop-api.fly.dev:443
14:49:36.704 [main] DEBUG org.apache.http.client.protocol.RequestAddCookies - CookieSpec selected: ignoreCookies
14:49:36.704 [main] DEBUG org.apache.http.client.protocol.RequestAuthCache - Auth cache not set in the context
14:49:36.704 [main] DEBUG org.apache.http.client.protocol.RequestTargetAuthentication - Target auth state: UNCHALLENGED
14:49:36.704 [main] DEBUG org.apache.http.client.protocol.RequestProxyAuthentication - Proxy auth state: UNCHALLENGED
14:49:36.704 [main] DEBUG org.apache.http.impl.client.DefaultHttpClient - Attempt 1 to execute request
14:49:36.704 [main] DEBUG org.apache.http.impl.conn.DefaultClientConnection - Sending request: POST /api/auth/register HTTP/1.1
14:49:36.704 [main] DEBUG org.apache.http.wire -  >> "POST /api/auth/register HTTP/1.1[\r][\n]"
14:49:36.704 [main] DEBUG org.apache.http.wire -  >> "Accept: */*[\r][\n]"
14:49:36.704 [main] DEBUG org.apache.http.wire -  >> "Content-Type: application/json[\r][\n]"
14:49:36.704 [main] DEBUG org.apache.http.wire -  >> "Content-Length: 143[\r][\n]"
14:49:36.704 [main] DEBUG org.apache.http.wire -  >> "Host: altashop-api.fly.dev[\r][\n]"
14:49:36.704 [main] DEBUG org.apache.http.wire -  >> "Connection: Keep-Alive[\r][\n]"
14:49:36.704 [main] DEBUG org.apache.http.wire -  >> "User-Agent: Apache-HttpClient/4.5.13 (Java/11.0.15.1)[\r][\n]"
14:49:36.704 [main] DEBUG org.apache.http.wire -  >> "Accept-Encoding: gzip,deflate[\r][\n]"
14:49:36.704 [main] DEBUG org.apache.http.wire -  >> "[\r][\n]"
14:49:36.704 [main] DEBUG org.apache.http.headers - >> POST /api/auth/register HTTP/1.1
14:49:36.704 [main] DEBUG org.apache.http.headers - >> Accept: */*
14:49:36.704 [main] DEBUG org.apache.http.headers - >> Content-Type: application/json
14:49:36.704 [main] DEBUG org.apache.http.headers - >> Content-Length: 143
14:49:36.704 [main] DEBUG org.apache.http.headers - >> Host: altashop-api.fly.dev
14:49:36.704 [main] DEBUG org.apache.http.headers - >> Connection: Keep-Alive
14:49:36.704 [main] DEBUG org.apache.http.headers - >> User-Agent: Apache-HttpClient/4.5.13 (Java/11.0.15.1)
14:49:36.704 [main] DEBUG org.apache.http.headers - >> Accept-Encoding: gzip,deflate
14:49:36.704 [main] DEBUG org.apache.http.wire -  >> "{"password":"123456","fullname":"aditya nugraha perdana","email":"adityaaaaaaaaaaaaaaaaaaaaaaaaaaaaaaaaaaaaaaaaaaaaaaaaaaaaaaaaaaci@gmail.com"}"
14:49:36.726 [main] DEBUG org.apache.http.wire -  << "HTTP/1.1 200 OK[\r][\n]"
14:49:36.726 [main] DEBUG org.apache.http.wire -  << "content-type: application/json[\r][\n]"
14:49:36.726 [main] DEBUG org.apache.http.wire -  << "date: Mon, 08 May 2023 07:49:35 GMT[\r][\n]"
14:49:36.726 [main] DEBUG org.apache.http.wire -  << "content-encoding: gzip[\r][\n]"
14:49:36.726 [main] DEBUG org.apache.http.wire -  << "transfer-encoding: chunked[\r][\n]"
14:49:36.726 [main] DEBUG org.apache.http.wire -  << "server: Fly/3f2597ca (2023-05-03)[\r][\n]"
14:49:36.726 [main] DEBUG org.apache.http.wire -  << "via: 1.1 fly.io[\r][\n]"
14:49:36.726 [main] DEBUG org.apache.http.wire -  << "fly-request-id: 01GZX5CPJC15CYM48R9CDB3JF6-sin[\r][\n]"
14:49:36.726 [main] DEBUG org.apache.http.wire -  << "[\r][\n]"
14:49:36.726 [main] DEBUG org.apache.http.impl.conn.DefaultClientConnection - Receiving response: HTTP/1.1 200 OK
14:49:36.726 [main] DEBUG org.apache.http.headers - << HTTP/1.1 200 OK
14:49:36.726 [main] DEBUG org.apache.http.headers - << content-type: application/json
14:49:36.726 [main] DEBUG org.apache.http.headers - << date: Mon, 08 May 2023 07:49:35 GMT
14:49:36.726 [main] DEBUG org.apache.http.headers - << content-encoding: gzip
14:49:36.726 [main] DEBUG org.apache.http.headers - << transfer-encoding: chunked
14:49:36.726 [main] DEBUG org.apache.http.headers - << server: Fly/3f2597ca (2023-05-03)
14:49:36.726 [main] DEBUG org.apache.http.headers - << via: 1.1 fly.io
14:49:36.726 [main] DEBUG org.apache.http.headers - << fly-request-id: 01GZX5CPJC15CYM48R9CDB3JF6-sin
14:49:36.726 [main] DEBUG org.apache.http.impl.client.DefaultHttpClient - Connection can be kept alive indefinitely
14:49:36.726 [main] DEBUG io.restassured.internal.RestAssuredHttpBuilder - Parsing response as: application/json
14:49:36.726 [main] DEBUG org.apache.http.wire -  << "79[\r][\n]"
14:49:36.726 [main] DEBUG org.apache.http.wire -  << "[0x1f][0x8b][0x8][0x0][0x0][0x0][0x0][0x0][0x4][0xff][0xab]VJI,IT[0xb2][0xaa]V[0xf2]tQ[0xb2]22403[0xd2]Qr+[0xcd][0xc9][0xc9]K[0xcc]MU[0xb2]RJL[0xc9],[0xa9]LT[0xc8]+M/J[0xcc]HT(H-JI[0xcc]KT[0xd2]Qr[0xcd]M[0xcc][0xcc][0x81]+H$[0x17]$g:[0xa4][0x83]L[0xd2]K[0xce][0xcf]U[0xd2]Q[\n]"
14:49:36.726 [main] DEBUG org.apache.http.wire -  << "H,..[0xcf]/JQ[0xb2]R242615S[0xaa][0xad][0xe5][0x2][0x0][0xd9]!F[0xe4][0xa4][0x0][0x0][0x0]"
14:49:36.726 [main] DEBUG org.apache.http.wire -  << "[\r][\n]"
14:49:36.727 [main] DEBUG org.apache.http.wire -  << "0[\r][\n]"
14:49:36.727 [main] DEBUG org.apache.http.wire -  << "[\r][\n]"
14:49:36.727 [main] DEBUG io.restassured.internal.RestAssuredHttpBuilder - Parsed data to instance of: class org.apache.http.conn.EofSensorInputStream
14:49:36.728 [main] DEBUG org.apache.http.impl.conn.BasicClientConnectionManager - Releasing connection org.apache.http.impl.conn.ManagedClientConnectionImpl@34070bd2
14:49:36.728 [main] DEBUG org.apache.http.impl.conn.BasicClientConnectionManager - Connection can be kept alive indefinitely
14:49:36.729 [main] DEBUG net.thucydides.core.steps.StepInterceptor - STEP DONE: I send POST HTTP request register
  &amp#27;[32mWhen &amp#27;[0m&amp#27;[32mI send POST HTTP request register&amp#27;[0m               &amp#27;[90m# starter.stepdefinitions.RegisterSteps.sendPostHttpRequestRegister()&amp#27;[0m
14:49:36.732 [main] DEBUG net.thucydides.core.steps.StepInterceptor - STARTING STEP: RegisterSteps.receiveValidHttp200Register - I receive valid HTTP response code 200 register
14:49:36.733 [main] DEBUG net.thucydides.core.steps.StepInterceptor - STEP DONE: I receive valid HTTP response code 200 register
  &amp#27;[32mThen &amp#27;[0m&amp#27;[32mI receive valid HTTP response code 200 register&amp#27;[0m &amp#27;[90m# starter.stepdefinitions.RegisterSteps.receiveValidHttp200Register()&amp#27;[0m
14:49:36.735 [main] INFO  - 
  _____   ___   ___   _____     ___     _     ___   ___   ___   ___  
 |_   _| | __| / __| |_   _|   | _ \   /_\   / __| / __| | __| |   \ 
   | |   | _|  \__ \   | |     |  _/  / _ \  \__ \ \__ \ | _|  | |) |
   |_|   |___| |___/   |_|     |_|   /_/ \_\ |___/ |___/ |___| |___/ 

POST - Register with valid data
----------------------------------------------------------------------
]]></system-out>
  </testcase>
  <testcase name="POST - Register without fullname" classname="Register" time="0.128">
    <system-out><![CDATA[
Scenario: POST - Register without fullname             &amp#27;[90m# src/test/resources/features/1. Register.feature:12&amp#27;[0m
14:49:36.744 [main] DEBUG io.cucumber.core.plugin.SerenityReporter - Running feature from file:///E:/APIMinpro/API/minpro/src/test/resources/features/1.%20Register.feature
14:49:36.746 [main] INFO  - 
  _____   ___   ___   _____     ___   _____     _     ___   _____   ___   ___  
 |_   _| | __| / __| |_   _|   / __| |_   _|   /_\   | _ \ |_   _| | __| |   \ 
   | |   | _|  \__ \   | |     \__ \   | |    / _ \  |   /   | |   | _|  | |) |
   |_|   |___| |___/   |_|     |___/   |_|   /_/ \_\ |_|_\   |_|   |___| |___/ 

POST - Register without fullname(register;post---register-without-fullname)
--------------------------------------------------------------------------------
14:49:36.756 [main] DEBUG net.thucydides.core.steps.StepInterceptor - STARTING STEP: RegisterSteps.setPostApiEndpointsRegister - I set POST api endpoints register
14:49:36.757 [main] DEBUG net.thucydides.core.steps.StepInterceptor - STEP DONE: I set POST api endpoints register
  &amp#27;[32mGiven &amp#27;[0m&amp#27;[32mI set POST api endpoints register&amp#27;[0m              &amp#27;[90m# starter.stepdefinitions.RegisterSteps.setPostApiEndpointsRegister()&amp#27;[0m
14:49:36.761 [main] DEBUG net.thucydides.core.steps.StepInterceptor - STARTING STEP: RegisterSteps.sendPostHttpRequestRegister2 - I send POST HTTP request register2
14:49:36.762 [main] DEBUG net.thucydides.core.steps.StepInterceptor - STARTING STEP: Register.sendPostHttpRequestRegister2 - I set POST api endpoints register
14:49:36.762 [main] DEBUG net.thucydides.core.steps.StepInterceptor - STEP DONE: I set POST api endpoints register
14:49:36.778 [main] DEBUG org.apache.http.impl.conn.BasicClientConnectionManager - Get connection for route {s}->https://altashop-api.fly.dev:443
14:49:36.778 [main] DEBUG org.apache.http.impl.conn.DefaultClientConnectionOperator - Connecting to altashop-api.fly.dev:443
14:49:36.835 [main] DEBUG org.apache.http.client.protocol.RequestAddCookies - CookieSpec selected: ignoreCookies
14:49:36.835 [main] DEBUG org.apache.http.client.protocol.RequestAuthCache - Auth cache not set in the context
14:49:36.835 [main] DEBUG org.apache.http.client.protocol.RequestTargetAuthentication - Target auth state: UNCHALLENGED
14:49:36.835 [main] DEBUG org.apache.http.client.protocol.RequestProxyAuthentication - Proxy auth state: UNCHALLENGED
14:49:36.835 [main] DEBUG org.apache.http.impl.client.DefaultHttpClient - Attempt 1 to execute request
14:49:36.835 [main] DEBUG org.apache.http.impl.conn.DefaultClientConnection - Sending request: POST /api/auth/register HTTP/1.1
14:49:36.835 [main] DEBUG org.apache.http.wire -  >> "POST /api/auth/register HTTP/1.1[\r][\n]"
14:49:36.835 [main] DEBUG org.apache.http.wire -  >> "Accept: */*[\r][\n]"
14:49:36.835 [main] DEBUG org.apache.http.wire -  >> "Content-Type: application/json[\r][\n]"
14:49:36.835 [main] DEBUG org.apache.http.wire -  >> "Content-Length: 62[\r][\n]"
14:49:36.835 [main] DEBUG org.apache.http.wire -  >> "Host: altashop-api.fly.dev[\r][\n]"
14:49:36.835 [main] DEBUG org.apache.http.wire -  >> "Connection: Keep-Alive[\r][\n]"
14:49:36.836 [main] DEBUG org.apache.http.wire -  >> "User-Agent: Apache-HttpClient/4.5.13 (Java/11.0.15.1)[\r][\n]"
14:49:36.836 [main] DEBUG org.apache.http.wire -  >> "Accept-Encoding: gzip,deflate[\r][\n]"
14:49:36.836 [main] DEBUG org.apache.http.wire -  >> "[\r][\n]"
14:49:36.836 [main] DEBUG org.apache.http.headers - >> POST /api/auth/register HTTP/1.1
14:49:36.836 [main] DEBUG org.apache.http.headers - >> Accept: */*
14:49:36.836 [main] DEBUG org.apache.http.headers - >> Content-Type: application/json
14:49:36.836 [main] DEBUG org.apache.http.headers - >> Content-Length: 62
14:49:36.836 [main] DEBUG org.apache.http.headers - >> Host: altashop-api.fly.dev
14:49:36.836 [main] DEBUG org.apache.http.headers - >> Connection: Keep-Alive
14:49:36.836 [main] DEBUG org.apache.http.headers - >> User-Agent: Apache-HttpClient/4.5.13 (Java/11.0.15.1)
14:49:36.836 [main] DEBUG org.apache.http.headers - >> Accept-Encoding: gzip,deflate
14:49:36.836 [main] DEBUG org.apache.http.wire -  >> "{"password":"123456","fullname":"","email":"aditya@gmail.com"}"
14:49:36.856 [main] DEBUG org.apache.http.wire -  << "HTTP/1.1 400 Bad Request[\r][\n]"
14:49:36.856 [main] DEBUG org.apache.http.wire -  << "content-type: application/json[\r][\n]"
14:49:36.856 [main] DEBUG org.apache.http.wire -  << "date: Mon, 08 May 2023 07:49:36 GMT[\r][\n]"
14:49:36.856 [main] DEBUG org.apache.http.wire -  << "content-encoding: gzip[\r][\n]"
14:49:36.856 [main] DEBUG org.apache.http.wire -  << "transfer-encoding: chunked[\r][\n]"
14:49:36.856 [main] DEBUG org.apache.http.wire -  << "server: Fly/3f2597ca (2023-05-03)[\r][\n]"
14:49:36.856 [main] DEBUG org.apache.http.wire -  << "via: 1.1 fly.io[\r][\n]"
14:49:36.856 [main] DEBUG org.apache.http.wire -  << "fly-request-id: 01GZX5CPPE0STBZC22B0S810TC-sin[\r][\n]"
14:49:36.856 [main] DEBUG org.apache.http.wire -  << "[\r][\n]"
14:49:36.856 [main] DEBUG org.apache.http.impl.conn.DefaultClientConnection - Receiving response: HTTP/1.1 400 Bad Request
14:49:36.856 [main] DEBUG org.apache.http.headers - << HTTP/1.1 400 Bad Request
14:49:36.856 [main] DEBUG org.apache.http.headers - << content-type: application/json
14:49:36.856 [main] DEBUG org.apache.http.headers - << date: Mon, 08 May 2023 07:49:36 GMT
14:49:36.856 [main] DEBUG org.apache.http.headers - << content-encoding: gzip
14:49:36.856 [main] DEBUG org.apache.http.headers - << transfer-encoding: chunked
14:49:36.856 [main] DEBUG org.apache.http.headers - << server: Fly/3f2597ca (2023-05-03)
14:49:36.856 [main] DEBUG org.apache.http.headers - << via: 1.1 fly.io
14:49:36.856 [main] DEBUG org.apache.http.headers - << fly-request-id: 01GZX5CPPE0STBZC22B0S810TC-sin
14:49:36.856 [main] DEBUG org.apache.http.impl.client.DefaultHttpClient - Connection can be kept alive indefinitely
14:49:36.856 [main] DEBUG io.restassured.internal.RestAssuredHttpBuilder - Parsing response as: application/json
14:49:36.856 [main] DEBUG org.apache.http.wire -  << "35[\r][\n]"
14:49:36.857 [main] DEBUG org.apache.http.wire -  << "[0x1f][0x8b][0x8][0x0][0x0][0x0][0x0][0x0][0x4][0xff][0xab]VJ-*[0xca]/R[0xb2]RJ+[0xcd][0xc9][0xc9]K[0xcc]MU[0xc8],V(J-,[0xcd],JMQ[0xaa][0xe5][0x2][0x0]ok4[0xc9]![0x0][0x0][0x0]"
14:49:36.857 [main] DEBUG org.apache.http.wire -  << "[\r][\n]"
14:49:36.857 [main] DEBUG org.apache.http.wire -  << "0[\r][\n]"
14:49:36.857 [main] DEBUG org.apache.http.wire -  << "[\r][\n]"
14:49:36.857 [main] DEBUG io.restassured.internal.RestAssuredHttpBuilder - Parsed data to instance of: class org.apache.http.conn.EofSensorInputStream
14:49:36.858 [main] DEBUG org.apache.http.impl.conn.BasicClientConnectionManager - Releasing connection org.apache.http.impl.conn.ManagedClientConnectionImpl@af3295f
14:49:36.858 [main] DEBUG org.apache.http.impl.conn.BasicClientConnectionManager - Connection can be kept alive indefinitely
14:49:36.858 [main] DEBUG net.thucydides.core.steps.StepInterceptor - STEP DONE: I send POST HTTP request register2
  &amp#27;[32mWhen &amp#27;[0m&amp#27;[32mI send POST HTTP request register2&amp#27;[0m              &amp#27;[90m# starter.stepdefinitions.RegisterSteps.sendPostHttpRequestRegister2()&amp#27;[0m
14:49:36.861 [main] DEBUG net.thucydides.core.steps.StepInterceptor - STARTING STEP: RegisterSteps.receiveValidHttp400Register - I receive valid HTTP response code 400 register
14:49:36.861 [main] DEBUG net.thucydides.core.steps.StepInterceptor - STEP DONE: I receive valid HTTP response code 400 register
  &amp#27;[32mThen &amp#27;[0m&amp#27;[32mI receive valid HTTP response code 400 register&amp#27;[0m &amp#27;[90m# starter.stepdefinitions.RegisterSteps.receiveValidHttp400Register()&amp#27;[0m
14:49:36.863 [main] INFO  - 
  _____   ___   ___   _____     ___     _     ___   ___   ___   ___  
 |_   _| | __| / __| |_   _|   | _ \   /_\   / __| / __| | __| |   \ 
   | |   | _|  \__ \   | |     |  _/  / _ \  \__ \ \__ \ | _|  | |) |
   |_|   |___| |___/   |_|     |_|   /_/ \_\ |___/ |___/ |___| |___/ 

POST - Register without fullname
----------------------------------------------------------------------
]]></system-out>
  </testcase>
  <testcase name="POST - Register without email" classname="Register" time="0.121">
    <system-out><![CDATA[
Scenario: POST - Register without email                &amp#27;[90m# src/test/resources/features/1. Register.feature:17&amp#27;[0m
14:49:36.870 [main] DEBUG io.cucumber.core.plugin.SerenityReporter - Running feature from file:///E:/APIMinpro/API/minpro/src/test/resources/features/1.%20Register.feature
14:49:36.872 [main] INFO  - 
  _____   ___   ___   _____     ___   _____     _     ___   _____   ___   ___  
 |_   _| | __| / __| |_   _|   / __| |_   _|   /_\   | _ \ |_   _| | __| |   \ 
   | |   | _|  \__ \   | |     \__ \   | |    / _ \  |   /   | |   | _|  | |) |
   |_|   |___| |___/   |_|     |___/   |_|   /_/ \_\ |_|_\   |_|   |___| |___/ 

POST - Register without email(register;post---register-without-email)
--------------------------------------------------------------------------------
14:49:36.880 [main] DEBUG net.thucydides.core.steps.StepInterceptor - STARTING STEP: RegisterSteps.setPostApiEndpointsRegister - I set POST api endpoints register
14:49:36.880 [main] DEBUG net.thucydides.core.steps.StepInterceptor - STEP DONE: I set POST api endpoints register
  &amp#27;[32mGiven &amp#27;[0m&amp#27;[32mI set POST api endpoints register&amp#27;[0m              &amp#27;[90m# starter.stepdefinitions.RegisterSteps.setPostApiEndpointsRegister()&amp#27;[0m
14:49:36.883 [main] DEBUG net.thucydides.core.steps.StepInterceptor - STARTING STEP: RegisterSteps.sendPostHttpRequestRegister3 - I send POST HTTP request register3
14:49:36.884 [main] DEBUG net.thucydides.core.steps.StepInterceptor - STARTING STEP: Register.sendPostHttpRequestRegister3 - I set POST api endpoints register
14:49:36.884 [main] DEBUG net.thucydides.core.steps.StepInterceptor - STEP DONE: I set POST api endpoints register
14:49:36.898 [main] DEBUG org.apache.http.impl.conn.BasicClientConnectionManager - Get connection for route {s}->https://altashop-api.fly.dev:443
14:49:36.898 [main] DEBUG org.apache.http.impl.conn.DefaultClientConnectionOperator - Connecting to altashop-api.fly.dev:443
14:49:36.956 [main] DEBUG org.apache.http.client.protocol.RequestAddCookies - CookieSpec selected: ignoreCookies
14:49:36.956 [main] DEBUG org.apache.http.client.protocol.RequestAuthCache - Auth cache not set in the context
14:49:36.956 [main] DEBUG org.apache.http.client.protocol.RequestTargetAuthentication - Target auth state: UNCHALLENGED
14:49:36.956 [main] DEBUG org.apache.http.client.protocol.RequestProxyAuthentication - Proxy auth state: UNCHALLENGED
14:49:36.956 [main] DEBUG org.apache.http.impl.client.DefaultHttpClient - Attempt 1 to execute request
14:49:36.956 [main] DEBUG org.apache.http.impl.conn.DefaultClientConnection - Sending request: POST /api/auth/register HTTP/1.1
14:49:36.956 [main] DEBUG org.apache.http.wire -  >> "POST /api/auth/register HTTP/1.1[\r][\n]"
14:49:36.956 [main] DEBUG org.apache.http.wire -  >> "Accept: */*[\r][\n]"
14:49:36.956 [main] DEBUG org.apache.http.wire -  >> "Content-Type: application/json[\r][\n]"
14:49:36.956 [main] DEBUG org.apache.http.wire -  >> "Content-Length: 68[\r][\n]"
14:49:36.956 [main] DEBUG org.apache.http.wire -  >> "Host: altashop-api.fly.dev[\r][\n]"
14:49:36.956 [main] DEBUG org.apache.http.wire -  >> "Connection: Keep-Alive[\r][\n]"
14:49:36.956 [main] DEBUG org.apache.http.wire -  >> "User-Agent: Apache-HttpClient/4.5.13 (Java/11.0.15.1)[\r][\n]"
14:49:36.956 [main] DEBUG org.apache.http.wire -  >> "Accept-Encoding: gzip,deflate[\r][\n]"
14:49:36.956 [main] DEBUG org.apache.http.wire -  >> "[\r][\n]"
14:49:36.957 [main] DEBUG org.apache.http.headers - >> POST /api/auth/register HTTP/1.1
14:49:36.957 [main] DEBUG org.apache.http.headers - >> Accept: */*
14:49:36.957 [main] DEBUG org.apache.http.headers - >> Content-Type: application/json
14:49:36.957 [main] DEBUG org.apache.http.headers - >> Content-Length: 68
14:49:36.957 [main] DEBUG org.apache.http.headers - >> Host: altashop-api.fly.dev
14:49:36.957 [main] DEBUG org.apache.http.headers - >> Connection: Keep-Alive
14:49:36.957 [main] DEBUG org.apache.http.headers - >> User-Agent: Apache-HttpClient/4.5.13 (Java/11.0.15.1)
14:49:36.957 [main] DEBUG org.apache.http.headers - >> Accept-Encoding: gzip,deflate
14:49:36.957 [main] DEBUG org.apache.http.wire -  >> "{"password":"123456","fullname":"aditya nugraha perdana","email":""}"
14:49:36.976 [main] DEBUG org.apache.http.wire -  << "HTTP/1.1 400 Bad Request[\r][\n]"
14:49:36.976 [main] DEBUG org.apache.http.wire -  << "content-type: application/json[\r][\n]"
14:49:36.976 [main] DEBUG org.apache.http.wire -  << "date: Mon, 08 May 2023 07:49:36 GMT[\r][\n]"
14:49:36.977 [main] DEBUG org.apache.http.wire -  << "content-encoding: gzip[\r][\n]"
14:49:36.977 [main] DEBUG org.apache.http.wire -  << "transfer-encoding: chunked[\r][\n]"
14:49:36.977 [main] DEBUG org.apache.http.wire -  << "server: Fly/3f2597ca (2023-05-03)[\r][\n]"
14:49:36.977 [main] DEBUG org.apache.http.wire -  << "via: 1.1 fly.io[\r][\n]"
14:49:36.977 [main] DEBUG org.apache.http.wire -  << "fly-request-id: 01GZX5CPT969E8WPVF8WD2QXA2-sin[\r][\n]"
14:49:36.977 [main] DEBUG org.apache.http.wire -  << "[\r][\n]"
14:49:36.977 [main] DEBUG org.apache.http.impl.conn.DefaultClientConnection - Receiving response: HTTP/1.1 400 Bad Request
14:49:36.977 [main] DEBUG org.apache.http.headers - << HTTP/1.1 400 Bad Request
14:49:36.977 [main] DEBUG org.apache.http.headers - << content-type: application/json
14:49:36.977 [main] DEBUG org.apache.http.headers - << date: Mon, 08 May 2023 07:49:36 GMT
14:49:36.977 [main] DEBUG org.apache.http.headers - << content-encoding: gzip
14:49:36.977 [main] DEBUG org.apache.http.headers - << transfer-encoding: chunked
14:49:36.977 [main] DEBUG org.apache.http.headers - << server: Fly/3f2597ca (2023-05-03)
14:49:36.977 [main] DEBUG org.apache.http.headers - << via: 1.1 fly.io
14:49:36.977 [main] DEBUG org.apache.http.headers - << fly-request-id: 01GZX5CPT969E8WPVF8WD2QXA2-sin
14:49:36.977 [main] DEBUG org.apache.http.impl.client.DefaultHttpClient - Connection can be kept alive indefinitely
14:49:36.977 [main] DEBUG io.restassured.internal.RestAssuredHttpBuilder - Parsing response as: application/json
14:49:36.977 [main] DEBUG org.apache.http.wire -  << "32[\r][\n]"
14:49:36.977 [main] DEBUG org.apache.http.wire -  << "[0x1f][0x8b][0x8][0x0][0x0][0x0][0x0][0x0][0x4][0xff][0xab]VJ-*[0xca]/R[0xb2]RJ[0xcd]M[0xcc][0xcc]Q[0xc8],V(J-,[0xcd],JMQ[0xaa][0xe5][0x2][0x0]&[0xe3][0xaa]j[0x1e][0x0][0x0][0x0]"
14:49:36.977 [main] DEBUG org.apache.http.wire -  << "[\r][\n]"
14:49:36.977 [main] DEBUG org.apache.http.wire -  << "0[\r][\n]"
14:49:36.977 [main] DEBUG org.apache.http.wire -  << "[\r][\n]"
14:49:36.977 [main] DEBUG io.restassured.internal.RestAssuredHttpBuilder - Parsed data to instance of: class org.apache.http.conn.EofSensorInputStream
14:49:36.978 [main] DEBUG org.apache.http.impl.conn.BasicClientConnectionManager - Releasing connection org.apache.http.impl.conn.ManagedClientConnectionImpl@399c408c
14:49:36.978 [main] DEBUG org.apache.http.impl.conn.BasicClientConnectionManager - Connection can be kept alive indefinitely
14:49:36.979 [main] DEBUG net.thucydides.core.steps.StepInterceptor - STEP DONE: I send POST HTTP request register3
  &amp#27;[32mWhen &amp#27;[0m&amp#27;[32mI send POST HTTP request register3&amp#27;[0m              &amp#27;[90m# starter.stepdefinitions.RegisterSteps.sendPostHttpRequestRegister3()&amp#27;[0m
14:49:36.981 [main] DEBUG net.thucydides.core.steps.StepInterceptor - STARTING STEP: RegisterSteps.receiveValidHttp400Register - I receive valid HTTP response code 400 register
14:49:36.982 [main] DEBUG net.thucydides.core.steps.StepInterceptor - STEP DONE: I receive valid HTTP response code 400 register
  &amp#27;[32mThen &amp#27;[0m&amp#27;[32mI receive valid HTTP response code 400 register&amp#27;[0m &amp#27;[90m# starter.stepdefinitions.RegisterSteps.receiveValidHttp400Register()&amp#27;[0m
14:49:36.984 [main] INFO  - 
  _____   ___   ___   _____     ___     _     ___   ___   ___   ___  
 |_   _| | __| / __| |_   _|   | _ \   /_\   / __| / __| | __| |   \ 
   | |   | _|  \__ \   | |     |  _/  / _ \  \__ \ \__ \ | _|  | |) |
   |_|   |___| |___/   |_|     |_|   /_/ \_\ |___/ |___/ |___| |___/ 

POST - Register without email
----------------------------------------------------------------------
]]></system-out>
  </testcase>
  <testcase name="POST - Register without password" classname="Register" time="0.105">
    <system-out><![CDATA[
Scenario: POST - Register without password             &amp#27;[90m# src/test/resources/features/1. Register.feature:22&amp#27;[0m
14:49:36.990 [main] DEBUG io.cucumber.core.plugin.SerenityReporter - Running feature from file:///E:/APIMinpro/API/minpro/src/test/resources/features/1.%20Register.feature
14:49:36.993 [main] INFO  - 
  _____   ___   ___   _____     ___   _____     _     ___   _____   ___   ___  
 |_   _| | __| / __| |_   _|   / __| |_   _|   /_\   | _ \ |_   _| | __| |   \ 
   | |   | _|  \__ \   | |     \__ \   | |    / _ \  |   /   | |   | _|  | |) |
   |_|   |___| |___/   |_|     |___/   |_|   /_/ \_\ |_|_\   |_|   |___| |___/ 

POST - Register without password(register;post---register-without-password)
--------------------------------------------------------------------------------
14:49:37.000 [main] DEBUG net.thucydides.core.steps.StepInterceptor - STARTING STEP: RegisterSteps.setPostApiEndpointsRegister - I set POST api endpoints register
14:49:37.000 [main] DEBUG net.thucydides.core.steps.StepInterceptor - STEP DONE: I set POST api endpoints register
  &amp#27;[32mGiven &amp#27;[0m&amp#27;[32mI set POST api endpoints register&amp#27;[0m              &amp#27;[90m# starter.stepdefinitions.RegisterSteps.setPostApiEndpointsRegister()&amp#27;[0m
14:49:37.002 [main] DEBUG net.thucydides.core.steps.StepInterceptor - STARTING STEP: RegisterSteps.sendPostHttpRequest4 - I send POST HTTP request register4
14:49:37.004 [main] DEBUG net.thucydides.core.steps.StepInterceptor - STARTING STEP: Register.sendPostHttpRequestRegister4 - I set POST api endpoints register
14:49:37.004 [main] DEBUG net.thucydides.core.steps.StepInterceptor - STEP DONE: I set POST api endpoints register
14:49:37.014 [main] DEBUG org.apache.http.impl.conn.BasicClientConnectionManager - Get connection for route {s}->https://altashop-api.fly.dev:443
14:49:37.014 [main] DEBUG org.apache.http.impl.conn.DefaultClientConnectionOperator - Connecting to altashop-api.fly.dev:443
14:49:37.061 [main] DEBUG org.apache.http.client.protocol.RequestAddCookies - CookieSpec selected: ignoreCookies
14:49:37.061 [main] DEBUG org.apache.http.client.protocol.RequestAuthCache - Auth cache not set in the context
14:49:37.061 [main] DEBUG org.apache.http.client.protocol.RequestTargetAuthentication - Target auth state: UNCHALLENGED
14:49:37.061 [main] DEBUG org.apache.http.client.protocol.RequestProxyAuthentication - Proxy auth state: UNCHALLENGED
14:49:37.062 [main] DEBUG org.apache.http.impl.client.DefaultHttpClient - Attempt 1 to execute request
14:49:37.062 [main] DEBUG org.apache.http.impl.conn.DefaultClientConnection - Sending request: POST /api/auth/register HTTP/1.1
14:49:37.062 [main] DEBUG org.apache.http.wire -  >> "POST /api/auth/register HTTP/1.1[\r][\n]"
14:49:37.062 [main] DEBUG org.apache.http.wire -  >> "Accept: */*[\r][\n]"
14:49:37.062 [main] DEBUG org.apache.http.wire -  >> "Content-Type: application/json[\r][\n]"
14:49:37.062 [main] DEBUG org.apache.http.wire -  >> "Content-Length: 78[\r][\n]"
14:49:37.062 [main] DEBUG org.apache.http.wire -  >> "Host: altashop-api.fly.dev[\r][\n]"
14:49:37.062 [main] DEBUG org.apache.http.wire -  >> "Connection: Keep-Alive[\r][\n]"
14:49:37.062 [main] DEBUG org.apache.http.wire -  >> "User-Agent: Apache-HttpClient/4.5.13 (Java/11.0.15.1)[\r][\n]"
14:49:37.062 [main] DEBUG org.apache.http.wire -  >> "Accept-Encoding: gzip,deflate[\r][\n]"
14:49:37.062 [main] DEBUG org.apache.http.wire -  >> "[\r][\n]"
14:49:37.062 [main] DEBUG org.apache.http.headers - >> POST /api/auth/register HTTP/1.1
14:49:37.062 [main] DEBUG org.apache.http.headers - >> Accept: */*
14:49:37.062 [main] DEBUG org.apache.http.headers - >> Content-Type: application/json
14:49:37.062 [main] DEBUG org.apache.http.headers - >> Content-Length: 78
14:49:37.062 [main] DEBUG org.apache.http.headers - >> Host: altashop-api.fly.dev
14:49:37.062 [main] DEBUG org.apache.http.headers - >> Connection: Keep-Alive
14:49:37.062 [main] DEBUG org.apache.http.headers - >> User-Agent: Apache-HttpClient/4.5.13 (Java/11.0.15.1)
14:49:37.062 [main] DEBUG org.apache.http.headers - >> Accept-Encoding: gzip,deflate
14:49:37.062 [main] DEBUG org.apache.http.wire -  >> "{"password":"","fullname":"aditya nugraha perdana","email":"aditya@gmail.com"}"
14:49:37.083 [main] DEBUG org.apache.http.wire -  << "HTTP/1.1 400 Bad Request[\r][\n]"
14:49:37.083 [main] DEBUG org.apache.http.wire -  << "content-type: application/json[\r][\n]"
14:49:37.083 [main] DEBUG org.apache.http.wire -  << "date: Mon, 08 May 2023 07:49:36 GMT[\r][\n]"
14:49:37.083 [main] DEBUG org.apache.http.wire -  << "content-encoding: gzip[\r][\n]"
14:49:37.083 [main] DEBUG org.apache.http.wire -  << "transfer-encoding: chunked[\r][\n]"
14:49:37.083 [main] DEBUG org.apache.http.wire -  << "server: Fly/3f2597ca (2023-05-03)[\r][\n]"
14:49:37.083 [main] DEBUG org.apache.http.wire -  << "via: 1.1 fly.io[\r][\n]"
14:49:37.083 [main] DEBUG org.apache.http.wire -  << "fly-request-id: 01GZX5CPXJDKNCDRN8KG99N89H-sin[\r][\n]"
14:49:37.083 [main] DEBUG org.apache.http.wire -  << "[\r][\n]"
14:49:37.083 [main] DEBUG org.apache.http.impl.conn.DefaultClientConnection - Receiving response: HTTP/1.1 400 Bad Request
14:49:37.083 [main] DEBUG org.apache.http.headers - << HTTP/1.1 400 Bad Request
14:49:37.083 [main] DEBUG org.apache.http.headers - << content-type: application/json
14:49:37.083 [main] DEBUG org.apache.http.headers - << date: Mon, 08 May 2023 07:49:36 GMT
14:49:37.083 [main] DEBUG org.apache.http.headers - << content-encoding: gzip
14:49:37.083 [main] DEBUG org.apache.http.headers - << transfer-encoding: chunked
14:49:37.083 [main] DEBUG org.apache.http.headers - << server: Fly/3f2597ca (2023-05-03)
14:49:37.083 [main] DEBUG org.apache.http.headers - << via: 1.1 fly.io
14:49:37.083 [main] DEBUG org.apache.http.headers - << fly-request-id: 01GZX5CPXJDKNCDRN8KG99N89H-sin
14:49:37.084 [main] DEBUG org.apache.http.impl.client.DefaultHttpClient - Connection can be kept alive indefinitely
14:49:37.084 [main] DEBUG io.restassured.internal.RestAssuredHttpBuilder - Parsing response as: application/json
14:49:37.084 [main] DEBUG org.apache.http.wire -  << "35[\r][\n]"
14:49:37.084 [main] DEBUG org.apache.http.wire -  << "[0x1f][0x8b][0x8][0x0][0x0][0x0][0x0][0x0][0x4][0xff][0xab]VJ-*[0xca]/R[0xb2]R*H,..[0xcf]/JQ[0xc8],V(J-,[0xcd],JMQ[0xaa][0xe5][0x2][0x0][0xb9][0x8f][0xe5][0xe0]![0x0][0x0][0x0]"
14:49:37.084 [main] DEBUG org.apache.http.wire -  << "[\r][\n]"
14:49:37.084 [main] DEBUG org.apache.http.wire -  << "0[\r][\n]"
14:49:37.084 [main] DEBUG org.apache.http.wire -  << "[\r][\n]"
14:49:37.084 [main] DEBUG io.restassured.internal.RestAssuredHttpBuilder - Parsed data to instance of: class org.apache.http.conn.EofSensorInputStream
14:49:37.085 [main] DEBUG org.apache.http.impl.conn.BasicClientConnectionManager - Releasing connection org.apache.http.impl.conn.ManagedClientConnectionImpl@7c0ff7a0
14:49:37.085 [main] DEBUG org.apache.http.impl.conn.BasicClientConnectionManager - Connection can be kept alive indefinitely
14:49:37.085 [main] DEBUG net.thucydides.core.steps.StepInterceptor - STEP DONE: I send POST HTTP request register4
  &amp#27;[32mWhen &amp#27;[0m&amp#27;[32mI send POST HTTP request register4&amp#27;[0m              &amp#27;[90m# starter.stepdefinitions.RegisterSteps.sendPostHttpRequest4()&amp#27;[0m
14:49:37.088 [main] DEBUG net.thucydides.core.steps.StepInterceptor - STARTING STEP: RegisterSteps.receiveValidHttp400Register - I receive valid HTTP response code 400 register
14:49:37.088 [main] DEBUG net.thucydides.core.steps.StepInterceptor - STEP DONE: I receive valid HTTP response code 400 register
  &amp#27;[32mThen &amp#27;[0m&amp#27;[32mI receive valid HTTP response code 400 register&amp#27;[0m &amp#27;[90m# starter.stepdefinitions.RegisterSteps.receiveValidHttp400Register()&amp#27;[0m
14:49:37.089 [main] INFO  - 
  _____   ___   ___   _____     ___     _     ___   ___   ___   ___  
 |_   _| | __| / __| |_   _|   | _ \   /_\   / __| / __| | __| |   \ 
   | |   | _|  \__ \   | |     |  _/  / _ \  \__ \ \__ \ | _|  | |) |
   |_|   |___| |___/   |_|     |_|   /_/ \_\ |___/ |___/ |___| |___/ 

POST - Register without password
----------------------------------------------------------------------
]]></system-out>
  </testcase>
  <testcase name="POST - Register with existed account" classname="Register" time="0.104">
    <system-out><![CDATA[
Scenario: POST - Register with existed account         &amp#27;[90m# src/test/resources/features/1. Register.feature:27&amp#27;[0m
14:49:37.095 [main] DEBUG io.cucumber.core.plugin.SerenityReporter - Running feature from file:///E:/APIMinpro/API/minpro/src/test/resources/features/1.%20Register.feature
14:49:37.097 [main] INFO  - 
  _____   ___   ___   _____     ___   _____     _     ___   _____   ___   ___  
 |_   _| | __| / __| |_   _|   / __| |_   _|   /_\   | _ \ |_   _| | __| |   \ 
   | |   | _|  \__ \   | |     \__ \   | |    / _ \  |   /   | |   | _|  | |) |
   |_|   |___| |___/   |_|     |___/   |_|   /_/ \_\ |_|_\   |_|   |___| |___/ 

POST - Register with existed account(register;post---register-with-existed-account)
--------------------------------------------------------------------------------
14:49:37.105 [main] DEBUG net.thucydides.core.steps.StepInterceptor - STARTING STEP: RegisterSteps.setPostApiEndpointsRegister - I set POST api endpoints register
14:49:37.105 [main] DEBUG net.thucydides.core.steps.StepInterceptor - STEP DONE: I set POST api endpoints register
  &amp#27;[32mGiven &amp#27;[0m&amp#27;[32mI set POST api endpoints register&amp#27;[0m              &amp#27;[90m# starter.stepdefinitions.RegisterSteps.setPostApiEndpointsRegister()&amp#27;[0m
14:49:37.108 [main] DEBUG net.thucydides.core.steps.StepInterceptor - STARTING STEP: RegisterSteps.sendPostHttpRequest5 - I send POST HTTP request register5
14:49:37.109 [main] DEBUG net.thucydides.core.steps.StepInterceptor - STARTING STEP: Register.sendPostHttpRequestRegister5 - I set POST api endpoints register
14:49:37.109 [main] DEBUG net.thucydides.core.steps.StepInterceptor - STEP DONE: I set POST api endpoints register
14:49:37.119 [main] DEBUG org.apache.http.impl.conn.BasicClientConnectionManager - Get connection for route {s}->https://altashop-api.fly.dev:443
14:49:37.119 [main] DEBUG org.apache.http.impl.conn.DefaultClientConnectionOperator - Connecting to altashop-api.fly.dev:443
14:49:37.165 [main] DEBUG org.apache.http.client.protocol.RequestAddCookies - CookieSpec selected: ignoreCookies
14:49:37.165 [main] DEBUG org.apache.http.client.protocol.RequestAuthCache - Auth cache not set in the context
14:49:37.165 [main] DEBUG org.apache.http.client.protocol.RequestTargetAuthentication - Target auth state: UNCHALLENGED
14:49:37.165 [main] DEBUG org.apache.http.client.protocol.RequestProxyAuthentication - Proxy auth state: UNCHALLENGED
14:49:37.165 [main] DEBUG org.apache.http.impl.client.DefaultHttpClient - Attempt 1 to execute request
14:49:37.165 [main] DEBUG org.apache.http.impl.conn.DefaultClientConnection - Sending request: POST /api/auth/register HTTP/1.1
14:49:37.165 [main] DEBUG org.apache.http.wire -  >> "POST /api/auth/register HTTP/1.1[\r][\n]"
14:49:37.165 [main] DEBUG org.apache.http.wire -  >> "Accept: */*[\r][\n]"
14:49:37.165 [main] DEBUG org.apache.http.wire -  >> "Content-Type: application/json[\r][\n]"
14:49:37.165 [main] DEBUG org.apache.http.wire -  >> "Content-Length: 65[\r][\n]"
14:49:37.165 [main] DEBUG org.apache.http.wire -  >> "Host: altashop-api.fly.dev[\r][\n]"
14:49:37.165 [main] DEBUG org.apache.http.wire -  >> "Connection: Keep-Alive[\r][\n]"
14:49:37.165 [main] DEBUG org.apache.http.wire -  >> "User-Agent: Apache-HttpClient/4.5.13 (Java/11.0.15.1)[\r][\n]"
14:49:37.165 [main] DEBUG org.apache.http.wire -  >> "Accept-Encoding: gzip,deflate[\r][\n]"
14:49:37.165 [main] DEBUG org.apache.http.wire -  >> "[\r][\n]"
14:49:37.165 [main] DEBUG org.apache.http.headers - >> POST /api/auth/register HTTP/1.1
14:49:37.165 [main] DEBUG org.apache.http.headers - >> Accept: */*
14:49:37.165 [main] DEBUG org.apache.http.headers - >> Content-Type: application/json
14:49:37.165 [main] DEBUG org.apache.http.headers - >> Content-Length: 65
14:49:37.165 [main] DEBUG org.apache.http.headers - >> Host: altashop-api.fly.dev
14:49:37.165 [main] DEBUG org.apache.http.headers - >> Connection: Keep-Alive
14:49:37.165 [main] DEBUG org.apache.http.headers - >> User-Agent: Apache-HttpClient/4.5.13 (Java/11.0.15.1)
14:49:37.165 [main] DEBUG org.apache.http.headers - >> Accept-Encoding: gzip,deflate
14:49:37.165 [main] DEBUG org.apache.http.wire -  >> "{"password":"adit123","fullname":"adit","email":"adit@gmail.com"}"
14:49:37.187 [main] DEBUG org.apache.http.wire -  << "HTTP/1.1 400 Bad Request[\r][\n]"
14:49:37.188 [main] DEBUG org.apache.http.wire -  << "content-type: application/json[\r][\n]"
14:49:37.188 [main] DEBUG org.apache.http.wire -  << "date: Mon, 08 May 2023 07:49:36 GMT[\r][\n]"
14:49:37.188 [main] DEBUG org.apache.http.wire -  << "content-encoding: gzip[\r][\n]"
14:49:37.188 [main] DEBUG org.apache.http.wire -  << "transfer-encoding: chunked[\r][\n]"
14:49:37.188 [main] DEBUG org.apache.http.wire -  << "server: Fly/3f2597ca (2023-05-03)[\r][\n]"
14:49:37.188 [main] DEBUG org.apache.http.wire -  << "via: 1.1 fly.io[\r][\n]"
14:49:37.188 [main] DEBUG org.apache.http.wire -  << "fly-request-id: 01GZX5CQ0SMXD7BBA4RPDTJTEM-sin[\r][\n]"
14:49:37.188 [main] DEBUG org.apache.http.wire -  << "[\r][\n]"
14:49:37.188 [main] DEBUG org.apache.http.impl.conn.DefaultClientConnection - Receiving response: HTTP/1.1 400 Bad Request
14:49:37.188 [main] DEBUG org.apache.http.headers - << HTTP/1.1 400 Bad Request
14:49:37.188 [main] DEBUG org.apache.http.headers - << content-type: application/json
14:49:37.188 [main] DEBUG org.apache.http.headers - << date: Mon, 08 May 2023 07:49:36 GMT
14:49:37.188 [main] DEBUG org.apache.http.headers - << content-encoding: gzip
14:49:37.188 [main] DEBUG org.apache.http.headers - << transfer-encoding: chunked
14:49:37.188 [main] DEBUG org.apache.http.headers - << server: Fly/3f2597ca (2023-05-03)
14:49:37.188 [main] DEBUG org.apache.http.headers - << via: 1.1 fly.io
14:49:37.188 [main] DEBUG org.apache.http.headers - << fly-request-id: 01GZX5CQ0SMXD7BBA4RPDTJTEM-sin
14:49:37.188 [main] DEBUG org.apache.http.impl.client.DefaultHttpClient - Connection can be kept alive indefinitely
14:49:37.188 [main] DEBUG io.restassured.internal.RestAssuredHttpBuilder - Parsing response as: application/json
14:49:37.188 [main] DEBUG org.apache.http.wire -  << "7B[\r][\n]"
14:49:37.188 [main] DEBUG org.apache.http.wire -  << "[0x1f][0x8b][0x8][0x0][0x0][0x0][0x0][0x0][0x4][0xff][0xab]VJ-*[0xca]/R[0xb2]Rr[\r][\n]"
14:49:37.188 [main] DEBUG org.apache.http.wire -  << "[0xf2][0xf][0xb2]RH)-[0xc8][0xc9]LN,IU[0xc8]N[0xad]T(K[0xcc])MU([0xcb][0xcc][0xcf]I,I-V([0xcd][0xcb],,MUH[0xce][0xcf]+.)J[0xcc][0xcc]+Q[0x88]Q*-N-*[0x8e]O[0xcd]M[0xcc][0xcc][0x89][0xcf]N[0xad][0x8c]QR[0xd0][0x8][0xe][0xf4][0x9][0xe]q[0xc]qU02650[0xd5]T[0xaa][0xe5][0x2][0x0][0x1a]G[0x13]pg[0x0][0x0][0x0]"
14:49:37.188 [main] DEBUG org.apache.http.wire -  << "[\r][\n]"
14:49:37.189 [main] DEBUG org.apache.http.wire -  << "0[\r][\n]"
14:49:37.189 [main] DEBUG org.apache.http.wire -  << "[\r][\n]"
14:49:37.189 [main] DEBUG io.restassured.internal.RestAssuredHttpBuilder - Parsed data to instance of: class org.apache.http.conn.EofSensorInputStream
14:49:37.189 [main] DEBUG org.apache.http.impl.conn.BasicClientConnectionManager - Releasing connection org.apache.http.impl.conn.ManagedClientConnectionImpl@378c48c1
14:49:37.189 [main] DEBUG org.apache.http.impl.conn.BasicClientConnectionManager - Connection can be kept alive indefinitely
14:49:37.190 [main] DEBUG net.thucydides.core.steps.StepInterceptor - STEP DONE: I send POST HTTP request register5
  &amp#27;[32mWhen &amp#27;[0m&amp#27;[32mI send POST HTTP request register5&amp#27;[0m              &amp#27;[90m# starter.stepdefinitions.RegisterSteps.sendPostHttpRequest5()&amp#27;[0m
14:49:37.192 [main] DEBUG net.thucydides.core.steps.StepInterceptor - STARTING STEP: RegisterSteps.receiveValidHttp400Register - I receive valid HTTP response code 400 register
14:49:37.192 [main] DEBUG net.thucydides.core.steps.StepInterceptor - STEP DONE: I receive valid HTTP response code 400 register
  &amp#27;[32mThen &amp#27;[0m&amp#27;[32mI receive valid HTTP response code 400 register&amp#27;[0m &amp#27;[90m# starter.stepdefinitions.RegisterSteps.receiveValidHttp400Register()&amp#27;[0m
14:49:37.194 [main] INFO  - 
  _____   ___   ___   _____     ___     _     ___   ___   ___   ___  
 |_   _| | __| / __| |_   _|   | _ \   /_\   / __| / __| | __| |   \ 
   | |   | _|  \__ \   | |     |  _/  / _ \  \__ \ \__ \ | _|  | |) |
   |_|   |___| |___/   |_|     |_|   /_/ \_\ |___/ |___/ |___| |___/ 

POST - Register with existed account
----------------------------------------------------------------------
]]></system-out>
  </testcase>
  <testcase name="POST - Login with valid credential" classname="Login" time="0.104">
    <system-out><![CDATA[14:49:37.194 [main] DEBUG io.cucumber.core.plugin.SerenityReporter - Running feature from file:///E:/APIMinpro/API/minpro/src/test/resources/features/2.%20Login.feature
14:49:37.196 [main] DEBUG net.thucydides.core.steps.StepEventBus - Test suite started for story net.thucydides.core.model.Story@86b1dd01
14:49:37.197 [main] INFO  - Test Suite Started: Login

Scenario: POST - Login with valid credential        &amp#27;[90m# src/test/resources/features/2. Login.feature:7&amp#27;[0m
14:49:37.203 [main] DEBUG io.cucumber.core.plugin.SerenityReporter - Running feature from file:///E:/APIMinpro/API/minpro/src/test/resources/features/2.%20Login.feature
14:49:37.204 [main] INFO  - 
  _____   ___   ___   _____     ___   _____     _     ___   _____   ___   ___  
 |_   _| | __| / __| |_   _|   / __| |_   _|   /_\   | _ \ |_   _| | __| |   \ 
   | |   | _|  \__ \   | |     \__ \   | |    / _ \  |   /   | |   | _|  | |) |
   |_|   |___| |___/   |_|     |___/   |_|   /_/ \_\ |_|_\   |_|   |___| |___/ 

POST - Login with valid credential(login;post---login-with-valid-credential)
--------------------------------------------------------------------------------
14:49:37.217 [main] DEBUG net.thucydides.core.steps.StepInterceptor - STARTING STEP: LoginSteps.setPostApiEndpointsLogin - I set POST api endpoints login
14:49:37.217 [main] DEBUG net.thucydides.core.steps.StepInterceptor - STEP DONE: I set POST api endpoints login
  &amp#27;[32mGiven &amp#27;[0m&amp#27;[32mI set POST api endpoints login&amp#27;[0m              &amp#27;[90m# starter.stepdefinitions.LoginSteps.setPostApiEndpointsLogin()&amp#27;[0m
14:49:37.220 [main] DEBUG net.thucydides.core.steps.StepInterceptor - STARTING STEP: LoginSteps.sendPostHttpRequestLogin - I send POST HTTP request login
14:49:37.221 [main] DEBUG net.thucydides.core.steps.StepInterceptor - STARTING STEP: Login.sendPostHttpRequestLogin - I set POST api endpoints login
14:49:37.221 [main] DEBUG net.thucydides.core.steps.StepInterceptor - STEP DONE: I set POST api endpoints login
14:49:37.231 [main] DEBUG org.apache.http.impl.conn.BasicClientConnectionManager - Get connection for route {s}->https://altashop-api.fly.dev:443
14:49:37.231 [main] DEBUG org.apache.http.impl.conn.DefaultClientConnectionOperator - Connecting to altashop-api.fly.dev:443
14:49:37.273 [main] DEBUG org.apache.http.client.protocol.RequestAddCookies - CookieSpec selected: ignoreCookies
14:49:37.274 [main] DEBUG org.apache.http.client.protocol.RequestAuthCache - Auth cache not set in the context
14:49:37.274 [main] DEBUG org.apache.http.client.protocol.RequestTargetAuthentication - Target auth state: UNCHALLENGED
14:49:37.274 [main] DEBUG org.apache.http.client.protocol.RequestProxyAuthentication - Proxy auth state: UNCHALLENGED
14:49:37.274 [main] DEBUG org.apache.http.impl.client.DefaultHttpClient - Attempt 1 to execute request
14:49:37.274 [main] DEBUG org.apache.http.impl.conn.DefaultClientConnection - Sending request: POST /api/auth/login HTTP/1.1
14:49:37.274 [main] DEBUG org.apache.http.wire -  >> "POST /api/auth/login HTTP/1.1[\r][\n]"
14:49:37.274 [main] DEBUG org.apache.http.wire -  >> "Accept: */*[\r][\n]"
14:49:37.274 [main] DEBUG org.apache.http.wire -  >> "Content-Type: application/json[\r][\n]"
14:49:37.274 [main] DEBUG org.apache.http.wire -  >> "Content-Length: 47[\r][\n]"
14:49:37.274 [main] DEBUG org.apache.http.wire -  >> "Host: altashop-api.fly.dev[\r][\n]"
14:49:37.274 [main] DEBUG org.apache.http.wire -  >> "Connection: Keep-Alive[\r][\n]"
14:49:37.274 [main] DEBUG org.apache.http.wire -  >> "User-Agent: Apache-HttpClient/4.5.13 (Java/11.0.15.1)[\r][\n]"
14:49:37.274 [main] DEBUG org.apache.http.wire -  >> "Accept-Encoding: gzip,deflate[\r][\n]"
14:49:37.274 [main] DEBUG org.apache.http.wire -  >> "[\r][\n]"
14:49:37.274 [main] DEBUG org.apache.http.headers - >> POST /api/auth/login HTTP/1.1
14:49:37.274 [main] DEBUG org.apache.http.headers - >> Accept: */*
14:49:37.274 [main] DEBUG org.apache.http.headers - >> Content-Type: application/json
14:49:37.274 [main] DEBUG org.apache.http.headers - >> Content-Length: 47
14:49:37.274 [main] DEBUG org.apache.http.headers - >> Host: altashop-api.fly.dev
14:49:37.274 [main] DEBUG org.apache.http.headers - >> Connection: Keep-Alive
14:49:37.274 [main] DEBUG org.apache.http.headers - >> User-Agent: Apache-HttpClient/4.5.13 (Java/11.0.15.1)
14:49:37.274 [main] DEBUG org.apache.http.headers - >> Accept-Encoding: gzip,deflate
14:49:37.274 [main] DEBUG org.apache.http.wire -  >> "{"password":"adit123","email":"adit@gmail.com"}"
14:49:37.295 [main] DEBUG org.apache.http.wire -  << "HTTP/1.1 200 OK[\r][\n]"
14:49:37.295 [main] DEBUG org.apache.http.wire -  << "content-type: application/json[\r][\n]"
14:49:37.295 [main] DEBUG org.apache.http.wire -  << "date: Mon, 08 May 2023 07:49:36 GMT[\r][\n]"
14:49:37.295 [main] DEBUG org.apache.http.wire -  << "content-encoding: gzip[\r][\n]"
14:49:37.295 [main] DEBUG org.apache.http.wire -  << "transfer-encoding: chunked[\r][\n]"
14:49:37.295 [main] DEBUG org.apache.http.wire -  << "server: Fly/3f2597ca (2023-05-03)[\r][\n]"
14:49:37.295 [main] DEBUG org.apache.http.wire -  << "via: 1.1 fly.io[\r][\n]"
14:49:37.295 [main] DEBUG org.apache.http.wire -  << "fly-request-id: 01GZX5CQ46CE6JK2G6R1N657B6-sin[\r][\n]"
14:49:37.295 [main] DEBUG org.apache.http.wire -  << "[\r][\n]"
14:49:37.295 [main] DEBUG org.apache.http.impl.conn.DefaultClientConnection - Receiving response: HTTP/1.1 200 OK
14:49:37.295 [main] DEBUG org.apache.http.headers - << HTTP/1.1 200 OK
14:49:37.295 [main] DEBUG org.apache.http.headers - << content-type: application/json
14:49:37.295 [main] DEBUG org.apache.http.headers - << date: Mon, 08 May 2023 07:49:36 GMT
14:49:37.295 [main] DEBUG org.apache.http.headers - << content-encoding: gzip
14:49:37.295 [main] DEBUG org.apache.http.headers - << transfer-encoding: chunked
14:49:37.295 [main] DEBUG org.apache.http.headers - << server: Fly/3f2597ca (2023-05-03)
14:49:37.295 [main] DEBUG org.apache.http.headers - << via: 1.1 fly.io
14:49:37.295 [main] DEBUG org.apache.http.headers - << fly-request-id: 01GZX5CQ46CE6JK2G6R1N657B6-sin
14:49:37.295 [main] DEBUG org.apache.http.impl.client.DefaultHttpClient - Connection can be kept alive indefinitely
14:49:37.295 [main] DEBUG io.restassured.internal.RestAssuredHttpBuilder - Parsing response as: application/json
14:49:37.295 [main] DEBUG org.apache.http.wire -  << "B5[\r][\n]"
14:49:37.295 [main] DEBUG org.apache.http.wire -  << "[0x1f][0x8b][0x8][0x0][0x0][0x0][0x0][0x0][0x4][0xff][0xab]VJI,IT[0xb2]RJ[0xad][0xf4][0xca]HrO[0xce][0xf4][0xcf][0xf4][0xf2][0xc][0xad][0xf2]4[0xf4][0xcb][0xf4],[0xf6][0xcc][0xb]2Mv[0xf6]4[0xf3][0xcc].[0x88][0x8]s[0xf6][0xb2][0xd4]K[0xad][0xf4]rO[0x9][0xaf](N[0xca]u+[0x89][\n]"
14:49:37.295 [main] DEBUG org.apache.http.wire -  << "[0x6]I[0xb8]e'F[0x4][0x99]F[0x6];[0xf9][0xa7][0x84][0xa7]TF[0x86]gdxf[0x96]g[0x6][0x85][0x1b]f$[0x86][0x97][0x83][0xc][0xcb][0x88]r[0xcf]1[0x8]tO)[0x89][0xc][0xcf])[0xf6][0xc9][0xf5]+K[\n]"
14:49:37.295 [main] DEBUG org.apache.http.wire -  << "[0xf6][0xb2][0xd4][0xb][0xf3]5[0xca]q[0xc][0xca][0xce][0xcd][0xcd][0xc9],5,[0x8]/[0xc9]6,[0xcd]H[0xb2][0xa8]2MsOt[0xcd])[0xf3]0[0xcc][0xf2][0xcc][0x8f][0xf4]57[\n]"
14:49:37.295 [main] DEBUG org.apache.http.wire -  << "I5NW[0xaa][0xe5][0x2][0x0]:[0xa7]R[0xe5][0xa5][0x0][0x0][0x0]"
14:49:37.295 [main] DEBUG org.apache.http.wire -  << "[\r][\n]"
14:49:37.295 [main] DEBUG org.apache.http.wire -  << "0[\r][\n]"
14:49:37.295 [main] DEBUG org.apache.http.wire -  << "[\r][\n]"
14:49:37.295 [main] DEBUG io.restassured.internal.RestAssuredHttpBuilder - Parsed data to instance of: class org.apache.http.conn.EofSensorInputStream
14:49:37.296 [main] DEBUG org.apache.http.impl.conn.BasicClientConnectionManager - Releasing connection org.apache.http.impl.conn.ManagedClientConnectionImpl@1eda309d
14:49:37.296 [main] DEBUG org.apache.http.impl.conn.BasicClientConnectionManager - Connection can be kept alive indefinitely
14:49:37.296 [main] DEBUG net.thucydides.core.steps.StepInterceptor - STEP DONE: I send POST HTTP request login
  &amp#27;[32mWhen &amp#27;[0m&amp#27;[32mI send POST HTTP request login&amp#27;[0m               &amp#27;[90m# starter.stepdefinitions.LoginSteps.sendPostHttpRequestLogin()&amp#27;[0m
14:49:37.299 [main] DEBUG net.thucydides.core.steps.StepInterceptor - STARTING STEP: LoginSteps.receiveValidHttp200Login - I receive valid HTTP response code 200 login
14:49:37.299 [main] DEBUG net.thucydides.core.steps.StepInterceptor - STEP DONE: I receive valid HTTP response code 200 login
  &amp#27;[32mThen &amp#27;[0m&amp#27;[32mI receive valid HTTP response code 200 login&amp#27;[0m &amp#27;[90m# starter.stepdefinitions.LoginSteps.receiveValidHttp200Login()&amp#27;[0m
14:49:37.300 [main] INFO  - 
  _____   ___   ___   _____     ___     _     ___   ___   ___   ___  
 |_   _| | __| / __| |_   _|   | _ \   /_\   / __| / __| | __| |   \ 
   | |   | _|  \__ \   | |     |  _/  / _ \  \__ \ \__ \ | _|  | |) |
   |_|   |___| |___/   |_|     |_|   /_/ \_\ |___/ |___/ |___| |___/ 

POST - Login with valid credential
----------------------------------------------------------------------
]]></system-out>
  </testcase>
  <testcase name="POST - Login wrong password" classname="Login" time="0.105">
    <system-out><![CDATA[
Scenario: POST - Login wrong password               &amp#27;[90m# src/test/resources/features/2. Login.feature:12&amp#27;[0m
14:49:37.306 [main] DEBUG io.cucumber.core.plugin.SerenityReporter - Running feature from file:///E:/APIMinpro/API/minpro/src/test/resources/features/2.%20Login.feature
14:49:37.307 [main] INFO  - 
  _____   ___   ___   _____     ___   _____     _     ___   _____   ___   ___  
 |_   _| | __| / __| |_   _|   / __| |_   _|   /_\   | _ \ |_   _| | __| |   \ 
   | |   | _|  \__ \   | |     \__ \   | |    / _ \  |   /   | |   | _|  | |) |
   |_|   |___| |___/   |_|     |___/   |_|   /_/ \_\ |_|_\   |_|   |___| |___/ 

POST - Login wrong password(login;post---login-wrong-password)
--------------------------------------------------------------------------------
14:49:37.315 [main] DEBUG net.thucydides.core.steps.StepInterceptor - STARTING STEP: LoginSteps.setPostApiEndpointsLogin - I set POST api endpoints login
14:49:37.315 [main] DEBUG net.thucydides.core.steps.StepInterceptor - STEP DONE: I set POST api endpoints login
  &amp#27;[32mGiven &amp#27;[0m&amp#27;[32mI set POST api endpoints login&amp#27;[0m              &amp#27;[90m# starter.stepdefinitions.LoginSteps.setPostApiEndpointsLogin()&amp#27;[0m
14:49:37.318 [main] DEBUG net.thucydides.core.steps.StepInterceptor - STARTING STEP: LoginSteps.sendPostHttpRequestLogin1 - I send POST HTTP request login1
14:49:37.320 [main] DEBUG net.thucydides.core.steps.StepInterceptor - STARTING STEP: Login.sendPostHttpRequestLogin1 - I set POST api endpoints login
14:49:37.320 [main] DEBUG net.thucydides.core.steps.StepInterceptor - STEP DONE: I set POST api endpoints login
14:49:37.331 [main] DEBUG org.apache.http.impl.conn.BasicClientConnectionManager - Get connection for route {s}->https://altashop-api.fly.dev:443
14:49:37.331 [main] DEBUG org.apache.http.impl.conn.DefaultClientConnectionOperator - Connecting to altashop-api.fly.dev:443
14:49:37.376 [main] DEBUG org.apache.http.client.protocol.RequestAddCookies - CookieSpec selected: ignoreCookies
14:49:37.376 [main] DEBUG org.apache.http.client.protocol.RequestAuthCache - Auth cache not set in the context
14:49:37.376 [main] DEBUG org.apache.http.client.protocol.RequestTargetAuthentication - Target auth state: UNCHALLENGED
14:49:37.376 [main] DEBUG org.apache.http.client.protocol.RequestProxyAuthentication - Proxy auth state: UNCHALLENGED
14:49:37.376 [main] DEBUG org.apache.http.impl.client.DefaultHttpClient - Attempt 1 to execute request
14:49:37.376 [main] DEBUG org.apache.http.impl.conn.DefaultClientConnection - Sending request: POST /api/auth/login HTTP/1.1
14:49:37.376 [main] DEBUG org.apache.http.wire -  >> "POST /api/auth/login HTTP/1.1[\r][\n]"
14:49:37.377 [main] DEBUG org.apache.http.wire -  >> "Accept: */*[\r][\n]"
14:49:37.377 [main] DEBUG org.apache.http.wire -  >> "Content-Type: application/json[\r][\n]"
14:49:37.377 [main] DEBUG org.apache.http.wire -  >> "Content-Length: 45[\r][\n]"
14:49:37.377 [main] DEBUG org.apache.http.wire -  >> "Host: altashop-api.fly.dev[\r][\n]"
14:49:37.377 [main] DEBUG org.apache.http.wire -  >> "Connection: Keep-Alive[\r][\n]"
14:49:37.377 [main] DEBUG org.apache.http.wire -  >> "User-Agent: Apache-HttpClient/4.5.13 (Java/11.0.15.1)[\r][\n]"
14:49:37.377 [main] DEBUG org.apache.http.wire -  >> "Accept-Encoding: gzip,deflate[\r][\n]"
14:49:37.377 [main] DEBUG org.apache.http.wire -  >> "[\r][\n]"
14:49:37.377 [main] DEBUG org.apache.http.headers - >> POST /api/auth/login HTTP/1.1
14:49:37.377 [main] DEBUG org.apache.http.headers - >> Accept: */*
14:49:37.377 [main] DEBUG org.apache.http.headers - >> Content-Type: application/json
14:49:37.377 [main] DEBUG org.apache.http.headers - >> Content-Length: 45
14:49:37.377 [main] DEBUG org.apache.http.headers - >> Host: altashop-api.fly.dev
14:49:37.377 [main] DEBUG org.apache.http.headers - >> Connection: Keep-Alive
14:49:37.377 [main] DEBUG org.apache.http.headers - >> User-Agent: Apache-HttpClient/4.5.13 (Java/11.0.15.1)
14:49:37.377 [main] DEBUG org.apache.http.headers - >> Accept-Encoding: gzip,deflate
14:49:37.377 [main] DEBUG org.apache.http.wire -  >> "{"password":"adit1","email":"adit@gmail.com"}"
14:49:37.397 [main] DEBUG org.apache.http.wire -  << "HTTP/1.1 400 Bad Request[\r][\n]"
14:49:37.397 [main] DEBUG org.apache.http.wire -  << "content-type: application/json[\r][\n]"
14:49:37.398 [main] DEBUG org.apache.http.wire -  << "date: Mon, 08 May 2023 07:49:36 GMT[\r][\n]"
14:49:37.398 [main] DEBUG org.apache.http.wire -  << "content-encoding: gzip[\r][\n]"
14:49:37.398 [main] DEBUG org.apache.http.wire -  << "transfer-encoding: chunked[\r][\n]"
14:49:37.398 [main] DEBUG org.apache.http.wire -  << "server: Fly/3f2597ca (2023-05-03)[\r][\n]"
14:49:37.398 [main] DEBUG org.apache.http.wire -  << "via: 1.1 fly.io[\r][\n]"
14:49:37.398 [main] DEBUG org.apache.http.wire -  << "fly-request-id: 01GZX5CQ7D6H9T1NHGQE89NA7X-sin[\r][\n]"
14:49:37.398 [main] DEBUG org.apache.http.wire -  << "[\r][\n]"
14:49:37.398 [main] DEBUG org.apache.http.impl.conn.DefaultClientConnection - Receiving response: HTTP/1.1 400 Bad Request
14:49:37.398 [main] DEBUG org.apache.http.headers - << HTTP/1.1 400 Bad Request
14:49:37.398 [main] DEBUG org.apache.http.headers - << content-type: application/json
14:49:37.398 [main] DEBUG org.apache.http.headers - << date: Mon, 08 May 2023 07:49:36 GMT
14:49:37.398 [main] DEBUG org.apache.http.headers - << content-encoding: gzip
14:49:37.398 [main] DEBUG org.apache.http.headers - << transfer-encoding: chunked
14:49:37.398 [main] DEBUG org.apache.http.headers - << server: Fly/3f2597ca (2023-05-03)
14:49:37.398 [main] DEBUG org.apache.http.headers - << via: 1.1 fly.io
14:49:37.398 [main] DEBUG org.apache.http.headers - << fly-request-id: 01GZX5CQ7D6H9T1NHGQE89NA7X-sin
14:49:37.398 [main] DEBUG org.apache.http.impl.client.DefaultHttpClient - Connection can be kept alive indefinitely
14:49:37.398 [main] DEBUG io.restassured.internal.RestAssuredHttpBuilder - Parsing response as: application/json
14:49:37.398 [main] DEBUG org.apache.http.wire -  << "3D[\r][\n]"
14:49:37.398 [main] DEBUG org.apache.http.wire -  << "[0x1f][0x8b][0x8][0x0][0x0][0x0][0x0][0x0][0x4][0xff][0xab]VJ-*[0xca]/R[0xb2]RJ[0xcd]M[0xcc][0xcc]Q[0xc8]/R(H,..[0xcf]/JQ[0xc8],V[0xc8][0xcc]+K[0xcc][0xc9]LQ[0xaa][0xe5][0x2][0x0][0xc0][0xad][0xff][0xb])[0x0][0x0][0x0]"
14:49:37.398 [main] DEBUG org.apache.http.wire -  << "[\r][\n]"
14:49:37.398 [main] DEBUG org.apache.http.wire -  << "0[\r][\n]"
14:49:37.398 [main] DEBUG org.apache.http.wire -  << "[\r][\n]"
14:49:37.398 [main] DEBUG io.restassured.internal.RestAssuredHttpBuilder - Parsed data to instance of: class org.apache.http.conn.EofSensorInputStream
14:49:37.399 [main] DEBUG org.apache.http.impl.conn.BasicClientConnectionManager - Releasing connection org.apache.http.impl.conn.ManagedClientConnectionImpl@33e4068
14:49:37.399 [main] DEBUG org.apache.http.impl.conn.BasicClientConnectionManager - Connection can be kept alive indefinitely
14:49:37.400 [main] DEBUG net.thucydides.core.steps.StepInterceptor - STEP DONE: I send POST HTTP request login1
  &amp#27;[32mWhen &amp#27;[0m&amp#27;[32mI send POST HTTP request login1&amp#27;[0m              &amp#27;[90m# starter.stepdefinitions.LoginSteps.sendPostHttpRequestLogin1()&amp#27;[0m
14:49:37.402 [main] DEBUG net.thucydides.core.steps.StepInterceptor - STARTING STEP: LoginSteps.receiveValidHttp400Login - I receive valid HTTP response code 400 login
14:49:37.404 [main] DEBUG net.thucydides.core.steps.StepInterceptor - STEP DONE: I receive valid HTTP response code 400 login
  &amp#27;[32mThen &amp#27;[0m&amp#27;[32mI receive valid HTTP response code 400 login&amp#27;[0m &amp#27;[90m# starter.stepdefinitions.LoginSteps.receiveValidHttp400Login()&amp#27;[0m
14:49:37.405 [main] INFO  - 
  _____   ___   ___   _____     ___     _     ___   ___   ___   ___  
 |_   _| | __| / __| |_   _|   | _ \   /_\   / __| / __| | __| |   \ 
   | |   | _|  \__ \   | |     |  _/  / _ \  \__ \ \__ \ | _|  | |) |
   |_|   |___| |___/   |_|     |_|   /_/ \_\ |___/ |___/ |___| |___/ 

POST - Login wrong password
----------------------------------------------------------------------
]]></system-out>
  </testcase>
  <testcase name="POST - Login with empty email" classname="Login" time="0.094">
    <system-out><![CDATA[
Scenario: POST - Login with empty email             &amp#27;[90m# src/test/resources/features/2. Login.feature:17&amp#27;[0m
14:49:37.409 [main] DEBUG io.cucumber.core.plugin.SerenityReporter - Running feature from file:///E:/APIMinpro/API/minpro/src/test/resources/features/2.%20Login.feature
14:49:37.411 [main] INFO  - 
  _____   ___   ___   _____     ___   _____     _     ___   _____   ___   ___  
 |_   _| | __| / __| |_   _|   / __| |_   _|   /_\   | _ \ |_   _| | __| |   \ 
   | |   | _|  \__ \   | |     \__ \   | |    / _ \  |   /   | |   | _|  | |) |
   |_|   |___| |___/   |_|     |___/   |_|   /_/ \_\ |_|_\   |_|   |___| |___/ 

POST - Login with empty email(login;post---login-with-empty-email)
--------------------------------------------------------------------------------
14:49:37.417 [main] DEBUG net.thucydides.core.steps.StepInterceptor - STARTING STEP: LoginSteps.setPostApiEndpointsLogin - I set POST api endpoints login
14:49:37.417 [main] DEBUG net.thucydides.core.steps.StepInterceptor - STEP DONE: I set POST api endpoints login
  &amp#27;[32mGiven &amp#27;[0m&amp#27;[32mI set POST api endpoints login&amp#27;[0m              &amp#27;[90m# starter.stepdefinitions.LoginSteps.setPostApiEndpointsLogin()&amp#27;[0m
14:49:37.419 [main] DEBUG net.thucydides.core.steps.StepInterceptor - STARTING STEP: LoginSteps.sendPostHttpRequestLogin2 - I send POST HTTP request login2
14:49:37.420 [main] DEBUG net.thucydides.core.steps.StepInterceptor - STARTING STEP: Login.sendPostHttpRequestLogin2 - I set POST api endpoints login
14:49:37.421 [main] DEBUG net.thucydides.core.steps.StepInterceptor - STEP DONE: I set POST api endpoints login
14:49:37.430 [main] DEBUG org.apache.http.impl.conn.BasicClientConnectionManager - Get connection for route {s}->https://altashop-api.fly.dev:443
14:49:37.431 [main] DEBUG org.apache.http.impl.conn.DefaultClientConnectionOperator - Connecting to altashop-api.fly.dev:443
14:49:37.473 [main] DEBUG org.apache.http.client.protocol.RequestAddCookies - CookieSpec selected: ignoreCookies
14:49:37.473 [main] DEBUG org.apache.http.client.protocol.RequestAuthCache - Auth cache not set in the context
14:49:37.473 [main] DEBUG org.apache.http.client.protocol.RequestTargetAuthentication - Target auth state: UNCHALLENGED
14:49:37.473 [main] DEBUG org.apache.http.client.protocol.RequestProxyAuthentication - Proxy auth state: UNCHALLENGED
14:49:37.473 [main] DEBUG org.apache.http.impl.client.DefaultHttpClient - Attempt 1 to execute request
14:49:37.473 [main] DEBUG org.apache.http.impl.conn.DefaultClientConnection - Sending request: POST /api/auth/login HTTP/1.1
14:49:37.473 [main] DEBUG org.apache.http.wire -  >> "POST /api/auth/login HTTP/1.1[\r][\n]"
14:49:37.473 [main] DEBUG org.apache.http.wire -  >> "Accept: */*[\r][\n]"
14:49:37.473 [main] DEBUG org.apache.http.wire -  >> "Content-Type: application/json[\r][\n]"
14:49:37.473 [main] DEBUG org.apache.http.wire -  >> "Content-Length: 34[\r][\n]"
14:49:37.473 [main] DEBUG org.apache.http.wire -  >> "Host: altashop-api.fly.dev[\r][\n]"
14:49:37.473 [main] DEBUG org.apache.http.wire -  >> "Connection: Keep-Alive[\r][\n]"
14:49:37.473 [main] DEBUG org.apache.http.wire -  >> "User-Agent: Apache-HttpClient/4.5.13 (Java/11.0.15.1)[\r][\n]"
14:49:37.473 [main] DEBUG org.apache.http.wire -  >> "Accept-Encoding: gzip,deflate[\r][\n]"
14:49:37.473 [main] DEBUG org.apache.http.wire -  >> "[\r][\n]"
14:49:37.473 [main] DEBUG org.apache.http.headers - >> POST /api/auth/login HTTP/1.1
14:49:37.473 [main] DEBUG org.apache.http.headers - >> Accept: */*
14:49:37.473 [main] DEBUG org.apache.http.headers - >> Content-Type: application/json
14:49:37.473 [main] DEBUG org.apache.http.headers - >> Content-Length: 34
14:49:37.473 [main] DEBUG org.apache.http.headers - >> Host: altashop-api.fly.dev
14:49:37.473 [main] DEBUG org.apache.http.headers - >> Connection: Keep-Alive
14:49:37.473 [main] DEBUG org.apache.http.headers - >> User-Agent: Apache-HttpClient/4.5.13 (Java/11.0.15.1)
14:49:37.473 [main] DEBUG org.apache.http.headers - >> Accept-Encoding: gzip,deflate
14:49:37.473 [main] DEBUG org.apache.http.wire -  >> "{"password":"adit123","email":" "}"
14:49:37.493 [main] DEBUG org.apache.http.wire -  << "HTTP/1.1 400 Bad Request[\r][\n]"
14:49:37.493 [main] DEBUG org.apache.http.wire -  << "content-type: application/json[\r][\n]"
[...]
14:49:40.628 [main] DEBUG org.apache.http.wire -  << "via: 1.1 fly.io[\r][\n]"
14:49:40.628 [main] DEBUG org.apache.http.wire -  << "fly-request-id: 01GZX5CTC7J61QY47TSDBF0J0A-sin[\r][\n]"
14:49:40.628 [main] DEBUG org.apache.http.wire -  << "[\r][\n]"
14:49:40.628 [main] DEBUG org.apache.http.impl.conn.DefaultClientConnection - Receiving response: HTTP/1.1 200 OK
14:49:40.628 [main] DEBUG org.apache.http.headers - << HTTP/1.1 200 OK
14:49:40.628 [main] DEBUG org.apache.http.headers - << content-type: application/json
14:49:40.628 [main] DEBUG org.apache.http.headers - << date: Mon, 08 May 2023 07:49:39 GMT
14:49:40.628 [main] DEBUG org.apache.http.headers - << transfer-encoding: chunked
14:49:40.628 [main] DEBUG org.apache.http.headers - << content-encoding: gzip
14:49:40.628 [main] DEBUG org.apache.http.headers - << server: Fly/3f2597ca (2023-05-03)
14:49:40.628 [main] DEBUG org.apache.http.headers - << via: 1.1 fly.io
14:49:40.628 [main] DEBUG org.apache.http.headers - << fly-request-id: 01GZX5CTC7J61QY47TSDBF0J0A-sin
14:49:40.628 [main] DEBUG org.apache.http.impl.client.DefaultHttpClient - Connection can be kept alive indefinitely
14:49:40.628 [main] DEBUG io.restassured.internal.RestAssuredHttpBuilder - Parsing response as: application/json
14:49:40.628 [main] DEBUG org.apache.http.wire -  << "153[\r][\n]"
14:49:40.628 [main] DEBUG org.apache.http.wire -  << "[0x1f][0x8b][0x8][0x0][0x0][0x0][0x0][0x0][0x4][0xff][0xaa]VJI,IT[0xb2][0x8a][0xae]V[0xf2]tQ[0xb2]24056[0xd6]Qr[0xce][0xcf]+I[0xcd]+Q[0xb2]Rr[0xcc][0xc9]L,V[0xc8]LQH[0xc9],.[0xc9][0xcc]K.[0xc9][0xcc]W(N-,[0xcd]T(K-[0xca],I,[0xc9],[0xd6]S[0xd2]Q[\n]"
14:49:40.629 [main] DEBUG org.apache.http.wire -  << "-N-R[0xb2][0xca]+[0xcd][0xc9][0xd1]Q[\n]"
14:49:40.629 [main] DEBUG org.apache.http.wire -  << "([0xca]O)M.[0x81]q[0x9d][0xf3]ss[0xc1]f[0x81]dku[0x10][0xf6][0x98] [0xdb][0xe3][0x9c][0x9f][0x7]26[0xb1][0xa4][0xb4]H!'[0xb1]4%1[0xaf]$[0xb3]4W!7?'[0xb5][0xb8]$31U!1E![0xb5][0x84]\[0xab]L[0x91][0xad]*[0xc9]HUHO[0xcc]M-VH,JUH/JM,Q[0xc8][0xcc]K[0xce])M[0xc9][0xcc]KWp/J[0xcc]S[0x8])-[0xca],[0xce][0xcd]W0WH*-Q(NL[0xc9][0xa9]Tp[0xf]1Q[0xc8],V[0xc8]-M[0xce]PHJ-)I-"[0xd3][0xdf][0xe6][0x83][0xc9]1[0x16][0x83][0xc8]1&[0x6][0x83][0xc9]1[0x86][0x83][0xc9]1F[0xc8][0x8e][0xc9]T/)Vp+[0xca]LI[0xac]$/[0x9][0x9a][0xa0]d[0xf1][0x1][0xce][0xf]&[0x83])s[0x9a][0xa1][0x14]J[0x14][0x7][0xb4][0xd9]`[0xf2][0x9b][0xf9]`[0xca]^[0xe6][0x83])[0x9][0x9a][0xf][0xa6]h[0xb2][0xb0]D[0xce][0xeb][0x3][0x9c]9-[0x7]Q)hf0[0x88][0x12][0xb0][0x99][0xc1] [0x8a]&3c[0x94][0xfa][0x81][0xf6]i[0x6][0x0][0x0][0x0][0xff][0xff]"
14:49:40.629 [main] DEBUG org.apache.http.wire -  << "[\r][\n]"
14:49:40.629 [main] DEBUG org.apache.http.wire -  << "2F8[\r][\n]"
14:49:40.629 [main] DEBUG org.apache.http.wire -  << "[0x2][0xb7][0xf3]p4[0xec][0xcc][0xcc][0x6]S4[0x99][\r][0xa6][0x4]l<[0x88][0xca][0x19]3S[0x14][0xc7]PZ[0xd5][0x99][0x99][0x9a]![0x17][[0x94][0x1b][0x87][0xd2]Jv-QH-QH[0xad]HN-()-[0xca]T(,ML-J,Q[0xc8][0xcb][0xcc][0xc8][0xcc]Q[0xc8]O[0xc9],[0x81][0xb][0x81]z[0x11][0x99][0xe4][0xf5][0x13][0xcc]L[0x7]Qk[0xd8][0xcc]t0[0x15]0[0xa8][0xf5][0x80][0x9e][0x9e][0x9e]B[0xa2]Bnf^[0x8a]B^jjJ[0xb1]BR~~v[0xb1]Bb[0xb1]B[0xa2]Bqy~[0x11]L8Q[0xa1]<#[0xb5][0xa4][0xb8]$?/UG!3M![0xb3][0x4][0xd4][0x83]*[0xc9]W[0xc8]NM-P[0xc8],)VHMIO%3[0xb2],Q[0xca][0xbc][0xf0][0xcc][0xbc][0x92][0xd4]"[0x90][0xf1][0xc9][0xf9][0xb9][0x99]y[0xe9][0xe4][0x1a]J[0xdd]Tl[0x89][0x92][0x8a][0x1d][0xf3]R[0x14][0x8a][0xf3][0x15]2R[0x15][0x8a][0xb][0xf2][0xb3]Su[0x14][0x12][0xd1][0x5]J2[0x12]K[0x14]|@[0x1][0x98][0x9f][0xa6][0xe0][0x9c]X\[0x92][0x98][0x9b]Z[0x94][0xaa][0x3][0xee][0x85][0xe6][0xe5][0x97]+[0x80]J[0xf6][0xa2][0xc4][0xcc][0xbc]b[0x85]rP[0x8][0xe6][0xab][0xa7][0x16])dd[0x16]+d$[0xe6][0xe4][0xe8]([0x94]g[0x96]d([0xe4][0xe5]+[0xe4][0xe7][0xa5][0x82]T[0x16][0xa5]*[0x94][0x80]lK,[0xd2]S[0x88]L-[0xd6]Q l[0x2][0xc8]Ay[0xf9]%[0xa0]h[0xcc]/[0xcd][0x81]k'[0xab][0x97]af[0x89][0x92][0x80][0xa9][0x13]A[0xe6][0xa8]m[0x0]P[0x88]z*d$[0x96][0xa5]*$*[0x94][0xa4][0xe6][0xa5][0xa4][0x16][0x81][0xc2][0x16][0xd4][0x9f]W[0xc8][0xad]T[0xc8]HM,*QH[0xcb]/RH.[0xca],([0xc8][0x1]u[0xf9][0xf3]R[0x14][0x92]@[0x1][[0x94]R[0xc][0xe][0xff][0xa4][0xa2][0xfc][0xec][0xd4]<[0x85][0x92][0x8c][0xcc][0xbc]t2[0x87]2[0xcc][\r]P*[0x99][0x90][0x8c]T[0x5][0xbf][0xfc][0xa2][0x92][0xc][0x85][0xa2][0xd4][0xdc][0xd4][0xdc][0xa4][0xd4]"r[0xcd]5D)[0xa2]A[0x91]?p[0xe3][0x16][0xe6][0x86]([0xd1]9[0xc0][0x8e]1A[0xc9][0xfc][0x3][0xed][0x18][0x94]N[0xe3]@;[0x6][0xa5][0x4][0x1b]h[0xc7][0xc][0xa2][\n]"
14:49:40.629 [main] DEBUG org.apache.http.wire -  << "[0xd5][0xdc]t[0x10][0xb5]K[0xcd]M[0x7]S[0x2]6[0x1d]D[0x9d]qs[0xd3][0xc1][0x94][0x9b]P[0x1b][0xc9][0x3][0x9c][0x9b]P[0x9b][0xd8][0x3][0xed][0x18][0x94][0xa6][0xcd]@;f0[0xd5]M[0x83][0xa9][0xff]kn6[0x98][0xca][0x19][0xb3][0xc1]T[0xce][0xa0][0xe][0xf5][0xe]p[0x2]6[0x1b]L[0xb5][0xb6][0xd9]`[0xaa][0xb5][0x7][0xd3][0xa8][0xb5]9[0xea][0xa8][0xb5]Obiz[0x6][0xb4][0xd7]Y[0x90][0x9f]Y[0x9c][0x9f][0x7][0xea]1[0xa5][0xa5]&[0x16][0x91][0xd7][0xfb]4[0x1f]L[0xe3][0xd0][0xe6][0xe6](I211[0x91][0xac]^[0xa0][0xb9][0xf9]`[0xaa]',P[0x9a][0x80][0xc1]%[0xa5][0x5][0xa9]i[0xe4][0xcd][0xa1][0x99][[0xa0][0xf5][0xf9]JA[0x9d][0xcf][0xa4][0xcc][0xa2][0x14][0xf2][0x82][0xc9][0x2][0xa5][0x9c][0xe]J,K[0xcd]K[0xce]I,'[0xd3]0[0x94]r[0xd6][0xbd][0xa8]2--3/%[0x9f][0xbc][0x9]ks[0x8b][0xc1][0xd4] [0xb3]@I[0x95][0x3]\j[[0xc][0xa6][0x82][0xd2][0x12]%m[0xf]p[0xc8][0xa0][0x8e][0x17][0xe][0xb4]c[0x6]Q[0xeb][0xd0][0xc2][0x0]%[0xa3][0xf]l[0xc8]X[0x18][0xc][0xa2][0xac]ma0[0x88]F[0xbb],[0xc][0x6]Q[0xb5]ea8[0x88][0xb2][0xb6][0x85]!J[0xc5]7[0xc0][0x9][0xd8]p0[0xe5]&[0xc3][0xc1][0x94][0x9b][0x6][0xd3][0xd8][0xb1][0x85][0xe1][0xa0][0xca]M[0x83][0xa9]:0[0x1a]L[0xb9][0xc9][0x8]%[0x9a][0x2]J[0xb3][0xcb]KS[0xd2]3S1[0x1b][0xa1][0x0][0x0][0x0][0x0][0xff][0xff]"
14:49:40.629 [main] DEBUG org.apache.http.wire -  << "[\r][\n]"
14:49:40.629 [main] DEBUG org.apache.http.wire -  << "300[\r][\n]"
14:49:40.629 [main] DEBUG org.apache.http.wire -  << ""b}[0xa7][0x85][0xd1] j[0x1c]Y[0x18][0xf][0xa6][0x12]t0[0xad][0xd6][0xb0]0[0x1e]L[0x85][0x96][0xf1] j[0xdd][[0x18][0xf][0xa6][0x4]<[0x98][0xd6][0xc6]Z[0xc][0xa6][0xd9]7[0xb][0x93][0xc1][0x94][0x80]M[0x6]S[0x2]6[0x19]L[0x9]x0[0xcd][0xbe]Y[0xc][0xa6][0xd9]7[0x8b][0xc1]4[0xe1]e1[0x98][0xe6][0x98],[0x6][0xd3]z,[0x8b][0xc1][0xb4][0x1e][0xcb]b0[0xcd][0xa4]X[0x98][0xa1]4[0x1b][0x7][0xb8]Gh6[0x98]Z[0xf7][0xe6][0x83][0xa9]u[0x8f]:y1[0xc0][0xd1]d>[0x98]j[0xed][0xc1]4[0xef]b1[0x98]&L,[0xcc][0x7]SnB[0x9d]r[0x19][0xe0][0x4]l[0x81]2[0xc7]2[0xd0][0x8e][0x19]LC[0xa7][0x16][0x83][0xa9]:[0x18]L[0xbb]i,[0x6][0xd3][0xac][0x88][0x5][0xea][0xfa]i[0xff][0xe4][0xe4][0xc4][0xd4][0xe4][0xc4][0x92]L[0x85][0xd4][0xc4]"[0x94][0x8d][0xb7][0x85][0xa5][0x99][0x89][\n]"
14:49:40.629 [main] DEBUG org.apache.http.wire -  << "e[0xf9]9[0xa5][0x5]%[0x89][0xc5][\n]"
14:49:40.629 [main] DEBUG org.apache.http.wire -  << "`[0x1e]h[0xfb]o^jn>y[0xd3][0xdc][0x16][0x96][0x83][0xa9][0xec][0xb7][0x1c]L[0x9d]$[0xd4]%[0xd3][0x3][[0xa8]X[0xa2].[0xb5][0x1e]h[0xc7][0xc][0xa2][0x96][0x94][0xa5][0xc1] *[0xfb]-[\r][0x6]Q[0x2][0xb6][0x1c]L3U[0x96][0x83]i[0xc5][0xba][0xa5][0xd1] [0x1a][0x81][0xb6][0x1c]L[0xb3][0xe][0x96]F[0x83]h[0xe][0xcf][0xd2]h0em[0xa3]ATQZ[0x1a][\r][0xa2]6[0xa6][0xa5][0xd1] [0x1a]g[0xb5]D[0x9d]6[0x1b][0xe0][0x8a]r0M[0xbb]Y[0x1a][0xf][0xa6]Z{0M[0xbb]Y[0xe][0xa6][0xad][0xc0][0x96][0xc6][0x83][0xa8][0xc7]f9[0x98][0xa6][0xdd],[0x7][0xd3]I)[0x96][0x83]i[0xa6][0xcb]r0[0x1d][0xdb]b9[0x98][0xa6][0xdd],M[0x6]Sn[0x1a]Ls[0x80][0x96]&[0x83]h4[0xd1]r0MHZ[0x9a][0xe][0xa6][0x8a]r0[0xcd][0x8e]Z[0xe][0xa6][0xbd][0x89][0x96][0x83]i[0xaa][0xd6]r0[0xed]M[0xb4][0x1c]L[0xf3][0xc6][0x96][0xa6][0x83][0xa9][0x4][0x1e]L[0x93][0xd8][0x96][0x83]i[0x12][0xdb]r0m[0x94][0xb4]D[0xdd][0x81][0x17][0x9e][0x98][PZL[0xd6][0xc2]G[0xcb][0xc1]4[0x1d]n[0x89][0xba][0x97]/8[0xa7][0xb2]$#[0xb5](3[0x8f]L[0x9f]Q[0xab][0xfe]N,.[0x5][0x1d][0xd5]B[0xe9]Y[0x9a][0x96][0x83]is[0xa0]%[0xea][0xe6][0xb2][0x1][0x1e][0x6]@[0x9d][0xf7][0xa2]([0xde][\r][\r][0xc][0x6][0xcf]h[0x8b][0xa1][0xc1] [0xda]`h0[0x88][0xf6][0x1f][0x18][0x1a][0xc][0xa2][0xfd][0x7][0x86][0x6][0x86][0x83])[0xcd][0xa0][0xe][0x17]R[0xb4][0xbb][0xd2][0xd0]`[0x10]m[\r]240[0x1c]<[0xe3][0xd5][0x86][0x6][0x83]h[0xec][0xd1][0xd0][0xc0][0x8][0xa5][0xb2][0xca]I-([0xc9]/P[0xc8]--J[0xcc] [0xa7][0xf2]34[0x18]D[0x8b][0x9e][\r][\r][0x6][0xd1][0xb8][0x94][0xa1][0xc1] [0x1a][0x97]24[0x18]D[0xe3]R[0x86][0x6][0x83]h\[0xca][0xd0]`[0x10][0x8d]K[0x19][0x1a][0xc][0xa2]q)C[0x83]A4.eh0[0x88][0xc6][0xa5][0xc][\r][0x6][0xd1][0xb8][0x94][0xa1][0xc1] [0x1a][0x97]24[0x18]D[0xa3]/[0x86][0x6][0x83]h[0x8c][0xc1][0xd0]`[0x10][0x1d]znh0[0x88]z[0x88][0x86][0x6][0x83]h9[0xb8][0xa1][0x81][0xf9][0xe0]Yvah0[0x88][0xd6][0xa6][0x1b][0x1a][0xa0][0x9e]|3[0xa0][0x1d]yC[0x83]A[0xb4][0x1c][0xdc][0xd0][0xc0][0x1c]e[0xad][0x99]cIai*[0xe4][0xf4][0xe5][0xd4][0x8a][0xd4][0xa2]d[0xf0]u0[0xf9]y[0xa9][0xb9][\n]"
14:49:40.629 [main] DEBUG org.apache.http.wire -  << "[0xa9][0x89][\n]"
14:49:40.629 [main] DEBUG org.apache.http.wire -  << "[0xa5]%[\n]"
14:49:40.629 [main] DEBUG org.apache.http.wire -  << "%[0xa9][0xb9][0x5][0xf9]E[0x99]I[0xa5][0xc5][\n]"
14:49:40.629 [main] DEBUG org.apache.http.wire -  << "[0x99]y[\n]"
14:49:40.629 [main] DEBUG org.apache.http.wire -  << "[0xc5][0xa5][0xc5][0xc9][0x99][0x5][0x99][0xe4][0xdd][0xe1]bh0[0x88]V[0xa2][0x1b][0x1a][0xc][0xa2][0xa1][0x1e]C[0x83]At$[0x8e][0xa1][0xc1] Z[0xfc]mh0[0x88][0xce][0xe7]14[0x18]D[0xe7][0xf3][0x18][0x1a]XR6l[0x0][0x0][0x0][0x0][0xff][0xff]"
14:49:40.629 [main] DEBUG org.apache.http.wire -  << "[\r][\n]"
14:49:40.629 [main] DEBUG org.apache.http.wire -  << "44[\r][\n]"
14:49:40.629 [main] DEBUG org.apache.http.wire -  << "[0xa2][0xe6][0x8d]H[0x86][0x6][0x83]h[0xd5][0xb3][0xa1][0xc1] Z[0xa3]oh[0x80][0xba]F[0x80]k[0xa2]A[0xb4]l[0xdf][0xd0][0xc0]r0[\r]/[0xa2][0x1e][0xf3]>[0xd0][0xd1][0x84]RG[0xf][0xac]c[0xc][0x7][0xd1][0x1e][0x2]CC[0xd4]c[0xda][0x7]$dbk[0xb9][0x0][0x0][0x0][0x0][0xff][0xff]"
14:49:40.629 [main] DEBUG org.apache.http.wire -  << "[\r][\n]"
14:49:40.629 [main] DEBUG org.apache.http.wire -  << "A[\r][\n]"
14:49:40.629 [main] DEBUG org.apache.http.wire -  << "[0x3][0x0]IJ[0xdd]ro[0x0][0x0]"
14:49:40.629 [main] DEBUG org.apache.http.wire -  << "[\r][\n]"
14:49:40.629 [main] DEBUG org.apache.http.wire -  << "0[\r][\n]"
14:49:40.629 [main] DEBUG org.apache.http.wire -  << "[\r][\n]"
14:49:40.629 [main] DEBUG io.restassured.internal.RestAssuredHttpBuilder - Parsed data to instance of: class org.apache.http.conn.EofSensorInputStream
14:49:40.630 [main] DEBUG org.apache.http.impl.conn.BasicClientConnectionManager - Releasing connection org.apache.http.impl.conn.ManagedClientConnectionImpl@7af2ee23
14:49:40.630 [main] DEBUG org.apache.http.impl.conn.BasicClientConnectionManager - Connection can be kept alive indefinitely
14:49:40.633 [main] DEBUG net.thucydides.core.steps.StepInterceptor - STEP DONE: I send GET HTTP request comment
  &amp#27;[32mWhen &amp#27;[0m&amp#27;[32mI send GET HTTP request comment&amp#27;[0m                &amp#27;[90m# starter.stepdefinitions.CommentSteps.sendGetHttpRequestComment()&amp#27;[0m
14:49:40.635 [main] DEBUG net.thucydides.core.steps.StepInterceptor - STARTING STEP: CommentSteps.receiveValidHttp200Rating - I receive valid HTTP response code 200 comment
14:49:40.635 [main] DEBUG net.thucydides.core.steps.StepInterceptor - STEP DONE: I receive valid HTTP response code 200 comment
  &amp#27;[32mThen &amp#27;[0m&amp#27;[32mI receive valid HTTP response code 200 comment&amp#27;[0m &amp#27;[90m# starter.stepdefinitions.CommentSteps.receiveValidHttp200Rating()&amp#27;[0m
14:49:40.636 [main] INFO  - 
  _____   ___   ___   _____     ___     _     ___   ___   ___   ___  
 |_   _| | __| / __| |_   _|   | _ \   /_\   / __| / __| | __| |   \ 
   | |   | _|  \__ \   | |     |  _/  / _ \  \__ \ \__ \ | _|  | |) |
   |_|   |___| |___/   |_|     |_|   /_/ \_\ |___/ |___/ |___| |___/ 

GET - Get comment with correct endpoints
----------------------------------------------------------------------
]]></system-out>
  </testcase>
  <testcase name="Get comment with incorrect endpoints" classname="Comment" time="0.082">
    <system-out><![CDATA[
Scenario: Get comment with incorrect endpoints        &amp#27;[90m# src/test/resources/features/8. Comment.feature:17&amp#27;[0m
14:49:40.639 [main] DEBUG io.cucumber.core.plugin.SerenityReporter - Running feature from file:///E:/APIMinpro/API/minpro/src/test/resources/features/8.%20Comment.feature
14:49:40.640 [main] INFO  - 
  _____   ___   ___   _____     ___   _____     _     ___   _____   ___   ___  
 |_   _| | __| / __| |_   _|   / __| |_   _|   /_\   | _ \ |_   _| | __| |   \ 
   | |   | _|  \__ \   | |     \__ \   | |    / _ \  |   /   | |   | _|  | |) |
   |_|   |___| |___/   |_|     |___/   |_|   /_/ \_\ |_|_\   |_|   |___| |___/ 

Get comment with incorrect endpoints(comment;get-comment-with-incorrect-endpoints)
--------------------------------------------------------------------------------
14:49:40.644 [main] DEBUG net.thucydides.core.steps.StepInterceptor - STARTING STEP: CommentSteps.setGetApiEndpointComment2 - I set GET api endpoints comment2
14:49:40.645 [main] DEBUG net.thucydides.core.steps.StepInterceptor - STEP DONE: I set GET api endpoints comment2
  &amp#27;[32mGiven &amp#27;[0m&amp#27;[32mI set GET api endpoints comment2&amp#27;[0m              &amp#27;[90m# starter.stepdefinitions.CommentSteps.setGetApiEndpointComment2()&amp#27;[0m
14:49:40.646 [main] DEBUG net.thucydides.core.steps.StepInterceptor - STARTING STEP: CommentSteps.sendGetHttpRequestComment2 - I send GET HTTP request comment2
14:49:40.647 [main] DEBUG net.thucydides.core.steps.StepInterceptor - STARTING STEP: Comment.sendGetHttpRequestComment2 - I set GET api endpoints comment2
14:49:40.647 [main] DEBUG net.thucydides.core.steps.StepInterceptor - STEP DONE: I set GET api endpoints comment2
14:49:40.650 [main] DEBUG org.apache.http.impl.conn.BasicClientConnectionManager - Get connection for route {s}->https://altashop-api.fly.dev:443
14:49:40.650 [main] DEBUG org.apache.http.impl.conn.DefaultClientConnectionOperator - Connecting to altashop-api.fly.dev:443
14:49:40.693 [main] DEBUG org.apache.http.client.protocol.RequestAddCookies - CookieSpec selected: ignoreCookies
14:49:40.693 [main] DEBUG org.apache.http.client.protocol.RequestAuthCache - Auth cache not set in the context
14:49:40.693 [main] DEBUG org.apache.http.client.protocol.RequestTargetAuthentication - Target auth state: UNCHALLENGED
14:49:40.693 [main] DEBUG org.apache.http.client.protocol.RequestProxyAuthentication - Proxy auth state: UNCHALLENGED
14:49:40.693 [main] DEBUG org.apache.http.impl.client.DefaultHttpClient - Attempt 1 to execute request
14:49:40.693 [main] DEBUG org.apache.http.impl.conn.DefaultClientConnection - Sending request: GET /api/products/2/comment HTTP/1.1
14:49:40.693 [main] DEBUG org.apache.http.wire -  >> "GET /api/products/2/comment HTTP/1.1[\r][\n]"
14:49:40.693 [main] DEBUG org.apache.http.wire -  >> "Accept: */*[\r][\n]"
14:49:40.693 [main] DEBUG org.apache.http.wire -  >> "Host: altashop-api.fly.dev[\r][\n]"
14:49:40.693 [main] DEBUG org.apache.http.wire -  >> "Connection: Keep-Alive[\r][\n]"
14:49:40.693 [main] DEBUG org.apache.http.wire -  >> "User-Agent: Apache-HttpClient/4.5.13 (Java/11.0.15.1)[\r][\n]"
14:49:40.693 [main] DEBUG org.apache.http.wire -  >> "Accept-Encoding: gzip,deflate[\r][\n]"
14:49:40.693 [main] DEBUG org.apache.http.wire -  >> "[\r][\n]"
14:49:40.693 [main] DEBUG org.apache.http.headers - >> GET /api/products/2/comment HTTP/1.1
14:49:40.693 [main] DEBUG org.apache.http.headers - >> Accept: */*
14:49:40.693 [main] DEBUG org.apache.http.headers - >> Host: altashop-api.fly.dev
14:49:40.693 [main] DEBUG org.apache.http.headers - >> Connection: Keep-Alive
14:49:40.693 [main] DEBUG org.apache.http.headers - >> User-Agent: Apache-HttpClient/4.5.13 (Java/11.0.15.1)
14:49:40.693 [main] DEBUG org.apache.http.headers - >> Accept-Encoding: gzip,deflate
14:49:40.715 [main] DEBUG org.apache.http.wire -  << "HTTP/1.1 404 Not Found[\r][\n]"
14:49:40.715 [main] DEBUG org.apache.http.wire -  << "date: Mon, 08 May 2023 07:49:39 GMT[\r][\n]"
14:49:40.715 [main] DEBUG org.apache.http.wire -  << "content-encoding: gzip[\r][\n]"
14:49:40.715 [main] DEBUG org.apache.http.wire -  << "content-type: text/plain; charset=utf-8[\r][\n]"
14:49:40.715 [main] DEBUG org.apache.http.wire -  << "transfer-encoding: chunked[\r][\n]"
14:49:40.715 [main] DEBUG org.apache.http.wire -  << "server: Fly/3f2597ca (2023-05-03)[\r][\n]"
14:49:40.715 [main] DEBUG org.apache.http.wire -  << "via: 1.1 fly.io[\r][\n]"
14:49:40.715 [main] DEBUG org.apache.http.wire -  << "fly-request-id: 01GZX5CTF3X6TAT8BJFKK8H546-sin[\r][\n]"
14:49:40.715 [main] DEBUG org.apache.http.wire -  << "[\r][\n]"
14:49:40.715 [main] DEBUG org.apache.http.impl.conn.DefaultClientConnection - Receiving response: HTTP/1.1 404 Not Found
14:49:40.715 [main] DEBUG org.apache.http.headers - << HTTP/1.1 404 Not Found
14:49:40.715 [main] DEBUG org.apache.http.headers - << date: Mon, 08 May 2023 07:49:39 GMT
14:49:40.715 [main] DEBUG org.apache.http.headers - << content-encoding: gzip
14:49:40.715 [main] DEBUG org.apache.http.headers - << content-type: text/plain; charset=utf-8
14:49:40.715 [main] DEBUG org.apache.http.headers - << transfer-encoding: chunked
14:49:40.715 [main] DEBUG org.apache.http.headers - << server: Fly/3f2597ca (2023-05-03)
14:49:40.715 [main] DEBUG org.apache.http.headers - << via: 1.1 fly.io
14:49:40.715 [main] DEBUG org.apache.http.headers - << fly-request-id: 01GZX5CTF3X6TAT8BJFKK8H546-sin
14:49:40.715 [main] DEBUG org.apache.http.impl.client.DefaultHttpClient - Connection can be kept alive indefinitely
14:49:40.715 [main] DEBUG io.restassured.internal.RestAssuredHttpBuilder - Parsing response as: text/plain; charset=utf-8
14:49:40.715 [main] DEBUG org.apache.http.wire -  << "1E[\r][\n]"
14:49:40.715 [main] DEBUG org.apache.http.wire -  << "[0x1f][0x8b][0x8][0x0][0x0][0x0][0x0][0x0][0x4][0xff][0xcb][0xcb]/QH[0xcb]/[0xcd]K[0xe1][0x2][0x0][0xd4]I[0xfa]r[\n]"
14:49:40.715 [main] DEBUG org.apache.http.wire -  << "[0x0][0x0][0x0]"
14:49:40.715 [main] DEBUG org.apache.http.wire -  << "[\r][\n]"
14:49:40.716 [main] DEBUG org.apache.http.wire -  << "0[\r][\n]"
14:49:40.716 [main] DEBUG org.apache.http.wire -  << "[\r][\n]"
14:49:40.716 [main] DEBUG io.restassured.internal.RestAssuredHttpBuilder - Parsed data to instance of: class org.apache.http.conn.EofSensorInputStream
14:49:40.716 [main] DEBUG org.apache.http.impl.conn.BasicClientConnectionManager - Releasing connection org.apache.http.impl.conn.ManagedClientConnectionImpl@7be9e9fc
14:49:40.716 [main] DEBUG org.apache.http.impl.conn.BasicClientConnectionManager - Connection can be kept alive indefinitely
14:49:40.716 [main] DEBUG net.thucydides.core.steps.StepInterceptor - STEP DONE: I send GET HTTP request comment2
  &amp#27;[32mWhen &amp#27;[0m&amp#27;[32mI send GET HTTP request comment2&amp#27;[0m               &amp#27;[90m# starter.stepdefinitions.CommentSteps.sendGetHttpRequestComment2()&amp#27;[0m
14:49:40.717 [main] DEBUG net.thucydides.core.steps.StepInterceptor - STARTING STEP: CommentSteps.receiveValidHttp404Rating - Then I receive valid HTTP response code 404 comment
14:49:40.718 [main] DEBUG net.thucydides.core.steps.StepInterceptor - STEP DONE: Then I receive valid HTTP response code 404 comment
  &amp#27;[32mThen &amp#27;[0m&amp#27;[32mI receive valid HTTP response code 404 comment&amp#27;[0m &amp#27;[90m# starter.stepdefinitions.CommentSteps.receiveValidHttp404Rating()&amp#27;[0m
14:49:40.719 [main] INFO  - 
  _____   ___   ___   _____     ___     _     ___   ___   ___   ___  
 |_   _| | __| / __| |_   _|   | _ \   /_\   / __| / __| | __| |   \ 
   | |   | _|  \__ \   | |     |  _/  / _ \  \__ \ \__ \ | _|  | |) |
   |_|   |___| |___/   |_|     |_|   /_/ \_\ |___/ |___/ |___| |___/ 

Get comment with incorrect endpoints
----------------------------------------------------------------------
]]></system-out>
  </testcase>
</testsuite>