-------------------------------------------------------------------------------
Test set: starter.CucumberTestSuite
-------------------------------------------------------------------------------
Tests run: 2, Failures: 0, Errors: 2, Skipped: 0, Time elapsed: 0.343 s <<< FAILURE! - in starter.CucumberTestSuite
getData.Get - As admin I have be able to get detail user  Time elapsed: 0.048 s  <<< ERROR!
io.cucumber.core.runner.DuplicateStepDefinitionException: Duplicate step definitions in starter.stepDefinition.GetSteps.HTTPresponse200() and starter.stepDefinition.PostSteps.HTTPresponse201()

starter.CucumberTestSuite  Time elapsed: 0.343 s  <<< ERROR!
org.junit.runner.notification.StoppedByUserException

